#
# There is insufficient memory for the Java Runtime Environment to continue.
# Native memory allocation (malloc) failed to allocate 13487568 bytes. Error detail: Chunk::new
# Possible reasons:
#   The system is out of physical RAM or swap space
#   This process is running with CompressedOops enabled, and the Java Heap may be blocking the growth of the native heap
# Possible solutions:
#   Reduce memory load on the system
#   Increase physical memory or swap space
#   Check if swap backing store is full
#   Decrease Java heap size (-Xmx/-Xms)
#   Decrease number of Java threads
#   Decrease Java thread stack sizes (-Xss)
#   Set larger code cache with -XX:ReservedCodeCacheSize=
#   JVM is running with Zero Based Compressed Oops mode in which the Java heap is
#     placed in the first 32GB address space. The Java Heap base address is the
#     maximum limit for the native heap growth. Please use -XX:HeapBaseMinAddress
#     to set the Java Heap base and to place the Java Heap above 32GB virtual address.
# This output file may be truncated or incomplete.
#
#  Out of Memory Error (arena.cpp:162), pid=14960, tid=16368
#
# JRE version: OpenJDK Runtime Environment Zulu24.32+13-CA (24.0.2+12) (build 24.0.2+12)
# Java VM: OpenJDK 64-Bit Server VM Zulu24.32+13-CA (24.0.2+12, mixed mode, sharing, tiered, compressed oops, compressed class ptrs, g1 gc, windows-amd64)
# No core dump will be written. Minidumps are not enabled by default on client versions of Windows
#

---------------  S U M M A R Y ------------

Command Line: --enable-native-access=ALL-UNNAMED -Dclassworlds.conf=C:\Program Files\Apache NetBeans\java\maven\bin\m2.conf -Dmaven.home=C:\Program Files\Apache NetBeans\java\maven -Dlibrary.jansi.path=C:\Program Files\Apache NetBeans\java\maven\lib\jansi-native -Dmaven.multiModuleProjectDirectory=D:\SGU\2025-2026_HK2\University-admissions-management org.codehaus.plexus.classworlds.launcher.Launcher -Dexec.vmArgs= -Dexec.args=${exec.vmArgs} -classpath %classpath ${exec.mainClass} ${exec.appArgs} -Dexec.appArgs= -Dexec.mainClass=vn.edu.sgu.phanmemtuyensinh.PhanMemTuyenSinh -Dexec.executable=C:\Program Files\Apache NetBeans\jdk\bin\java.exe -Dmaven.ext.class.path=C:\Program Files\Apache NetBeans\java\maven-nblib\netbeans-eventspy.jar --no-transfer-progress process-classes org.codehaus.mojo:exec-maven-plugin:3.1.0:exec

Host: AMD Ryzen 5 5625U with Radeon Graphics         , 12 cores, 15G,  Windows 11 , 64 bit Build 26100 (10.0.26100.7920)
Time: Mon Apr 13 13:47:58 2026 SE Asia Standard Time elapsed time: 3.321450 seconds (0d 0h 0m 3s)

---------------  T H R E A D  ---------------

Current thread (0x0000021a7e00a3e0):  JavaThread "C2 CompilerThread0" daemon [_thread_in_native, id=16368, stack(0x000000876e300000,0x000000876e400000) (1024K)]


Current CompileTask:
C2:3321 4461   !   4       org.codehaus.plexus.interpolation.StringSearchInterpolator::interpolate (692 bytes)

Stack: [0x000000876e300000,0x000000876e400000]
Native frames: (J=compiled Java code, j=interpreted, Vv=VM code, C=native code)
V  [jvm.dll+0x741329]  (no source info available)
V  [jvm.dll+0x97e243]  (no source info available)
V  [jvm.dll+0x98056d]  (no source info available)
V  [jvm.dll+0x980be3]  (no source info available)
V  [jvm.dll+0x2b5a76]  (no source info available)
V  [jvm.dll+0xd00af]  (no source info available)
V  [jvm.dll+0xd030f]  (no source info available)
V  [jvm.dll+0x15b85f]  (no source info available)
V  [jvm.dll+0x746bef]  (no source info available)
V  [jvm.dll+0x27a478]  (no source info available)
V  [jvm.dll+0x279591]  (no source info available)
V  [jvm.dll+0x1f30fa]  (no source info available)
V  [jvm.dll+0x288d95]  (no source info available)
V  [jvm.dll+0x28702a]  (no source info available)
V  [jvm.dll+0x43e016]  (no source info available)
V  [jvm.dll+0x920c78]  (no source info available)
V  [jvm.dll+0x73fab5]  (no source info available)
C  [ucrtbase.dll+0x37b0]  (no source info available)
C  [KERNEL32.DLL+0x2e8d7]  (no source info available)
C  [ntdll.dll+0x8c48c]  (no source info available)

Lock stack of current Java thread (top to bottom):


---------------  P R O C E S S  ---------------

Threads class SMR info:
_java_thread_list=0x0000021a4697f060, length=14, elements={
0x0000021a5c2967c0, 0x0000021a7dfff1d0, 0x0000021a7dfff910, 0x0000021a7e002a40,
0x0000021a7e0037f0, 0x0000021a7e005330, 0x0000021a7e005f90, 0x0000021a7e00a3e0,
0x0000021a7e01f150, 0x0000021a45153610, 0x0000021a45157580, 0x0000021a7e021720,
0x0000021a7e01f8e0, 0x0000021a46d11800
}

Java Threads: ( => current thread )
  0x0000021a5c2967c0 JavaThread "main"                              [_thread_blocked, id=15996, stack(0x000000876d500000,0x000000876d600000) (1024K)]
  0x0000021a7dfff1d0 JavaThread "Reference Handler"          daemon [_thread_blocked, id=3500, stack(0x000000876dd00000,0x000000876de00000) (1024K)]
  0x0000021a7dfff910 JavaThread "Finalizer"                  daemon [_thread_blocked, id=5044, stack(0x000000876de00000,0x000000876df00000) (1024K)]
  0x0000021a7e002a40 JavaThread "Signal Dispatcher"          daemon [_thread_blocked, id=7336, stack(0x000000876df00000,0x000000876e000000) (1024K)]
  0x0000021a7e0037f0 JavaThread "Attach Listener"            daemon [_thread_blocked, id=2972, stack(0x000000876e000000,0x000000876e100000) (1024K)]
  0x0000021a7e005330 JavaThread "Service Thread"             daemon [_thread_blocked, id=14444, stack(0x000000876e100000,0x000000876e200000) (1024K)]
  0x0000021a7e005f90 JavaThread "Monitor Deflation Thread"   daemon [_thread_blocked, id=15872, stack(0x000000876e200000,0x000000876e300000) (1024K)]
=>0x0000021a7e00a3e0 JavaThread "C2 CompilerThread0"         daemon [_thread_in_native, id=16368, stack(0x000000876e300000,0x000000876e400000) (1024K)]
  0x0000021a7e01f150 JavaThread "C1 CompilerThread0"         daemon [_thread_blocked, id=10792, stack(0x000000876e400000,0x000000876e500000) (1024K)]
  0x0000021a45153610 JavaThread "Notification Thread"        daemon [_thread_blocked, id=7664, stack(0x000000876e500000,0x000000876e600000) (1024K)]
  0x0000021a45157580 JavaThread "Common-Cleaner"             daemon [_thread_blocked, id=1792, stack(0x000000876e600000,0x000000876e700000) (1024K)]
  0x0000021a7e021720 JavaThread "C2 CompilerThread1"         daemon [_thread_in_native, id=16352, stack(0x000000876e700000,0x000000876e800000) (1024K)]
  0x0000021a7e01f8e0 JavaThread "C2 CompilerThread2"         daemon [_thread_blocked, id=11736, stack(0x000000876ec00000,0x000000876ed00000) (1024K)]
  0x0000021a46d11800 JavaThread "Exec Input Stream Pumper"   daemon [_thread_blocked, id=4920, stack(0x000000876ef00000,0x000000876f000000) (1024K)]
Total: 14

Other Threads:
  0x0000021a7dfefcc0 VMThread "VM Thread"                           [id=6952, stack(0x000000876dc00000,0x000000876dd00000) (1024K)]
  0x0000021a7deb9a00 WatcherThread "VM Periodic Task Thread"        [id=6120, stack(0x000000876db00000,0x000000876dc00000) (1024K)]
  0x0000021a5e6c7440 WorkerThread "GC Thread#0"                     [id=11584, stack(0x000000876d600000,0x000000876d700000) (1024K)]
  0x0000021a45f54a70 WorkerThread "GC Thread#1"                     [id=9960, stack(0x000000876e800000,0x000000876e900000) (1024K)]
  0x0000021a45f54e20 WorkerThread "GC Thread#2"                     [id=15776, stack(0x000000876e900000,0x000000876ea00000) (1024K)]
  0x0000021a45f551d0 WorkerThread "GC Thread#3"                     [id=9372, stack(0x000000876ea00000,0x000000876eb00000) (1024K)]
  0x0000021a45f55580 WorkerThread "GC Thread#4"                     [id=9568, stack(0x000000876eb00000,0x000000876ec00000) (1024K)]
  0x0000021a5e6dc6e0 ConcurrentGCThread "G1 Main Marker"            [id=15796, stack(0x000000876d700000,0x000000876d800000) (1024K)]
  0x0000021a5e6dff00 WorkerThread "G1 Conc#0"                       [id=8044, stack(0x000000876d800000,0x000000876d900000) (1024K)]
  0x0000021a5e71eb00 ConcurrentGCThread "G1 Refine#0"               [id=16096, stack(0x000000876d900000,0x000000876da00000) (1024K)]
  0x0000021a7deac1d0 ConcurrentGCThread "G1 Service"                [id=6300, stack(0x000000876da00000,0x000000876db00000) (1024K)]
Total: 11

Threads with active compile tasks:
C2 CompilerThread0  3357 4461   !   4       org.codehaus.plexus.interpolation.StringSearchInterpolator::interpolate (692 bytes)
C2 CompilerThread1  3357 4420       4       java.lang.invoke.MethodType::makeImpl (155 bytes)
Total: 2

VM state: not at safepoint (normal execution)

VM Mutex/Monitor currently owned by a thread: None

Heap address: 0x000000070a400000, size: 3932 MB, Compressed Oops mode: Zero based, Oop shift amount: 3

CDS archive(s) mapped at: [0x0000021a00000000-0x0000021a00d40000-0x0000021a00d40000), size 13893632, SharedBaseAddress: 0x0000021a00000000, ArchiveRelocationMode: 1.
Compressed class space mapped at: 0x0000021a01000000-0x0000021a41000000, reserved size: 1073741824
UseCompressedClassPointers 1, UseCompactObjectHeaders 0
Narrow klass pointer bits 32, Max shift 3
Narrow klass base: 0x0000021a00000000, Narrow klass shift: 0
Encoding Range: [0x0000021a00000000 - 0x0000021b00000000), (4294967296 bytes)
Klass Range:    [0x0000021a00000000 - 0x0000021a41000000), (1090519040 bytes)
Klass ID Range:  [8 - 1090519033) (1090519025)

GC Precious Log:
 CardTable entry size: 512
 Card Set container configuration: InlinePtr #cards 4 size 8 Array Of Cards #cards 16 size 48 Howl #buckets 8 coarsen threshold 3686 Howl Bitmap #cards 512 size 80 coarsen threshold 460 Card regions per heap region 1 cards per card region 4096
 CPUs: 12 total, 12 available
 Memory: 15720M
 Large Page Support: Disabled
 NUMA Support: Disabled
 Compressed Oops: Enabled (Zero based)
 Heap Region Size: 2M
 Heap Min Capacity: 8M
 Heap Initial Capacity: 246M
 Heap Max Capacity: 3932M
 Pre-touch: Disabled
 Parallel Workers: 10
 Concurrent Workers: 3
 Concurrent Refinement Workers: 10
 Periodic GC: Disabled

Heap:
 garbage-first heap   total reserved 4026368K, committed 253952K, used 97904K [0x000000070a400000, 0x0000000800000000)
  region size 2048K, 49 young (100352K), 3 survivors (6144K)
 Metaspace       used 18124K, committed 18496K, reserved 1114112K
  class space    used 1755K, committed 1920K, reserved 1048576K

Heap Regions: E=young(eden), S=young(survivor), O=old, HS=humongous(starts), HC=humongous(continues), CS=collection set, F=free, TAMS=top-at-mark-start, PB=parsable bottom
|   0|0x000000070a400000, 0x000000070a400000, 0x000000070a600000|  0%| F|  |TAMS 0x000000070a400000| PB 0x000000070a400000| Untracked |  0
|   1|0x000000070a600000, 0x000000070a600000, 0x000000070a800000|  0%| F|  |TAMS 0x000000070a600000| PB 0x000000070a600000| Untracked |  0
|   2|0x000000070a800000, 0x000000070a800000, 0x000000070aa00000|  0%| F|  |TAMS 0x000000070a800000| PB 0x000000070a800000| Untracked |  0
|   3|0x000000070aa00000, 0x000000070aa00000, 0x000000070ac00000|  0%| F|  |TAMS 0x000000070aa00000| PB 0x000000070aa00000| Untracked |  0
|   4|0x000000070ac00000, 0x000000070ac00000, 0x000000070ae00000|  0%| F|  |TAMS 0x000000070ac00000| PB 0x000000070ac00000| Untracked |  0
|   5|0x000000070ae00000, 0x000000070ae00000, 0x000000070b000000|  0%| F|  |TAMS 0x000000070ae00000| PB 0x000000070ae00000| Untracked |  0
|   6|0x000000070b000000, 0x000000070b000000, 0x000000070b200000|  0%| F|  |TAMS 0x000000070b000000| PB 0x000000070b000000| Untracked |  0
|   7|0x000000070b200000, 0x000000070b200000, 0x000000070b400000|  0%| F|  |TAMS 0x000000070b200000| PB 0x000000070b200000| Untracked |  0
|   8|0x000000070b400000, 0x000000070b400000, 0x000000070b600000|  0%| F|  |TAMS 0x000000070b400000| PB 0x000000070b400000| Untracked |  0
|   9|0x000000070b600000, 0x000000070b600000, 0x000000070b800000|  0%| F|  |TAMS 0x000000070b600000| PB 0x000000070b600000| Untracked |  0
|  10|0x000000070b800000, 0x000000070b800000, 0x000000070ba00000|  0%| F|  |TAMS 0x000000070b800000| PB 0x000000070b800000| Untracked |  0
|  11|0x000000070ba00000, 0x000000070ba00000, 0x000000070bc00000|  0%| F|  |TAMS 0x000000070ba00000| PB 0x000000070ba00000| Untracked |  0
|  12|0x000000070bc00000, 0x000000070bc00000, 0x000000070be00000|  0%| F|  |TAMS 0x000000070bc00000| PB 0x000000070bc00000| Untracked |  0
|  13|0x000000070be00000, 0x000000070be00000, 0x000000070c000000|  0%| F|  |TAMS 0x000000070be00000| PB 0x000000070be00000| Untracked |  0
|  14|0x000000070c000000, 0x000000070c000000, 0x000000070c200000|  0%| F|  |TAMS 0x000000070c000000| PB 0x000000070c000000| Untracked |  0
|  15|0x000000070c200000, 0x000000070c200000, 0x000000070c400000|  0%| F|  |TAMS 0x000000070c200000| PB 0x000000070c200000| Untracked |  0
|  16|0x000000070c400000, 0x000000070c400000, 0x000000070c600000|  0%| F|  |TAMS 0x000000070c400000| PB 0x000000070c400000| Untracked |  0
|  17|0x000000070c600000, 0x000000070c600000, 0x000000070c800000|  0%| F|  |TAMS 0x000000070c600000| PB 0x000000070c600000| Untracked |  0
|  18|0x000000070c800000, 0x000000070c800000, 0x000000070ca00000|  0%| F|  |TAMS 0x000000070c800000| PB 0x000000070c800000| Untracked |  0
|  19|0x000000070ca00000, 0x000000070ca00000, 0x000000070cc00000|  0%| F|  |TAMS 0x000000070ca00000| PB 0x000000070ca00000| Untracked |  0
|  20|0x000000070cc00000, 0x000000070cc00000, 0x000000070ce00000|  0%| F|  |TAMS 0x000000070cc00000| PB 0x000000070cc00000| Untracked |  0
|  21|0x000000070ce00000, 0x000000070ce00000, 0x000000070d000000|  0%| F|  |TAMS 0x000000070ce00000| PB 0x000000070ce00000| Untracked |  0
|  22|0x000000070d000000, 0x000000070d000000, 0x000000070d200000|  0%| F|  |TAMS 0x000000070d000000| PB 0x000000070d000000| Untracked |  0
|  23|0x000000070d200000, 0x000000070d200000, 0x000000070d400000|  0%| F|  |TAMS 0x000000070d200000| PB 0x000000070d200000| Untracked |  0
|  24|0x000000070d400000, 0x000000070d400000, 0x000000070d600000|  0%| F|  |TAMS 0x000000070d400000| PB 0x000000070d400000| Untracked |  0
|  25|0x000000070d600000, 0x000000070d600000, 0x000000070d800000|  0%| F|  |TAMS 0x000000070d600000| PB 0x000000070d600000| Untracked |  0
|  26|0x000000070d800000, 0x000000070d800000, 0x000000070da00000|  0%| F|  |TAMS 0x000000070d800000| PB 0x000000070d800000| Untracked |  0
|  27|0x000000070da00000, 0x000000070da00000, 0x000000070dc00000|  0%| F|  |TAMS 0x000000070da00000| PB 0x000000070da00000| Untracked |  0
|  28|0x000000070dc00000, 0x000000070dc00000, 0x000000070de00000|  0%| F|  |TAMS 0x000000070dc00000| PB 0x000000070dc00000| Untracked |  0
|  29|0x000000070de00000, 0x000000070de00000, 0x000000070e000000|  0%| F|  |TAMS 0x000000070de00000| PB 0x000000070de00000| Untracked |  0
|  30|0x000000070e000000, 0x000000070e000000, 0x000000070e200000|  0%| F|  |TAMS 0x000000070e000000| PB 0x000000070e000000| Untracked |  0
|  31|0x000000070e200000, 0x000000070e200000, 0x000000070e400000|  0%| F|  |TAMS 0x000000070e200000| PB 0x000000070e200000| Untracked |  0
|  32|0x000000070e400000, 0x000000070e400000, 0x000000070e600000|  0%| F|  |TAMS 0x000000070e400000| PB 0x000000070e400000| Untracked |  0
|  33|0x000000070e600000, 0x000000070e600000, 0x000000070e800000|  0%| F|  |TAMS 0x000000070e600000| PB 0x000000070e600000| Untracked |  0
|  34|0x000000070e800000, 0x000000070e800000, 0x000000070ea00000|  0%| F|  |TAMS 0x000000070e800000| PB 0x000000070e800000| Untracked |  0
|  35|0x000000070ea00000, 0x000000070ea00000, 0x000000070ec00000|  0%| F|  |TAMS 0x000000070ea00000| PB 0x000000070ea00000| Untracked |  0
|  36|0x000000070ec00000, 0x000000070ec00000, 0x000000070ee00000|  0%| F|  |TAMS 0x000000070ec00000| PB 0x000000070ec00000| Untracked |  0
|  37|0x000000070ee00000, 0x000000070ee00000, 0x000000070f000000|  0%| F|  |TAMS 0x000000070ee00000| PB 0x000000070ee00000| Untracked |  0
|  38|0x000000070f000000, 0x000000070f000000, 0x000000070f200000|  0%| F|  |TAMS 0x000000070f000000| PB 0x000000070f000000| Untracked |  0
|  39|0x000000070f200000, 0x000000070f200000, 0x000000070f400000|  0%| F|  |TAMS 0x000000070f200000| PB 0x000000070f200000| Untracked |  0
|  40|0x000000070f400000, 0x000000070f400000, 0x000000070f600000|  0%| F|  |TAMS 0x000000070f400000| PB 0x000000070f400000| Untracked |  0
|  41|0x000000070f600000, 0x000000070f600000, 0x000000070f800000|  0%| F|  |TAMS 0x000000070f600000| PB 0x000000070f600000| Untracked |  0
|  42|0x000000070f800000, 0x000000070f800000, 0x000000070fa00000|  0%| F|  |TAMS 0x000000070f800000| PB 0x000000070f800000| Untracked |  0
|  43|0x000000070fa00000, 0x000000070fa00000, 0x000000070fc00000|  0%| F|  |TAMS 0x000000070fa00000| PB 0x000000070fa00000| Untracked |  0
|  44|0x000000070fc00000, 0x000000070fc00000, 0x000000070fe00000|  0%| F|  |TAMS 0x000000070fc00000| PB 0x000000070fc00000| Untracked |  0
|  45|0x000000070fe00000, 0x000000070fe00000, 0x0000000710000000|  0%| F|  |TAMS 0x000000070fe00000| PB 0x000000070fe00000| Untracked |  0
|  46|0x0000000710000000, 0x0000000710000000, 0x0000000710200000|  0%| F|  |TAMS 0x0000000710000000| PB 0x0000000710000000| Untracked |  0
|  47|0x0000000710200000, 0x0000000710200000, 0x0000000710400000|  0%| F|  |TAMS 0x0000000710200000| PB 0x0000000710200000| Untracked |  0
|  48|0x0000000710400000, 0x0000000710400000, 0x0000000710600000|  0%| F|  |TAMS 0x0000000710400000| PB 0x0000000710400000| Untracked |  0
|  49|0x0000000710600000, 0x0000000710600000, 0x0000000710800000|  0%| F|  |TAMS 0x0000000710600000| PB 0x0000000710600000| Untracked |  0
|  50|0x0000000710800000, 0x0000000710800000, 0x0000000710a00000|  0%| F|  |TAMS 0x0000000710800000| PB 0x0000000710800000| Untracked |  0
|  51|0x0000000710a00000, 0x0000000710a00000, 0x0000000710c00000|  0%| F|  |TAMS 0x0000000710a00000| PB 0x0000000710a00000| Untracked |  0
|  52|0x0000000710c00000, 0x0000000710c00000, 0x0000000710e00000|  0%| F|  |TAMS 0x0000000710c00000| PB 0x0000000710c00000| Untracked |  0
|  53|0x0000000710e00000, 0x0000000710e00000, 0x0000000711000000|  0%| F|  |TAMS 0x0000000710e00000| PB 0x0000000710e00000| Untracked |  0
|  54|0x0000000711000000, 0x0000000711000000, 0x0000000711200000|  0%| F|  |TAMS 0x0000000711000000| PB 0x0000000711000000| Untracked |  0
|  55|0x0000000711200000, 0x0000000711200000, 0x0000000711400000|  0%| F|  |TAMS 0x0000000711200000| PB 0x0000000711200000| Untracked |  0
|  56|0x0000000711400000, 0x0000000711400000, 0x0000000711600000|  0%| F|  |TAMS 0x0000000711400000| PB 0x0000000711400000| Untracked |  0
|  57|0x0000000711600000, 0x0000000711600000, 0x0000000711800000|  0%| F|  |TAMS 0x0000000711600000| PB 0x0000000711600000| Untracked |  0
|  58|0x0000000711800000, 0x0000000711800000, 0x0000000711a00000|  0%| F|  |TAMS 0x0000000711800000| PB 0x0000000711800000| Untracked |  0
|  59|0x0000000711a00000, 0x0000000711a00000, 0x0000000711c00000|  0%| F|  |TAMS 0x0000000711a00000| PB 0x0000000711a00000| Untracked |  0
|  60|0x0000000711c00000, 0x0000000711c00000, 0x0000000711e00000|  0%| F|  |TAMS 0x0000000711c00000| PB 0x0000000711c00000| Untracked |  0
|  61|0x0000000711e00000, 0x0000000711e00000, 0x0000000712000000|  0%| F|  |TAMS 0x0000000711e00000| PB 0x0000000711e00000| Untracked |  0
|  62|0x0000000712000000, 0x0000000712000000, 0x0000000712200000|  0%| F|  |TAMS 0x0000000712000000| PB 0x0000000712000000| Untracked |  0
|  63|0x0000000712200000, 0x0000000712200000, 0x0000000712400000|  0%| F|  |TAMS 0x0000000712200000| PB 0x0000000712200000| Untracked |  0
|  64|0x0000000712400000, 0x0000000712400000, 0x0000000712600000|  0%| F|  |TAMS 0x0000000712400000| PB 0x0000000712400000| Untracked |  0
|  65|0x0000000712600000, 0x0000000712600000, 0x0000000712800000|  0%| F|  |TAMS 0x0000000712600000| PB 0x0000000712600000| Untracked |  0
|  66|0x0000000712800000, 0x0000000712800000, 0x0000000712a00000|  0%| F|  |TAMS 0x0000000712800000| PB 0x0000000712800000| Untracked |  0
|  67|0x0000000712a00000, 0x0000000712a00000, 0x0000000712c00000|  0%| F|  |TAMS 0x0000000712a00000| PB 0x0000000712a00000| Untracked |  0
|  68|0x0000000712c00000, 0x0000000712c00000, 0x0000000712e00000|  0%| F|  |TAMS 0x0000000712c00000| PB 0x0000000712c00000| Untracked |  0
|  69|0x0000000712e00000, 0x0000000712e00000, 0x0000000713000000|  0%| F|  |TAMS 0x0000000712e00000| PB 0x0000000712e00000| Untracked |  0
|  70|0x0000000713000000, 0x0000000713000000, 0x0000000713200000|  0%| F|  |TAMS 0x0000000713000000| PB 0x0000000713000000| Untracked |  0
|  71|0x0000000713200000, 0x0000000713200000, 0x0000000713400000|  0%| F|  |TAMS 0x0000000713200000| PB 0x0000000713200000| Untracked |  0
|  72|0x0000000713400000, 0x0000000713400000, 0x0000000713600000|  0%| F|  |TAMS 0x0000000713400000| PB 0x0000000713400000| Untracked |  0
|  73|0x0000000713600000, 0x0000000713600000, 0x0000000713800000|  0%| F|  |TAMS 0x0000000713600000| PB 0x0000000713600000| Untracked |  0
|  74|0x0000000713800000, 0x000000071396a180, 0x0000000713a00000| 70%| E|  |TAMS 0x0000000713800000| PB 0x0000000713800000| Complete |  0
|  75|0x0000000713a00000, 0x0000000713c00000, 0x0000000713c00000|100%| E|CS|TAMS 0x0000000713a00000| PB 0x0000000713a00000| Complete |  0
|  76|0x0000000713c00000, 0x0000000713e00000, 0x0000000713e00000|100%| E|CS|TAMS 0x0000000713c00000| PB 0x0000000713c00000| Complete |  0
|  77|0x0000000713e00000, 0x0000000714000000, 0x0000000714000000|100%| E|CS|TAMS 0x0000000713e00000| PB 0x0000000713e00000| Complete |  0
|  78|0x0000000714000000, 0x0000000714200000, 0x0000000714200000|100%| E|CS|TAMS 0x0000000714000000| PB 0x0000000714000000| Complete |  0
|  79|0x0000000714200000, 0x0000000714400000, 0x0000000714400000|100%| E|CS|TAMS 0x0000000714200000| PB 0x0000000714200000| Complete |  0
|  80|0x0000000714400000, 0x0000000714600000, 0x0000000714600000|100%| E|CS|TAMS 0x0000000714400000| PB 0x0000000714400000| Complete |  0
|  81|0x0000000714600000, 0x0000000714800000, 0x0000000714800000|100%| E|CS|TAMS 0x0000000714600000| PB 0x0000000714600000| Complete |  0
|  82|0x0000000714800000, 0x0000000714a00000, 0x0000000714a00000|100%| E|CS|TAMS 0x0000000714800000| PB 0x0000000714800000| Complete |  0
|  83|0x0000000714a00000, 0x0000000714c00000, 0x0000000714c00000|100%| E|CS|TAMS 0x0000000714a00000| PB 0x0000000714a00000| Complete |  0
|  84|0x0000000714c00000, 0x0000000714e00000, 0x0000000714e00000|100%| E|CS|TAMS 0x0000000714c00000| PB 0x0000000714c00000| Complete |  0
|  85|0x0000000714e00000, 0x0000000715000000, 0x0000000715000000|100%| E|CS|TAMS 0x0000000714e00000| PB 0x0000000714e00000| Complete |  0
|  86|0x0000000715000000, 0x0000000715200000, 0x0000000715200000|100%| E|CS|TAMS 0x0000000715000000| PB 0x0000000715000000| Complete |  0
|  87|0x0000000715200000, 0x0000000715400000, 0x0000000715400000|100%| E|CS|TAMS 0x0000000715200000| PB 0x0000000715200000| Complete |  0
|  88|0x0000000715400000, 0x0000000715600000, 0x0000000715600000|100%| E|CS|TAMS 0x0000000715400000| PB 0x0000000715400000| Complete |  0
|  89|0x0000000715600000, 0x0000000715800000, 0x0000000715800000|100%| E|CS|TAMS 0x0000000715600000| PB 0x0000000715600000| Complete |  0
|  90|0x0000000715800000, 0x0000000715a00000, 0x0000000715a00000|100%| E|CS|TAMS 0x0000000715800000| PB 0x0000000715800000| Complete |  0
|  91|0x0000000715a00000, 0x0000000715c00000, 0x0000000715c00000|100%| E|CS|TAMS 0x0000000715a00000| PB 0x0000000715a00000| Complete |  0
|  92|0x0000000715c00000, 0x0000000715e00000, 0x0000000715e00000|100%| E|CS|TAMS 0x0000000715c00000| PB 0x0000000715c00000| Complete |  0
|  93|0x0000000715e00000, 0x0000000716000000, 0x0000000716000000|100%| E|CS|TAMS 0x0000000715e00000| PB 0x0000000715e00000| Complete |  0
|  94|0x0000000716000000, 0x0000000716200000, 0x0000000716200000|100%| E|CS|TAMS 0x0000000716000000| PB 0x0000000716000000| Complete |  0
|  95|0x0000000716200000, 0x0000000716400000, 0x0000000716400000|100%| E|CS|TAMS 0x0000000716200000| PB 0x0000000716200000| Complete |  0
|  96|0x0000000716400000, 0x0000000716480000, 0x0000000716600000| 25%| S|CS|TAMS 0x0000000716400000| PB 0x0000000716400000| Complete |  0
|  97|0x0000000716600000, 0x0000000716800000, 0x0000000716800000|100%| S|CS|TAMS 0x0000000716600000| PB 0x0000000716600000| Complete |  0
|  98|0x0000000716800000, 0x0000000716a00000, 0x0000000716a00000|100%| S|CS|TAMS 0x0000000716800000| PB 0x0000000716800000| Complete |  0
|  99|0x0000000716a00000, 0x0000000716c00000, 0x0000000716c00000|100%| E|CS|TAMS 0x0000000716a00000| PB 0x0000000716a00000| Complete |  0
| 100|0x0000000716c00000, 0x0000000716e00000, 0x0000000716e00000|100%| E|CS|TAMS 0x0000000716c00000| PB 0x0000000716c00000| Complete |  0
| 101|0x0000000716e00000, 0x0000000717000000, 0x0000000717000000|100%| E|CS|TAMS 0x0000000716e00000| PB 0x0000000716e00000| Complete |  0
| 102|0x0000000717000000, 0x0000000717200000, 0x0000000717200000|100%| E|CS|TAMS 0x0000000717000000| PB 0x0000000717000000| Complete |  0
| 103|0x0000000717200000, 0x0000000717400000, 0x0000000717400000|100%| E|CS|TAMS 0x0000000717200000| PB 0x0000000717200000| Complete |  0
| 104|0x0000000717400000, 0x0000000717600000, 0x0000000717600000|100%| E|CS|TAMS 0x0000000717400000| PB 0x0000000717400000| Complete |  0
| 105|0x0000000717600000, 0x0000000717800000, 0x0000000717800000|100%| E|CS|TAMS 0x0000000717600000| PB 0x0000000717600000| Complete |  0
| 106|0x0000000717800000, 0x0000000717a00000, 0x0000000717a00000|100%| E|CS|TAMS 0x0000000717800000| PB 0x0000000717800000| Complete |  0
| 107|0x0000000717a00000, 0x0000000717c00000, 0x0000000717c00000|100%| E|CS|TAMS 0x0000000717a00000| PB 0x0000000717a00000| Complete |  0
| 108|0x0000000717c00000, 0x0000000717e00000, 0x0000000717e00000|100%| E|CS|TAMS 0x0000000717c00000| PB 0x0000000717c00000| Complete |  0
| 109|0x0000000717e00000, 0x0000000718000000, 0x0000000718000000|100%| E|CS|TAMS 0x0000000717e00000| PB 0x0000000717e00000| Complete |  0
| 110|0x0000000718000000, 0x0000000718200000, 0x0000000718200000|100%| E|CS|TAMS 0x0000000718000000| PB 0x0000000718000000| Complete |  0
| 111|0x0000000718200000, 0x0000000718400000, 0x0000000718400000|100%| E|CS|TAMS 0x0000000718200000| PB 0x0000000718200000| Complete |  0
| 112|0x0000000718400000, 0x0000000718600000, 0x0000000718600000|100%| E|CS|TAMS 0x0000000718400000| PB 0x0000000718400000| Complete |  0
| 113|0x0000000718600000, 0x0000000718800000, 0x0000000718800000|100%| E|CS|TAMS 0x0000000718600000| PB 0x0000000718600000| Complete |  0
| 114|0x0000000718800000, 0x0000000718a00000, 0x0000000718a00000|100%| E|CS|TAMS 0x0000000718800000| PB 0x0000000718800000| Complete |  0
| 115|0x0000000718a00000, 0x0000000718c00000, 0x0000000718c00000|100%| E|CS|TAMS 0x0000000718a00000| PB 0x0000000718a00000| Complete |  0
| 116|0x0000000718c00000, 0x0000000718e00000, 0x0000000718e00000|100%| E|CS|TAMS 0x0000000718c00000| PB 0x0000000718c00000| Complete |  0
| 117|0x0000000718e00000, 0x0000000719000000, 0x0000000719000000|100%| E|CS|TAMS 0x0000000718e00000| PB 0x0000000718e00000| Complete |  0
| 118|0x0000000719000000, 0x0000000719200000, 0x0000000719200000|100%| E|CS|TAMS 0x0000000719000000| PB 0x0000000719000000| Complete |  0
| 119|0x0000000719200000, 0x0000000719400000, 0x0000000719400000|100%| E|CS|TAMS 0x0000000719200000| PB 0x0000000719200000| Complete |  0
| 120|0x0000000719400000, 0x0000000719600000, 0x0000000719600000|100%| E|CS|TAMS 0x0000000719400000| PB 0x0000000719400000| Complete |  0
| 121|0x0000000719600000, 0x0000000719800000, 0x0000000719800000|100%| E|CS|TAMS 0x0000000719600000| PB 0x0000000719600000| Complete |  0
| 122|0x0000000719800000, 0x0000000719a00000, 0x0000000719a00000|100%| E|CS|TAMS 0x0000000719800000| PB 0x0000000719800000| Complete |  0
|1965|0x00000007ffe00000, 0x00000007fff1c318, 0x0000000800000000| 55%| O|  |TAMS 0x00000007ffe00000| PB 0x00000007ffe00000| Untracked |  0

Card table byte_map: [0x0000021a76e70000,0x0000021a77620000] _byte_map_base: 0x0000021a7361e000

Marking Bits: (CMBitMap*) 0x0000021a5e6c7a60
 Bits: [0x0000021a77620000, 0x0000021a7b390000)

Polling page: 0x0000021a5c500000

Metaspace:

Usage:
  Non-class:     15.99 MB used.
      Class:      1.71 MB used.
       Both:     17.70 MB used.

Virtual space:
  Non-class space:       64.00 MB reserved,      16.19 MB ( 25%) committed,  1 nodes.
      Class space:        1.00 GB reserved,       1.88 MB ( <1%) committed,  1 nodes.
             Both:        1.06 GB reserved,      18.06 MB (  2%) committed. 

Chunk freelists:
   Non-Class:  15.27 MB
       Class:  14.14 MB
        Both:  29.42 MB

MaxMetaspaceSize: unlimited
CompressedClassSpaceSize: 1.00 GB
Initial GC threshold: 21.00 MB
Current GC threshold: 21.00 MB
CDS: on
 - commit_granule_bytes: 65536.
 - commit_granule_words: 8192.
 - virtual_space_node_default_size: 8388608.
 - enlarge_chunks_in_place: 1.
UseCompressedClassPointers 1, UseCompactObjectHeaders 0
Narrow klass pointer bits 32, Max shift 3
Narrow klass base: 0x0000021a00000000, Narrow klass shift: 0
Encoding Range: [0x0000021a00000000 - 0x0000021b00000000), (4294967296 bytes)
Klass Range:    [0x0000021a00000000 - 0x0000021a41000000), (1090519040 bytes)
Klass ID Range:  [8 - 1090519033) (1090519025)


Internal statistics:

num_allocs_failed_limit: 0.
num_arena_births: 202.
num_arena_deaths: 0.
num_vsnodes_births: 2.
num_vsnodes_deaths: 0.
num_space_committed: 289.
num_space_uncommitted: 0.
num_chunks_returned_to_freelist: 0.
num_chunks_taken_from_freelist: 828.
num_chunk_merges: 0.
num_chunk_splits: 564.
num_chunks_enlarged: 440.
num_inconsistent_stats: 0.

CodeHeap 'non-profiled nmethods': size=120064Kb used=1759Kb max_used=1759Kb free=118304Kb
 bounds [0x0000021a6ec20000, 0x0000021a6ee90000, 0x0000021a76160000]
CodeHeap 'profiled nmethods': size=120000Kb used=7844Kb max_used=7844Kb free=112155Kb
 bounds [0x0000021a67160000, 0x0000021a67910000, 0x0000021a6e690000]
CodeHeap 'non-nmethods': size=5696Kb used=1419Kb max_used=1419Kb free=4276Kb
 bounds [0x0000021a6e690000, 0x0000021a6e900000, 0x0000021a6ec20000]
CodeCache: size=245760Kb, used=11022Kb, max_used=11022Kb, free=234735Kb
 total_blobs=5088, nmethods=4562, adapters=428, full_count=0
Compilation: enabled, stopped_count=0, restarted_count=0

Compilation events (20 events):
Event: 2.177 Thread 0x0000021a7e01f150 nmethod 4560 0x0000021a67907188 code [0x0000021a679072c0, 0x0000021a679075c8]
Event: 2.177 Thread 0x0000021a7e01f150 4561       3       java.lang.Character::isSpaceChar (19 bytes)
Event: 2.177 Thread 0x0000021a7e01f150 nmethod 4561 0x0000021a67907608 code [0x0000021a67907740, 0x0000021a679079e8]
Event: 2.177 Thread 0x0000021a7e01f150 4557       3       java.lang.ProcessEnvironment$EntryComparator::compare (13 bytes)
Event: 2.177 Thread 0x0000021a7e01f150 nmethod 4557 0x0000021a67907a08 code [0x0000021a67907b80, 0x0000021a67908358]
Event: 2.177 Thread 0x0000021a7e01f150 4558       3       java.lang.ProcessEnvironment$EntryComparator::compare (25 bytes)
Event: 2.178 Thread 0x0000021a7e01f150 nmethod 4558 0x0000021a67908388 code [0x0000021a679084e0, 0x0000021a679089f8]
Event: 2.178 Thread 0x0000021a7e01f150 4553       3       java.lang.ProcessEnvironment$CheckedEntrySet$1::next (5 bytes)
Event: 2.178 Thread 0x0000021a7e01f150 nmethod 4553 0x0000021a67908a88 code [0x0000021a67908be0, 0x0000021a679090a0]
Event: 2.183 Thread 0x0000021a7e01f8e0 nmethod 4541 0x0000021a6edd3388 code [0x0000021a6edd3520, 0x0000021a6edd3e10]
Event: 2.183 Thread 0x0000021a7e01f8e0 4484       4       org.eclipse.sisu.inject.LocatedBeans$Itr::hasNext (169 bytes)
Event: 2.207 Thread 0x0000021a7e01f8e0 nmethod 4484 0x0000021a6edd3e88 code [0x0000021a6edd4200, 0x0000021a6edd6270]
Event: 2.207 Thread 0x0000021a7e01f8e0 4485       4       java.util.Properties$LineReader::readLine (584 bytes)
Event: 2.215 Thread 0x0000021a7e01f8e0 nmethod 4485 0x0000021a6edd6308 code [0x0000021a6edd6480, 0x0000021a6edd6d48]
Event: 2.215 Thread 0x0000021a7e01f8e0 4559       4       java.lang.Character::isWhitespace (5 bytes)
Event: 2.216 Thread 0x0000021a7e01f8e0 nmethod 4559 0x0000021a6edd6d88 code [0x0000021a6edd6ea0, 0x0000021a6edd6fc0]
Event: 2.216 Thread 0x0000021a7e01f8e0 4503       4       org.codehaus.plexus.interpolation.MapBasedValueSource::getValue (22 bytes)
Event: 2.221 Thread 0x0000021a7e01f8e0 nmethod 4503 0x0000021a6edd7088 code [0x0000021a6edd7200, 0x0000021a6edd7990]
Event: 2.221 Thread 0x0000021a7e01f8e0 4514       4       jdk.internal.ref.CleanerFactory::cleaner (4 bytes)
Event: 2.221 Thread 0x0000021a7e01f8e0 nmethod 4514 0x0000021a6edd7a88 code [0x0000021a6edd7b80, 0x0000021a6edd7bf0]

GC Heap History (2 events):
Event: 0.876 GC heap before
{Heap before GC invocations=0 (full 0):
 garbage-first heap   total reserved 4026368K, committed 253952K, used 50288K [0x000000070a400000, 0x0000000800000000)
  region size 2048K, 24 young (49152K), 0 survivors (0K)
 Metaspace       used 9426K, committed 9664K, reserved 1114112K
  class space    used 850K, committed 960K, reserved 1048576K
}
Event: 0.879 GC heap after
{Heap after GC invocations=1 (full 0):
 garbage-first heap   total reserved 4026368K, committed 253952K, used 5744K [0x000000070a400000, 0x0000000800000000)
  region size 2048K, 3 young (6144K), 3 survivors (6144K)
 Metaspace       used 9426K, committed 9664K, reserved 1114112K
  class space    used 850K, committed 960K, reserved 1048576K
}

Dll operation events (8 events):
Event: 0.007 Loaded shared library C:\Program Files\Apache NetBeans\jdk\bin\java.dll
Event: 0.025 Loaded shared library C:\Program Files\Apache NetBeans\jdk\bin\jsvml.dll
Event: 0.033 Loaded shared library C:\Program Files\Apache NetBeans\jdk\bin\net.dll
Event: 0.035 Loaded shared library C:\Program Files\Apache NetBeans\jdk\bin\nio.dll
Event: 0.038 Loaded shared library C:\Program Files\Apache NetBeans\jdk\bin\zip.dll
Event: 0.170 Loaded shared library C:\Program Files\Apache NetBeans\jdk\bin\jimage.dll
Event: 0.170 Loaded shared library C:\Program Files\Apache NetBeans\java\maven\lib\jansi-native\Windows\x86_64\jansi.dll
Event: 0.178 Loaded shared library C:\Program Files\Apache NetBeans\jdk\bin\verify.dll

Deoptimization events (20 events):
Event: 2.175 Thread 0x0000021a5c2967c0 Uncommon trap: trap_request=0xffffffc6 fr.pc=0x0000021a6ed63fd4 relative=0x0000000000000434
Event: 2.175 Thread 0x0000021a5c2967c0 Uncommon trap: reason=bimorphic_or_optimized_type_check action=maybe_recompile pc=0x0000021a6ed63fd4 method=java.util.HashMap.putVal(ILjava/lang/Object;Ljava/lang/Object;ZZ)Ljava/lang/Object; @ 253 c2
Event: 2.175 Thread 0x0000021a5c2967c0 DEOPT PACKING pc=0x0000021a6ed63fd4 sp=0x000000876d5fdca0
Event: 2.175 Thread 0x0000021a5c2967c0 DEOPT UNPACKING pc=0x0000021a6e7a6382 sp=0x000000876d5fdba8 mode 2
Event: 2.175 Thread 0x0000021a5c2967c0 Uncommon trap: trap_request=0xffffffc6 fr.pc=0x0000021a6ed63fd4 relative=0x0000000000000434
Event: 2.175 Thread 0x0000021a5c2967c0 Uncommon trap: reason=bimorphic_or_optimized_type_check action=maybe_recompile pc=0x0000021a6ed63fd4 method=java.util.HashMap.putVal(ILjava/lang/Object;Ljava/lang/Object;ZZ)Ljava/lang/Object; @ 253 c2
Event: 2.175 Thread 0x0000021a5c2967c0 DEOPT PACKING pc=0x0000021a6ed63fd4 sp=0x000000876d5fdca0
Event: 2.175 Thread 0x0000021a5c2967c0 DEOPT UNPACKING pc=0x0000021a6e7a6382 sp=0x000000876d5fdba8 mode 2
Event: 2.175 Thread 0x0000021a5c2967c0 Uncommon trap: trap_request=0xffffffc6 fr.pc=0x0000021a6ed4ea7c relative=0x00000000000003dc
Event: 2.175 Thread 0x0000021a5c2967c0 Uncommon trap: reason=bimorphic_or_optimized_type_check action=maybe_recompile pc=0x0000021a6ed4ea7c method=java.util.HashMap.putVal(ILjava/lang/Object;Ljava/lang/Object;ZZ)Ljava/lang/Object; @ 253 c2
Event: 2.175 Thread 0x0000021a5c2967c0 DEOPT PACKING pc=0x0000021a6ed4ea7c sp=0x000000876d5fdc10
Event: 2.175 Thread 0x0000021a5c2967c0 DEOPT UNPACKING pc=0x0000021a6e7a6382 sp=0x000000876d5fdbb0 mode 2
Event: 2.175 Thread 0x0000021a5c2967c0 Uncommon trap: trap_request=0xffffffbe fr.pc=0x0000021a6ecf404c relative=0x0000000000000f2c
Event: 2.175 Thread 0x0000021a5c2967c0 Uncommon trap: reason=profile_predicate action=maybe_recompile pc=0x0000021a6ecf404c method=java.util.TimSort.binarySort([Ljava/lang/Object;IIILjava/util/Comparator;)V @ 34 c2
Event: 2.175 Thread 0x0000021a5c2967c0 DEOPT PACKING pc=0x0000021a6ecf404c sp=0x000000876d5fd820
Event: 2.175 Thread 0x0000021a5c2967c0 DEOPT UNPACKING pc=0x0000021a6e7a6382 sp=0x000000876d5fd7e0 mode 2
Event: 2.175 Thread 0x0000021a5c2967c0 Uncommon trap: trap_request=0xffffffbe fr.pc=0x0000021a6ecf404c relative=0x0000000000000f2c
Event: 2.175 Thread 0x0000021a5c2967c0 Uncommon trap: reason=profile_predicate action=maybe_recompile pc=0x0000021a6ecf404c method=java.util.TimSort.binarySort([Ljava/lang/Object;IIILjava/util/Comparator;)V @ 34 c2
Event: 2.175 Thread 0x0000021a5c2967c0 DEOPT PACKING pc=0x0000021a6ecf404c sp=0x000000876d5fd820
Event: 2.175 Thread 0x0000021a5c2967c0 DEOPT UNPACKING pc=0x0000021a6e7a6382 sp=0x000000876d5fd7e0 mode 2

Classes loaded (20 events):
Event: 2.185 Loading class jdk/internal/logger/LazyLoggers
Event: 2.185 Loading class jdk/internal/logger/LazyLoggers done
Event: 2.185 Loading class jdk/internal/logger/LazyLoggers$1
Event: 2.186 Loading class jdk/internal/logger/LazyLoggers$1 done
Event: 2.186 Loading class jdk/internal/logger/LazyLoggers$LazyLoggerFactories
Event: 2.186 Loading class jdk/internal/logger/LazyLoggers$LazyLoggerFactories done
Event: 2.186 Loading class jdk/internal/logger/LoggerFinderLoader
Event: 2.186 Loading class jdk/internal/logger/LoggerFinderLoader done
Event: 2.186 Loading class jdk/internal/logger/LoggerFinderLoader$TemporaryLoggerFinder
Event: 2.186 Loading class jdk/internal/logger/LoggerFinderLoader$TemporaryLoggerFinder done
Event: 2.186 Loading class sun/util/logging/internal/LoggingProviderImpl$JULWrapper
Event: 2.186 Loading class sun/util/logging/PlatformLogger$ConfigurableBridge$LoggerConfiguration
Event: 2.186 Loading class sun/util/logging/PlatformLogger$ConfigurableBridge$LoggerConfiguration done
Event: 2.186 Loading class sun/util/logging/internal/LoggingProviderImpl$JULWrapper done
Event: 2.187 Loading class java/lang/System$Logger$Level
Event: 2.187 Loading class java/lang/System$Logger$Level done
Event: 2.187 Loading class java/io/PipedOutputStream
Event: 2.187 Loading class java/io/PipedOutputStream done
Event: 2.188 Loading class jdk/internal/event/ThreadSleepEvent
Event: 2.188 Loading class jdk/internal/event/ThreadSleepEvent done

Classes unloaded (0 events):
No events

Classes redefined (0 events):
No events

Internal exceptions (20 events):
Event: 1.224 Thread 0x0000021a5c2967c0 Exception <a 'java/lang/NoSuchMethodError'{0x00000007187278f8}: 'java.lang.Object java.lang.invoke.DirectMethodHandle$Holder.invokeStaticInit(java.lang.Object, int, int, int, int)'> (0x00000007187278f8) 
thrown [s\src\hotspot\share\interpreter\linkResolver.cpp, line 805]
Event: 1.310 Thread 0x0000021a5c2967c0 Exception <a 'java/lang/NoSuchMethodError'{0x00000007183d7a68}: 'void java.lang.invoke.DirectMethodHandle$Holder.invokeSpecial(java.lang.Object, java.lang.Object, java.lang.Object, java.lang.Object, java.lang.Object)'> (0x00000007183d7a68) 
thrown [s\src\hotspot\share\interpreter\linkResolver.cpp, line 805]
Event: 1.312 Thread 0x0000021a5c2967c0 Exception <a 'java/lang/NoSuchMethodError'{0x000000071800df98}: 'java.lang.Object java.lang.invoke.DirectMethodHandle$Holder.invokeVirtual(java.lang.Object, java.lang.Object, java.lang.Object)'> (0x000000071800df98) 
thrown [s\src\hotspot\share\interpreter\linkResolver.cpp, line 805]
Event: 1.313 Thread 0x0000021a5c2967c0 Exception <a 'java/lang/NoSuchMethodError'{0x0000000718034520}: 'void java.lang.invoke.DirectMethodHandle$Holder.invokeSpecial(java.lang.Object, java.lang.Object, java.lang.Object, java.lang.Object, java.lang.Object, java.lang.Object)'> (0x0000000718034520) 
thrown [s\src\hotspot\share\interpreter\linkResolver.cpp, line 805]
Event: 1.334 Thread 0x0000021a5c2967c0 Exception <a 'java/lang/NoSuchMethodError'{0x0000000718155f70}: 'void java.lang.invoke.DirectMethodHandle$Holder.invokeVirtual(java.lang.Object, java.lang.Object, int)'> (0x0000000718155f70) 
thrown [s\src\hotspot\share\interpreter\linkResolver.cpp, line 805]
Event: 1.334 Thread 0x0000021a5c2967c0 Exception <a 'java/lang/NoSuchMethodError'{0x000000071815e728}: 'void java.lang.invoke.DirectMethodHandle$Holder.invokeSpecial(java.lang.Object, java.lang.Object, java.lang.Object, int)'> (0x000000071815e728) 
thrown [s\src\hotspot\share\interpreter\linkResolver.cpp, line 805]
Event: 1.335 Thread 0x0000021a5c2967c0 Exception <a 'java/lang/NoSuchMethodError'{0x0000000718166a88}: 'void java.lang.invoke.DelegatingMethodHandle$Holder.reinvoke_L(java.lang.Object, java.lang.Object, int)'> (0x0000000718166a88) 
thrown [s\src\hotspot\share\interpreter\linkResolver.cpp, line 805]
Event: 1.468 Thread 0x0000021a5c2967c0 Implicit null exception at 0x0000021a6ecccd6b to 0x0000021a6ecccf5c
Event: 1.468 Thread 0x0000021a5c2967c0 Implicit null exception at 0x0000021a6ed27879 to 0x0000021a6ed27eec
Event: 1.468 Thread 0x0000021a5c2967c0 Implicit null exception at 0x0000021a6eccd16b to 0x0000021a6eccd364
Event: 1.468 Thread 0x0000021a5c2967c0 Implicit null exception at 0x0000021a6ecc219d to 0x0000021a6ecc2219
Event: 1.691 Thread 0x0000021a5c2967c0 Implicit null exception at 0x0000021a6ed7d1d5 to 0x0000021a6ed7d3d0
Event: 1.691 Thread 0x0000021a5c2967c0 Implicit null exception at 0x0000021a6ed5cdd5 to 0x0000021a6ed5cfd4
Event: 1.724 Thread 0x0000021a5c2967c0 Exception <a 'java/lang/NoSuchMethodError'{0x00000007159ab3b0}: 'java.lang.Object java.lang.invoke.DirectMethodHandle$Holder.newInvokeSpecial(java.lang.Object, java.lang.Object, java.lang.Object, java.lang.Object, java.lang.Object, java.lang.Object, java.lang.Object)'> (0x00000007159ab3b0) 
thrown [s\src\hotspot\share\interpreter\linkResolver.cpp, line 805]
Event: 1.872 Thread 0x0000021a5c2967c0 Exception <a 'java/lang/NoSuchMethodError'{0x0000000714f5c9c0}: 'int java.lang.invoke.DirectMethodHandle$Holder.invokeVirtual(java.lang.Object, java.lang.Object)'> (0x0000000714f5c9c0) 
thrown [s\src\hotspot\share\interpreter\linkResolver.cpp, line 805]
Event: 1.891 Thread 0x0000021a5c2967c0 Exception <a 'java/lang/NoSuchMethodError'{0x0000000714c8f7c8}: 'void java.lang.invoke.Invokers$Holder.invokeExact_MT(java.lang.Object, java.lang.Object, int, java.lang.Object)'> (0x0000000714c8f7c8) 
thrown [s\src\hotspot\share\interpreter\linkResolver.cpp, line 805]
Event: 2.180 Thread 0x0000021a5c2967c0 Exception <a 'java/lang/NoSuchMethodError'{0x0000000713b49eb8}: 'void java.lang.invoke.DirectMethodHandle$Holder.invokeStatic(java.lang.Object, long)'> (0x0000000713b49eb8) 
thrown [s\src\hotspot\share\interpreter\linkResolver.cpp, line 805]
Event: 2.181 Thread 0x0000021a5c2967c0 Exception <a 'java/lang/NoSuchMethodError'{0x0000000713b58a00}: 'java.lang.Object java.lang.invoke.DirectMethodHandle$Holder.newInvokeSpecial(java.lang.Object, long)'> (0x0000000713b58a00) 
thrown [s\src\hotspot\share\interpreter\linkResolver.cpp, line 805]
Event: 2.183 Thread 0x0000021a5c2967c0 Exception <a 'java/lang/NoSuchMethodError'{0x0000000713b61b20}: 'java.lang.Object java.lang.invoke.DirectMethodHandle$Holder.invokeStatic(java.lang.Object, long, java.lang.Object)'> (0x0000000713b61b20) 
thrown [s\src\hotspot\share\interpreter\linkResolver.cpp, line 805]
Event: 2.183 Thread 0x0000021a5c2967c0 Exception <a 'java/lang/NoSuchMethodError'{0x0000000713b69c38}: 'java.lang.Object java.lang.invoke.DirectMethodHandle$Holder.invokeStaticInit(java.lang.Object, long, java.lang.Object)'> (0x0000000713b69c38) 
thrown [s\src\hotspot\share\interpreter\linkResolver.cpp, line 805]

VM Operations (20 events):
Event: 0.980 Executing VM operation: HandshakeAllThreads (Deoptimize)
Event: 0.980 Executing VM operation: HandshakeAllThreads (Deoptimize) done
Event: 0.987 Executing VM operation: HandshakeAllThreads (Deoptimize)
Event: 0.987 Executing VM operation: HandshakeAllThreads (Deoptimize) done
Event: 1.023 Executing VM operation: HandshakeAllThreads (Deoptimize)
Event: 1.023 Executing VM operation: HandshakeAllThreads (Deoptimize) done
Event: 1.024 Executing VM operation: HandshakeAllThreads (Deoptimize)
Event: 1.024 Executing VM operation: HandshakeAllThreads (Deoptimize) done
Event: 1.058 Executing VM operation: HandshakeAllThreads (Deoptimize)
Event: 1.058 Executing VM operation: HandshakeAllThreads (Deoptimize) done
Event: 1.131 Executing VM operation: HandshakeAllThreads (Deoptimize)
Event: 1.131 Executing VM operation: HandshakeAllThreads (Deoptimize) done
Event: 1.199 Executing VM operation: HandshakeAllThreads (Deoptimize)
Event: 1.199 Executing VM operation: HandshakeAllThreads (Deoptimize) done
Event: 1.234 Executing VM operation: HandshakeAllThreads (Deoptimize)
Event: 1.234 Executing VM operation: HandshakeAllThreads (Deoptimize) done
Event: 1.257 Executing VM operation: HandshakeAllThreads (Deoptimize)
Event: 1.257 Executing VM operation: HandshakeAllThreads (Deoptimize) done
Event: 1.285 Executing VM operation: HandshakeAllThreads (Deoptimize)
Event: 1.285 Executing VM operation: HandshakeAllThreads (Deoptimize) done

Memory protections (0 events):
No events

Nmethod flushes (0 events):
No events

Events (20 events):
Event: 0.016 Thread 0x0000021a5c2967c0 Thread added: 0x0000021a5c2967c0
Event: 0.024 Thread 0x0000021a5c2967c0 Thread added: 0x0000021a7dfff1d0
Event: 0.024 Thread 0x0000021a5c2967c0 Thread added: 0x0000021a7dfff910
Event: 0.024 Thread 0x0000021a5c2967c0 Thread added: 0x0000021a7e002a40
Event: 0.024 Thread 0x0000021a5c2967c0 Thread added: 0x0000021a7e0037f0
Event: 0.024 Thread 0x0000021a5c2967c0 Thread added: 0x0000021a7e005330
Event: 0.024 Thread 0x0000021a5c2967c0 Thread added: 0x0000021a7e005f90
Event: 0.024 Thread 0x0000021a5c2967c0 Thread added: 0x0000021a7e00a3e0
Event: 0.024 Thread 0x0000021a5c2967c0 Thread added: 0x0000021a7e01f150
Event: 0.030 Thread 0x0000021a5c2967c0 Thread added: 0x0000021a45153610
Event: 0.031 Thread 0x0000021a5c2967c0 Thread added: 0x0000021a45157580
Event: 0.085 Thread 0x0000021a7e00a3e0 Thread added: 0x0000021a7e021720
Event: 0.168 Thread 0x0000021a5c2967c0 Thread added: 0x0000021a455e41b0
Event: 0.183 Thread 0x0000021a455e41b0 Thread exited: 0x0000021a455e41b0
Event: 0.503 Thread 0x0000021a7e01f150 Thread added: 0x0000021a7e020f90
Event: 0.842 Thread 0x0000021a7e020f90 Thread exited: 0x0000021a7e020f90
Event: 2.176 Thread 0x0000021a7e01f150 Thread added: 0x0000021a7e01f8e0
Event: 2.188 Thread 0x0000021a5c2967c0 Thread added: 0x0000021a46e254f0
Event: 2.188 Thread 0x0000021a5c2967c0 Thread added: 0x0000021a46d110c0
Event: 2.188 Thread 0x0000021a5c2967c0 Thread added: 0x0000021a46d11800


Dynamic libraries:
0x00007ff696510000 - 0x00007ff69651e000 	C:\Program Files\Apache NetBeans\jdk\bin\java.exe
0x00007ffc554c0000 - 0x00007ffc55727000 	C:\WINDOWS\SYSTEM32\ntdll.dll
0x00007ffc53eb0000 - 0x00007ffc53f79000 	C:\WINDOWS\System32\KERNEL32.DLL
0x00007ffc52810000 - 0x00007ffc52c01000 	C:\WINDOWS\System32\KERNELBASE.dll
0x00007ffc51e50000 - 0x00007ffc51f9b000 	C:\WINDOWS\System32\ucrtbase.dll
0x00007ffc346d0000 - 0x00007ffc346e6000 	C:\Program Files\Apache NetBeans\jdk\bin\jli.dll
0x00007ffc4a6f0000 - 0x00007ffc4a70e000 	C:\Program Files\Apache NetBeans\jdk\bin\VCRUNTIME140.dll
0x00007ffc54630000 - 0x00007ffc547f5000 	C:\WINDOWS\System32\USER32.dll
0x00007ffc52e00000 - 0x00007ffc52e27000 	C:\WINDOWS\System32\win32u.dll
0x00007ffc45c20000 - 0x00007ffc45eb3000 	C:\WINDOWS\WinSxS\amd64_microsoft.windows.common-controls_6595b64144ccf1df_6.0.26100.8037_none_3e092faae333b53b\COMCTL32.dll
0x00007ffc54880000 - 0x00007ffc548ab000 	C:\WINDOWS\System32\GDI32.dll
0x00007ffc54440000 - 0x00007ffc544e9000 	C:\WINDOWS\System32\msvcrt.dll
0x00007ffc52c10000 - 0x00007ffc52d3b000 	C:\WINDOWS\System32\gdi32full.dll
0x00007ffc52fb0000 - 0x00007ffc53053000 	C:\WINDOWS\System32\msvcp_win.dll
0x00007ffc53c40000 - 0x00007ffc53c71000 	C:\WINDOWS\System32\IMM32.DLL
0x00007ffc4a8f0000 - 0x00007ffc4a8fc000 	C:\Program Files\Apache NetBeans\jdk\bin\vcruntime140_1.dll
0x00007ffbe6480000 - 0x00007ffbe650d000 	C:\Program Files\Apache NetBeans\jdk\bin\msvcp140.dll
0x00007ffba78e0000 - 0x00007ffba875c000 	C:\Program Files\Apache NetBeans\jdk\bin\server\jvm.dll
0x00007ffc54570000 - 0x00007ffc5462b000 	C:\WINDOWS\System32\ADVAPI32.dll
0x00007ffc54270000 - 0x00007ffc54317000 	C:\WINDOWS\System32\sechost.dll
0x00007ffc54320000 - 0x00007ffc54438000 	C:\WINDOWS\System32\RPCRT4.dll
0x00007ffc544f0000 - 0x00007ffc54564000 	C:\WINDOWS\System32\WS2_32.dll
0x00007ffc51a50000 - 0x00007ffc51aae000 	C:\WINDOWS\SYSTEM32\POWRPROF.dll
0x00007ffc4ab90000 - 0x00007ffc4abc5000 	C:\WINDOWS\SYSTEM32\WINMM.dll
0x00007ffc4b4c0000 - 0x00007ffc4b4cb000 	C:\WINDOWS\SYSTEM32\VERSION.dll
0x00007ffc51a30000 - 0x00007ffc51a44000 	C:\WINDOWS\SYSTEM32\UMPDC.dll
0x00007ffc50b30000 - 0x00007ffc50b4b000 	C:\WINDOWS\SYSTEM32\kernel.appcore.dll
0x00007ffc4a770000 - 0x00007ffc4a77a000 	C:\Program Files\Apache NetBeans\jdk\bin\jimage.dll
0x00007ffc478f0000 - 0x00007ffc47b32000 	C:\WINDOWS\SYSTEM32\DBGHELP.DLL
0x00007ffc54eb0000 - 0x00007ffc55232000 	C:\WINDOWS\System32\combase.dll
0x00007ffc54910000 - 0x00007ffc549e7000 	C:\WINDOWS\System32\OLEAUT32.dll
0x00007ffc23690000 - 0x00007ffc236cb000 	C:\WINDOWS\SYSTEM32\dbgcore.DLL
0x00007ffc51da0000 - 0x00007ffc51e45000 	C:\WINDOWS\System32\bcryptPrimitives.dll
0x00007ffc40ec0000 - 0x00007ffc40ede000 	C:\Program Files\Apache NetBeans\jdk\bin\java.dll
0x00007ffc53c80000 - 0x00007ffc53e15000 	C:\WINDOWS\System32\ole32.dll
0x00007ffc534d0000 - 0x00007ffc53c2f000 	C:\WINDOWS\System32\SHELL32.dll
0x00007ffc530f0000 - 0x00007ffc5325a000 	C:\WINDOWS\System32\wintypes.dll
0x00007ffc51fa0000 - 0x00007ffc52804000 	C:\WINDOWS\System32\windows.storage.dll
0x00007ffc54170000 - 0x00007ffc54267000 	C:\WINDOWS\System32\SHCORE.dll
0x00007ffc53280000 - 0x00007ffc532e7000 	C:\WINDOWS\System32\shlwapi.dll
0x00007ffc51cc0000 - 0x00007ffc51ce9000 	C:\WINDOWS\SYSTEM32\profapi.dll
0x00007ffbee2e0000 - 0x00007ffbee3b7000 	C:\Program Files\Apache NetBeans\jdk\bin\jsvml.dll
0x00007ffc38990000 - 0x00007ffc389a0000 	C:\Program Files\Apache NetBeans\jdk\bin\net.dll
0x00007ffc510a0000 - 0x00007ffc5110b000 	C:\WINDOWS\system32\mswsock.dll
0x00007ffc1e0e0000 - 0x00007ffc1e0f6000 	C:\Program Files\Apache NetBeans\jdk\bin\nio.dll
0x00007ffc21100000 - 0x00007ffc21117000 	C:\Program Files\Apache NetBeans\jdk\bin\zip.dll
0x00007ffc4d330000 - 0x00007ffc4d354000 	C:\Program Files\Apache NetBeans\java\maven\lib\jansi-native\Windows\x86_64\jansi.dll
0x00007ffc35f60000 - 0x00007ffc35f70000 	C:\Program Files\Apache NetBeans\jdk\bin\verify.dll

JVMTI agents: none

dbghelp: loaded successfully - version: 4.0.5 - missing functions: none
symbol engine: initialized successfully - sym options: 0x614 - pdb path: .;C:\Program Files\Apache NetBeans\jdk\bin;C:\WINDOWS\SYSTEM32;C:\WINDOWS\WinSxS\amd64_microsoft.windows.common-controls_6595b64144ccf1df_6.0.26100.8037_none_3e092faae333b53b;C:\Program Files\Apache NetBeans\jdk\bin\server;C:\Program Files\Apache NetBeans\java\maven\lib\jansi-native\Windows\x86_64

VM Arguments:
jvm_args: --enable-native-access=ALL-UNNAMED -Dclassworlds.conf=C:\Program Files\Apache NetBeans\java\maven\bin\m2.conf -Dmaven.home=C:\Program Files\Apache NetBeans\java\maven -Dlibrary.jansi.path=C:\Program Files\Apache NetBeans\java\maven\lib\jansi-native -Dmaven.multiModuleProjectDirectory=D:\SGU\2025-2026_HK2\University-admissions-management 
java_command: org.codehaus.plexus.classworlds.launcher.Launcher -Dexec.vmArgs= -Dexec.args=${exec.vmArgs} -classpath %classpath ${exec.mainClass} ${exec.appArgs} -Dexec.appArgs= -Dexec.mainClass=vn.edu.sgu.phanmemtuyensinh.PhanMemTuyenSinh -Dexec.executable=C:\Program Files\Apache NetBeans\jdk\bin\java.exe -Dmaven.ext.class.path=C:\Program Files\Apache NetBeans\java\maven-nblib\netbeans-eventspy.jar --no-transfer-progress process-classes org.codehaus.mojo:exec-maven-plugin:3.1.0:exec
java_class_path (initial): C:\Program Files\Apache NetBeans\java\maven\boot\plexus-classworlds-2.9.0.jar
Launcher Type: SUN_STANDARD

[Global flags]
     intx CICompilerCount                          = 4                                         {product} {ergonomic}
     uint ConcGCThreads                            = 3                                         {product} {ergonomic}
     uint G1ConcRefinementThreads                  = 10                                        {product} {ergonomic}
   size_t G1HeapRegionSize                         = 2097152                                   {product} {ergonomic}
   size_t InitialHeapSize                          = 257949696                                 {product} {ergonomic}
   size_t MarkStackSize                            = 4194304                                   {product} {ergonomic}
   size_t MarkStackSizeMax                         = 536870912                                 {product} {ergonomic}
   size_t MaxHeapSize                              = 4123000832                                {product} {ergonomic}
   size_t MaxNewSize                               = 2472542208                                {product} {ergonomic}
   size_t MinHeapDeltaBytes                        = 2097152                                   {product} {ergonomic}
   size_t MinHeapSize                              = 8388608                                   {product} {ergonomic}
    uintx NonNMethodCodeHeapSize                   = 5832704                                {pd product} {ergonomic}
    uintx NonProfiledCodeHeapSize                  = 122945536                              {pd product} {ergonomic}
    uintx ProfiledCodeHeapSize                     = 122880000                              {pd product} {ergonomic}
    uintx ReservedCodeCacheSize                    = 251658240                              {pd product} {ergonomic}
     bool SegmentedCodeCache                       = true                                      {product} {ergonomic}
   size_t SoftMaxHeapSize                          = 4123000832                             {manageable} {ergonomic}
     bool UseCompressedOops                        = true                           {product lp64_product} {ergonomic}
     bool UseG1GC                                  = true                                      {product} {ergonomic}
     bool UseLargePagesIndividualAllocation        = false                                  {pd product} {ergonomic}

Logging:
Log output configuration:
 #0: stdout all=warning uptime,level,tags foldmultilines=false
 #1: stderr all=off uptime,level,tags foldmultilines=false

Environment Variables:
JAVA_HOME=C:\Program Files\Apache NetBeans\jdk
PATH=D:\SGU\2025-2026_HK1\KiemThuPhanMem\dbhomeXE\bin;C:\Program Files\Java\jdk-21.0.2\bin;C:\WINDOWS\system32;C:\WINDOWS;C:\WINDOWS\System32\Wbem;C:\WINDOWS\System32\WindowsPowerShell\v1.0\;C:\WINDOWS\System32\OpenSSH\;C:\Program Files\dotnet\;C:\Program Files\Git\cmd;C:\Program Files\Azure Data Studio\bin;C:\Program Files (x86)\Microsoft SQL Server\160\Tools\Binn\;C:\Program Files\Microsoft SQL Server\160\Tools\Binn\;C:\Program Files\Microsoft SQL Server\Client SDK\ODBC\170\Tools\Binn\;C:\Program Files\Microsoft SQL Server\160\DTS\Binn\;C:\Program Files\CMake\bin;C:\Ninja;D:\Visual Studio\VC\Tools\MSVC\14.42.34433\bin\Hostx64\x64\cl.exe;C:\path\to\vcpkg;C:\Program Files\Cloudflare\Cloudflare WARP\;C:\Program Files\nodejs\;C:\ProgramData\ComposerSetup\bin;C:\Program Files\apache-maven-3.9.11\bin;C:\Users\quock\AppData\Local\Microsoft\WindowsApps;C:\Users\quock\.dotnet\tools;C:\Users\quock\AppData\Local\Programs\Microsoft VS Code\bin;C:\msys64\ucrt64\bin;C:\Program Files\Azure Data Studio\bin;C:\xampp\php;D:\Downloads\maven-mvnd-1.0.2-windows-amd64;C:\Users\quock\AppData\Roaming\npm;C:\Users\quock\AppData\Roaming\Composer\vendor\bin;
USERNAME=quock
OS=Windows_NT
PROCESSOR_IDENTIFIER=AMD64 Family 25 Model 80 Stepping 0, AuthenticAMD
TMP=C:\Users\quock\AppData\Local\Temp
TEMP=C:\Users\quock\AppData\Local\Temp




Periodic native trim disabled

---------------  S Y S T E M  ---------------

OS:
 Windows 11 , 64 bit Build 26100 (10.0.26100.7920)
OS uptime: 0 days 5:43 hours
Hyper-V role detected

CPU: total 12 (initial active 12) (12 cores per cpu, 2 threads per core) family 25 model 80 stepping 0 microcode 0xa500014, cx8, cmov, fxsr, ht, mmx, 3dnowpref, sse, sse2, sse3, ssse3, sse4a, sse4.1, sse4.2, popcnt, lzcnt, tsc, tscinvbit, avx, avx2, aes, erms, clmul, bmi1, bmi2, adx, sha, fma, vzeroupper, clflush, clflushopt, hv, rdtscp, rdpid, fsrm, f16c, cet_ss
Processor Information for processor 0
  Max Mhz: 2301, Current Mhz: 2301, Mhz Limit: 2301
Processor Information for processor 1
  Max Mhz: 2301, Current Mhz: 2301, Mhz Limit: 2301
Processor Information for processor 2
  Max Mhz: 2301, Current Mhz: 2010, Mhz Limit: 2301
Processor Information for processor 3
  Max Mhz: 2301, Current Mhz: 2010, Mhz Limit: 2301
Processor Information for processor 4
  Max Mhz: 2301, Current Mhz: 2301, Mhz Limit: 2301
Processor Information for processor 5
  Max Mhz: 2301, Current Mhz: 2010, Mhz Limit: 2301
Processor Information for processor 6
  Max Mhz: 2301, Current Mhz: 2301, Mhz Limit: 2301
Processor Information for processor 7
  Max Mhz: 2301, Current Mhz: 2301, Mhz Limit: 2301
Processor Information for processor 8
  Max Mhz: 2301, Current Mhz: 2010, Mhz Limit: 2301
Processor Information for processor 9
  Max Mhz: 2301, Current Mhz: 2010, Mhz Limit: 2301
Processor Information for processor 10
  Max Mhz: 2301, Current Mhz: 2010, Mhz Limit: 2301
Processor Information for processor 11
  Max Mhz: 2301, Current Mhz: 2010, Mhz Limit: 2301

Memory: 4k page, system-wide physical 15720M (5836M free)
TotalPageFile size 43065M (AvailPageFile size 90M)
current process WorkingSet (physical memory assigned to process): 210M, peak: 223M
current process commit charge ("private bytes"): 408M, peak: 435M

vm_info: OpenJDK 64-Bit Server VM (24.0.2+12) for windows-amd64 JRE (24.0.2+12) (Zulu24.32+13-CA), built on 2025-07-11T12:45:44Z with MS VC++ 17.1 (VS2022)

END.
