#
# There is insufficient memory for the Java Runtime Environment to continue.
# Native memory allocation (mmap) failed to map 314572800 bytes. Error detail: G1 virtual space
# Possible reasons:
#   The system is out of physical RAM or swap space
#   This process is running with CompressedOops enabled, and the Java Heap may be blocking the growth of the native heap
# Possible solutions:
#   Reduce memory load on the system
#   Increase physical memory or swap space
#   Check if swap backing store is full
#   Decrease Java heap size (-Xmx/-Xms)
#   Decrease number of Java threads
#   Decrease Java thread stack sizes (-Xss)
#   Set larger code cache with -XX:ReservedCodeCacheSize=
#   JVM is running with Zero Based Compressed Oops mode in which the Java heap is
#     placed in the first 32GB address space. The Java Heap base address is the
#     maximum limit for the native heap growth. Please use -XX:HeapBaseMinAddress
#     to set the Java Heap base and to place the Java Heap above 32GB virtual address.
# This output file may be truncated or incomplete.
#
#  Out of Memory Error (os_windows.cpp:3564), pid=14564, tid=2868
#
# JRE version: OpenJDK Runtime Environment Zulu24.32+13-CA (24.0.2+12) (build 24.0.2+12)
# Java VM: OpenJDK 64-Bit Server VM Zulu24.32+13-CA (24.0.2+12, mixed mode, sharing, tiered, compressed oops, compressed class ptrs, g1 gc, windows-amd64)
# No core dump will be written. Minidumps are not enabled by default on client versions of Windows
#

---------------  S U M M A R Y ------------

Command Line: vn.edu.sgu.phanmemtuyensinh.PhanMemTuyenSinh

Host: AMD Ryzen 5 5625U with Radeon Graphics         , 12 cores, 15G,  Windows 11 , 64 bit Build 26100 (10.0.26100.7920)
Time: Mon Apr 13 13:45:51 2026 SE Asia Standard Time elapsed time: 387.814184 seconds (0d 0h 6m 27s)

---------------  T H R E A D  ---------------

Current thread (0x0000025fe86b4270):  VMThread "VM Thread"          [id=2868, stack(0x0000008621300000,0x0000008621400000) (1024K)]

Stack: [0x0000008621300000,0x0000008621400000]
Native frames: (J=compiled Java code, j=interpreted, Vv=VM code, C=native code)
V  [jvm.dll+0x741329]  (no source info available)
V  [jvm.dll+0x97e243]  (no source info available)
V  [jvm.dll+0x98056d]  (no source info available)
V  [jvm.dll+0x980be3]  (no source info available)
V  [jvm.dll+0x2b5a76]  (no source info available)
V  [jvm.dll+0x73d795]  (no source info available)
V  [jvm.dll+0x730f4a]  (no source info available)
V  [jvm.dll+0x39ea2a]  (no source info available)
V  [jvm.dll+0x3a67a6]  (no source info available)
V  [jvm.dll+0x392fbe]  (no source info available)
V  [jvm.dll+0x393278]  (no source info available)
V  [jvm.dll+0x36a09c]  (no source info available)
V  [jvm.dll+0x36a12a]  (no source info available)
V  [jvm.dll+0x3b7bbd]  (no source info available)
V  [jvm.dll+0x3b6131]  (no source info available)
V  [jvm.dll+0x369867]  (no source info available)
V  [jvm.dll+0x3b58d4]  (no source info available)
V  [jvm.dll+0x986dea]  (no source info available)
V  [jvm.dll+0x98812c]  (no source info available)
V  [jvm.dll+0x988698]  (no source info available)
V  [jvm.dll+0x988933]  (no source info available)
V  [jvm.dll+0x920c78]  (no source info available)
V  [jvm.dll+0x73fab5]  (no source info available)
C  [ucrtbase.dll+0x37b0]  (no source info available)
C  [KERNEL32.DLL+0x2e8d7]  (no source info available)
C  [ntdll.dll+0x8c48c]  (no source info available)

VM_Operation (0x00000086223fe7f0): G1CollectForAllocation, mode: safepoint, requested by thread 0x0000025fedc259c0


---------------  P R O C E S S  ---------------

Threads class SMR info:
_java_thread_list=0x0000025ff0ad6aa0, length=23, elements={
0x0000025fe86cdc80, 0x0000025fe86ce3c0, 0x0000025fe86d0290, 0x0000025fe86d12a0,
0x0000025fe86d1dd0, 0x0000025fe86d4910, 0x0000025fe86dfed0, 0x0000025fe86e44b0,
0x0000025fc50d0fb0, 0x0000025fc50d1f00, 0x0000025fc5584a00, 0x0000025fc5589160,
0x0000025fc55898a0, 0x0000025fc59ea440, 0x0000025fc59e9cf0, 0x0000025fc59eb2e0,
0x0000025fc59e8e50, 0x0000025fc59e7fb0, 0x0000025fc59e95a0, 0x0000025fee1e8700,
0x0000025fedc259c0, 0x0000025fee0bc320, 0x0000025ff63bd1b0
}

Java Threads: ( => current thread )
  0x0000025fe86cdc80 JavaThread "Reference Handler"          daemon [_thread_blocked, id=15988, stack(0x0000008621400000,0x0000008621500000) (1024K)]
  0x0000025fe86ce3c0 JavaThread "Finalizer"                  daemon [_thread_blocked, id=9636, stack(0x0000008621500000,0x0000008621600000) (1024K)]
  0x0000025fe86d0290 JavaThread "Signal Dispatcher"          daemon [_thread_blocked, id=14972, stack(0x0000008621600000,0x0000008621700000) (1024K)]
  0x0000025fe86d12a0 JavaThread "Attach Listener"            daemon [_thread_blocked, id=3824, stack(0x0000008621700000,0x0000008621800000) (1024K)]
  0x0000025fe86d1dd0 JavaThread "Service Thread"             daemon [_thread_blocked, id=6872, stack(0x0000008621800000,0x0000008621900000) (1024K)]
  0x0000025fe86d4910 JavaThread "Monitor Deflation Thread"   daemon [_thread_blocked, id=10884, stack(0x0000008621900000,0x0000008621a00000) (1024K)]
  0x0000025fe86dfed0 JavaThread "C2 CompilerThread0"         daemon [_thread_blocked, id=14580, stack(0x0000008621a00000,0x0000008621b00000) (1024K)]
  0x0000025fe86e44b0 JavaThread "C1 CompilerThread0"         daemon [_thread_blocked, id=12908, stack(0x0000008621b00000,0x0000008621c00000) (1024K)]
  0x0000025fc50d0fb0 JavaThread "Notification Thread"        daemon [_thread_blocked, id=8512, stack(0x0000008621c00000,0x0000008621d00000) (1024K)]
  0x0000025fc50d1f00 JavaThread "Common-Cleaner"             daemon [_thread_blocked, id=12252, stack(0x0000008621d00000,0x0000008621e00000) (1024K)]
  0x0000025fc5584a00 JavaThread "Java2D Disposer"            daemon [_thread_blocked, id=9960, stack(0x0000008621f00000,0x0000008622000000) (1024K)]
  0x0000025fc5589160 JavaThread "AWT-Shutdown"                      [_thread_blocked, id=14392, stack(0x0000008622000000,0x0000008622100000) (1024K)]
  0x0000025fc55898a0 JavaThread "AWT-Windows"                daemon [_thread_blocked, id=2472, stack(0x0000008622100000,0x0000008622200000) (1024K)]
  0x0000025fc59ea440 JavaThread "AWT-EventQueue-0"                  [_thread_blocked, id=16088, stack(0x0000008622200000,0x0000008622300000) (1024K)]
  0x0000025fc59e9cf0 JavaThread "DestroyJavaVM"                     [_thread_blocked, id=7840, stack(0x0000008620c00000,0x0000008620d00000) (1024K)]
  0x0000025fc59eb2e0 JavaThread "D3D Screen Updater"         daemon [_thread_blocked, id=7872, stack(0x0000008622d00000,0x0000008622e00000) (1024K)]
  0x0000025fc59e8e50 JavaThread "TimerQueue"                 daemon [_thread_blocked, id=8180, stack(0x0000008622f00000,0x0000008623000000) (1024K)]
  0x0000025fc59e7fb0 JavaThread "mysql-cj-abandoned-connection-cleanup" daemon [_thread_blocked, id=9152, stack(0x0000008623d00000,0x0000008623e00000) (1024K)]
  0x0000025fc59e95a0 JavaThread "Hibernate Connection Pool Validation Thread" daemon [_thread_blocked, id=15076, stack(0x0000008623e00000,0x0000008623f00000) (1024K)]
  0x0000025fee1e8700 JavaThread "Swing-Shell"                daemon [_thread_blocked, id=4636, stack(0x0000008620a00000,0x0000008620b00000) (1024K)]
  0x0000025fedc259c0 JavaThread "SwingWorker-pool-2-thread-1" daemon [_thread_blocked, id=14296, stack(0x0000008622300000,0x0000008622400000) (1024K)]
  0x0000025fee0bc320 JavaThread "C2 CompilerThread1"         daemon [_thread_blocked, id=8752, stack(0x0000008623100000,0x0000008623200000) (1024K)]
  0x0000025ff63bd1b0 JavaThread "C2 CompilerThread2"         daemon [_thread_blocked, id=9904, stack(0x0000008623f00000,0x0000008624000000) (1024K)]
Total: 23

Other Threads:
=>0x0000025fe86b4270 VMThread "VM Thread"                           [id=2868, stack(0x0000008621300000,0x0000008621400000) (1024K)]
  0x0000025fe86a1130 WatcherThread "VM Periodic Task Thread"        [id=8088, stack(0x0000008621200000,0x0000008621300000) (1024K)]
  0x0000025fc8d77bb0 WorkerThread "GC Thread#0"                     [id=10736, stack(0x0000008620d00000,0x0000008620e00000) (1024K)]
  0x0000025fee0164b0 WorkerThread "GC Thread#1"                     [id=5156, stack(0x0000008623200000,0x0000008623300000) (1024K)]
  0x0000025fc5658000 WorkerThread "GC Thread#2"                     [id=16060, stack(0x0000008623300000,0x0000008623400000) (1024K)]
  0x0000025fc5a49b80 WorkerThread "GC Thread#3"                     [id=8124, stack(0x0000008623400000,0x0000008623500000) (1024K)]
  0x0000025fc57035b0 WorkerThread "GC Thread#4"                     [id=624, stack(0x0000008623500000,0x0000008623600000) (1024K)]
  0x0000025fc5703960 WorkerThread "GC Thread#5"                     [id=16324, stack(0x0000008623600000,0x0000008623700000) (1024K)]
  0x0000025fee125650 WorkerThread "GC Thread#6"                     [id=15240, stack(0x0000008623700000,0x0000008623800000) (1024K)]
  0x0000025fee1243e0 WorkerThread "GC Thread#7"                     [id=14716, stack(0x0000008623800000,0x0000008623900000) (1024K)]
  0x0000025fee125a00 WorkerThread "GC Thread#8"                     [id=12100, stack(0x0000008623900000,0x0000008623a00000) (1024K)]
  0x0000025fee1252a0 WorkerThread "GC Thread#9"                     [id=4900, stack(0x0000008623a00000,0x0000008623b00000) (1024K)]
  0x0000025fc8d8ce20 ConcurrentGCThread "G1 Main Marker"            [id=7336, stack(0x0000008620e00000,0x0000008620f00000) (1024K)]
  0x0000025fc8d8ffe0 WorkerThread "G1 Conc#0"                       [id=4684, stack(0x0000008620f00000,0x0000008621000000) (1024K)]
  0x0000025fee124030 WorkerThread "G1 Conc#1"                       [id=11720, stack(0x0000008623b00000,0x0000008623c00000) (1024K)]
  0x0000025fee124790 WorkerThread "G1 Conc#2"                       [id=8988, stack(0x0000008623c00000,0x0000008623d00000) (1024K)]
  0x0000025fe8568830 ConcurrentGCThread "G1 Refine#0"               [id=8972, stack(0x0000008621000000,0x0000008621100000) (1024K)]
  0x0000025fe856b080 ConcurrentGCThread "G1 Service"                [id=380, stack(0x0000008621100000,0x0000008621200000) (1024K)]
Total: 18

Threads with active compile tasks:
Total: 0

VM state: at safepoint (normal execution)

VM Mutex/Monitor currently owned by a thread:  ([mutex/lock_event])
[0x00007ffba8675048] Threads_lock - owner thread: 0x0000025fe86b4270
[0x00007ffba8675148] Heap_lock - owner thread: 0x0000025fedc259c0

Heap address: 0x000000070a400000, size: 3932 MB, Compressed Oops mode: Zero based, Oop shift amount: 3

CDS archive(s) mapped at: [0x0000025f80000000-0x0000025f80d40000-0x0000025f80d40000), size 13893632, SharedBaseAddress: 0x0000025f80000000, ArchiveRelocationMode: 1.
Compressed class space mapped at: 0x0000025f81000000-0x0000025fc1000000, reserved size: 1073741824
UseCompressedClassPointers 1, UseCompactObjectHeaders 0
Narrow klass pointer bits 32, Max shift 3
Narrow klass base: 0x0000025f80000000, Narrow klass shift: 0
Encoding Range: [0x0000025f80000000 - 0x0000026080000000), (4294967296 bytes)
Klass Range:    [0x0000025f80000000 - 0x0000025fc1000000), (1090519040 bytes)
Klass ID Range:  [8 - 1090519033) (1090519025)

GC Precious Log:
 CardTable entry size: 512
 Card Set container configuration: InlinePtr #cards 4 size 8 Array Of Cards #cards 16 size 48 Howl #buckets 8 coarsen threshold 3686 Howl Bitmap #cards 512 size 80 coarsen threshold 460 Card regions per heap region 1 cards per card region 4096
 CPUs: 12 total, 12 available
 Memory: 15720M
 Large Page Support: Disabled
 NUMA Support: Disabled
 Compressed Oops: Enabled (Zero based)
 Heap Region Size: 2M
 Heap Min Capacity: 8M
 Heap Initial Capacity: 246M
 Heap Max Capacity: 3932M
 Pre-touch: Disabled
 Parallel Workers: 10
 Concurrent Workers: 3
 Concurrent Refinement Workers: 10
 Periodic GC: Disabled

Heap:
 garbage-first heap   total reserved 4026368K, committed 307200K, used 173884K [0x000000070a400000, 0x0000000800000000)
  region size 2048K, 2 young (4096K), 2 survivors (4096K)
 Metaspace       used 63606K, committed 64320K, reserved 1114112K
  class space    used 6710K, committed 6976K, reserved 1048576K

Heap Regions: E=young(eden), S=young(survivor), O=old, HS=humongous(starts), HC=humongous(continues), CS=collection set, F=free, TAMS=top-at-mark-start, PB=parsable bottom
|   0|0x000000070a400000, 0x000000070a600000, 0x000000070a600000|100%| O|  |TAMS 0x000000070a600000| PB 0x000000070a400000| Untracked |  0
|   1|0x000000070a600000, 0x000000070a800000, 0x000000070a800000|100%| O|  |TAMS 0x000000070a800000| PB 0x000000070a600000| Untracked |  0
|   2|0x000000070a800000, 0x000000070aa00000, 0x000000070aa00000|100%| O|  |TAMS 0x000000070aa00000| PB 0x000000070a800000| Untracked |  0
|   3|0x000000070aa00000, 0x000000070ac00000, 0x000000070ac00000|100%| O|  |TAMS 0x000000070ac00000| PB 0x000000070aa00000| Untracked |  0
|   4|0x000000070ac00000, 0x000000070ae00000, 0x000000070ae00000|100%| O|  |TAMS 0x000000070ae00000| PB 0x000000070ac00000| Untracked |  0
|   5|0x000000070ae00000, 0x000000070b000000, 0x000000070b000000|100%| O|  |TAMS 0x000000070b000000| PB 0x000000070ae00000| Untracked |  0
|   6|0x000000070b000000, 0x000000070b200000, 0x000000070b200000|100%| O|  |TAMS 0x000000070b200000| PB 0x000000070b000000| Untracked |  0
|   7|0x000000070b200000, 0x000000070b400000, 0x000000070b400000|100%| O|  |TAMS 0x000000070b400000| PB 0x000000070b200000| Untracked |  0
|   8|0x000000070b400000, 0x000000070b600000, 0x000000070b600000|100%| O|  |TAMS 0x000000070b600000| PB 0x000000070b400000| Untracked |  0
|   9|0x000000070b600000, 0x000000070b800000, 0x000000070b800000|100%| O|  |TAMS 0x000000070b800000| PB 0x000000070b600000| Untracked |  0
|  10|0x000000070b800000, 0x000000070ba00000, 0x000000070ba00000|100%| O|  |TAMS 0x000000070ba00000| PB 0x000000070b800000| Untracked |  0
|  11|0x000000070ba00000, 0x000000070bc00000, 0x000000070bc00000|100%| O|  |TAMS 0x000000070bc00000| PB 0x000000070ba00000| Untracked |  0
|  12|0x000000070bc00000, 0x000000070be00000, 0x000000070be00000|100%| O|  |TAMS 0x000000070be00000| PB 0x000000070bc00000| Untracked |  0
|  13|0x000000070be00000, 0x000000070be00000, 0x000000070c000000|  0%| F|  |TAMS 0x000000070be00000| PB 0x000000070be00000| Untracked |  0
|  14|0x000000070c000000, 0x000000070c000000, 0x000000070c200000|  0%| F|  |TAMS 0x000000070c000000| PB 0x000000070c000000| Untracked |  0
|  15|0x000000070c200000, 0x000000070c400000, 0x000000070c400000|100%| O|  |TAMS 0x000000070c400000| PB 0x000000070c200000| Untracked |  0
|  16|0x000000070c400000, 0x000000070c600000, 0x000000070c600000|100%| O|  |TAMS 0x000000070c600000| PB 0x000000070c400000| Untracked |  0
|  17|0x000000070c600000, 0x000000070c800000, 0x000000070c800000|100%| O|  |TAMS 0x000000070c800000| PB 0x000000070c600000| Untracked |  0
|  18|0x000000070c800000, 0x000000070ca00000, 0x000000070ca00000|100%| O|  |TAMS 0x000000070ca00000| PB 0x000000070c800000| Untracked |  0
|  19|0x000000070ca00000, 0x000000070cc00000, 0x000000070cc00000|100%| O|  |TAMS 0x000000070cc00000| PB 0x000000070ca00000| Untracked |  0
|  20|0x000000070cc00000, 0x000000070ce00000, 0x000000070ce00000|100%|HS|  |TAMS 0x000000070ce00000| PB 0x000000070cc00000| Complete |  0
|  21|0x000000070ce00000, 0x000000070d000000, 0x000000070d000000|100%|HC|  |TAMS 0x000000070d000000| PB 0x000000070ce00000| Complete |  0
|  22|0x000000070d000000, 0x000000070d200000, 0x000000070d200000|100%|HC|  |TAMS 0x000000070d200000| PB 0x000000070d000000| Complete |  0
|  23|0x000000070d200000, 0x000000070d400000, 0x000000070d400000|100%| O|  |TAMS 0x000000070d400000| PB 0x000000070d200000| Untracked |  0
|  24|0x000000070d400000, 0x000000070d600000, 0x000000070d600000|100%| O|  |TAMS 0x000000070d600000| PB 0x000000070d400000| Untracked |  0
|  25|0x000000070d600000, 0x000000070d800000, 0x000000070d800000|100%| O|  |TAMS 0x000000070d800000| PB 0x000000070d600000| Untracked |  0
|  26|0x000000070d800000, 0x000000070da00000, 0x000000070da00000|100%| O|  |TAMS 0x000000070da00000| PB 0x000000070d800000| Untracked |  0
|  27|0x000000070da00000, 0x000000070dbcf330, 0x000000070dc00000| 90%| O|  |TAMS 0x000000070dbcf330| PB 0x000000070da00000| Untracked |  0
|  28|0x000000070dc00000, 0x000000070dc00000, 0x000000070de00000|  0%| F|  |TAMS 0x000000070dc00000| PB 0x000000070dc00000| Untracked |  0
|  29|0x000000070de00000, 0x000000070de00000, 0x000000070e000000|  0%| F|  |TAMS 0x000000070de00000| PB 0x000000070de00000| Untracked |  0
|  30|0x000000070e000000, 0x000000070e000000, 0x000000070e200000|  0%| F|  |TAMS 0x000000070e000000| PB 0x000000070e000000| Untracked |  0
|  31|0x000000070e200000, 0x000000070e200000, 0x000000070e400000|  0%| F|  |TAMS 0x000000070e200000| PB 0x000000070e200000| Untracked |  0
|  32|0x000000070e400000, 0x000000070e400000, 0x000000070e600000|  0%| F|  |TAMS 0x000000070e400000| PB 0x000000070e400000| Untracked |  0
|  33|0x000000070e600000, 0x000000070e600000, 0x000000070e800000|  0%| F|  |TAMS 0x000000070e600000| PB 0x000000070e600000| Untracked |  0
|  34|0x000000070e800000, 0x000000070e800000, 0x000000070ea00000|  0%| F|  |TAMS 0x000000070e800000| PB 0x000000070e800000| Untracked |  0
|  35|0x000000070ea00000, 0x000000070ea00000, 0x000000070ec00000|  0%| F|  |TAMS 0x000000070ea00000| PB 0x000000070ea00000| Untracked |  0
|  36|0x000000070ec00000, 0x000000070ec00000, 0x000000070ee00000|  0%| F|  |TAMS 0x000000070ec00000| PB 0x000000070ec00000| Untracked |  0
|  37|0x000000070ee00000, 0x000000070ee00000, 0x000000070f000000|  0%| F|  |TAMS 0x000000070ee00000| PB 0x000000070ee00000| Untracked |  0
|  38|0x000000070f000000, 0x000000070f000000, 0x000000070f200000|  0%| F|  |TAMS 0x000000070f000000| PB 0x000000070f000000| Untracked |  0
|  39|0x000000070f200000, 0x000000070f200000, 0x000000070f400000|  0%| F|  |TAMS 0x000000070f200000| PB 0x000000070f200000| Untracked |  0
|  40|0x000000070f400000, 0x000000070f400000, 0x000000070f600000|  0%| F|  |TAMS 0x000000070f400000| PB 0x000000070f400000| Untracked |  0
|  41|0x000000070f600000, 0x000000070f600000, 0x000000070f800000|  0%| F|  |TAMS 0x000000070f600000| PB 0x000000070f600000| Untracked |  0
|  42|0x000000070f800000, 0x000000070f800000, 0x000000070fa00000|  0%| F|  |TAMS 0x000000070f800000| PB 0x000000070f800000| Untracked |  0
|  43|0x000000070fa00000, 0x000000070fa00000, 0x000000070fc00000|  0%| F|  |TAMS 0x000000070fa00000| PB 0x000000070fa00000| Untracked |  0
|  44|0x000000070fc00000, 0x000000070fc00000, 0x000000070fe00000|  0%| F|  |TAMS 0x000000070fc00000| PB 0x000000070fc00000| Untracked |  0
|  45|0x000000070fe00000, 0x000000070fe00000, 0x0000000710000000|  0%| F|  |TAMS 0x000000070fe00000| PB 0x000000070fe00000| Untracked |  0
|  46|0x0000000710000000, 0x0000000710200000, 0x0000000710200000|100%| S|CS|TAMS 0x0000000710000000| PB 0x0000000710000000| Complete |  0
|  47|0x0000000710200000, 0x0000000710400000, 0x0000000710400000|100%| S|CS|TAMS 0x0000000710200000| PB 0x0000000710200000| Complete |  0
|  48|0x0000000710400000, 0x0000000710400000, 0x0000000710600000|  0%| F|  |TAMS 0x0000000710400000| PB 0x0000000710400000| Untracked |  0
|  49|0x0000000710600000, 0x0000000710600000, 0x0000000710800000|  0%| F|  |TAMS 0x0000000710600000| PB 0x0000000710600000| Untracked |  0
|  50|0x0000000710800000, 0x0000000710800000, 0x0000000710a00000|  0%| F|  |TAMS 0x0000000710800000| PB 0x0000000710800000| Untracked |  0
|  51|0x0000000710a00000, 0x0000000710a00000, 0x0000000710c00000|  0%| F|  |TAMS 0x0000000710a00000| PB 0x0000000710a00000| Untracked |  0
|  52|0x0000000710c00000, 0x0000000710c00000, 0x0000000710e00000|  0%| F|  |TAMS 0x0000000710c00000| PB 0x0000000710c00000| Untracked |  0
|  53|0x0000000710e00000, 0x0000000710e00000, 0x0000000711000000|  0%| F|  |TAMS 0x0000000710e00000| PB 0x0000000710e00000| Untracked |  0
|  54|0x0000000711000000, 0x0000000711000000, 0x0000000711200000|  0%| F|  |TAMS 0x0000000711000000| PB 0x0000000711000000| Untracked |  0
|  55|0x0000000711200000, 0x0000000711200000, 0x0000000711400000|  0%| F|  |TAMS 0x0000000711200000| PB 0x0000000711200000| Untracked |  0
|  56|0x0000000711400000, 0x0000000711400000, 0x0000000711600000|  0%| F|  |TAMS 0x0000000711400000| PB 0x0000000711400000| Untracked |  0
|  57|0x0000000711600000, 0x0000000711600000, 0x0000000711800000|  0%| F|  |TAMS 0x0000000711600000| PB 0x0000000711600000| Untracked |  0
|  58|0x0000000711800000, 0x0000000711800000, 0x0000000711a00000|  0%| F|  |TAMS 0x0000000711800000| PB 0x0000000711800000| Untracked |  0
|  59|0x0000000711a00000, 0x0000000711a00000, 0x0000000711c00000|  0%| F|  |TAMS 0x0000000711a00000| PB 0x0000000711a00000| Untracked |  0
|  60|0x0000000711c00000, 0x0000000711c00000, 0x0000000711e00000|  0%| F|  |TAMS 0x0000000711c00000| PB 0x0000000711c00000| Untracked |  0
|  61|0x0000000711e00000, 0x0000000711e00000, 0x0000000712000000|  0%| F|  |TAMS 0x0000000711e00000| PB 0x0000000711e00000| Untracked |  0
|  62|0x0000000712000000, 0x0000000712000000, 0x0000000712200000|  0%| F|  |TAMS 0x0000000712000000| PB 0x0000000712000000| Untracked |  0
|  63|0x0000000712200000, 0x0000000712200000, 0x0000000712400000|  0%| F|  |TAMS 0x0000000712200000| PB 0x0000000712200000| Untracked |  0
|  64|0x0000000712400000, 0x0000000712400000, 0x0000000712600000|  0%| F|  |TAMS 0x0000000712400000| PB 0x0000000712400000| Untracked |  0
|  65|0x0000000712600000, 0x0000000712600000, 0x0000000712800000|  0%| F|  |TAMS 0x0000000712600000| PB 0x0000000712600000| Untracked |  0
|  66|0x0000000712800000, 0x0000000712800000, 0x0000000712a00000|  0%| F|  |TAMS 0x0000000712800000| PB 0x0000000712800000| Untracked |  0
|  67|0x0000000712a00000, 0x0000000712a00000, 0x0000000712c00000|  0%| F|  |TAMS 0x0000000712a00000| PB 0x0000000712a00000| Untracked |  0
|  68|0x0000000712c00000, 0x0000000712c00000, 0x0000000712e00000|  0%| F|  |TAMS 0x0000000712c00000| PB 0x0000000712c00000| Untracked |  0
|  69|0x0000000712e00000, 0x0000000712e00000, 0x0000000713000000|  0%| F|  |TAMS 0x0000000712e00000| PB 0x0000000712e00000| Untracked |  0
|  70|0x0000000713000000, 0x0000000713000000, 0x0000000713200000|  0%| F|  |TAMS 0x0000000713000000| PB 0x0000000713000000| Untracked |  0
|  71|0x0000000713200000, 0x0000000713200000, 0x0000000713400000|  0%| F|  |TAMS 0x0000000713200000| PB 0x0000000713200000| Untracked |  0
|  72|0x0000000713400000, 0x0000000713400000, 0x0000000713600000|  0%| F|  |TAMS 0x0000000713400000| PB 0x0000000713400000| Untracked |  0
|  73|0x0000000713600000, 0x0000000713600000, 0x0000000713800000|  0%| F|  |TAMS 0x0000000713600000| PB 0x0000000713600000| Untracked |  0
|  74|0x0000000713800000, 0x0000000713800000, 0x0000000713a00000|  0%| F|  |TAMS 0x0000000713800000| PB 0x0000000713800000| Untracked |  0
|  75|0x0000000713a00000, 0x0000000713a00000, 0x0000000713c00000|  0%| F|  |TAMS 0x0000000713a00000| PB 0x0000000713a00000| Untracked |  0
|  76|0x0000000713c00000, 0x0000000713c00000, 0x0000000713e00000|  0%| F|  |TAMS 0x0000000713c00000| PB 0x0000000713c00000| Untracked |  0
|  77|0x0000000713e00000, 0x0000000713e00000, 0x0000000714000000|  0%| F|  |TAMS 0x0000000713e00000| PB 0x0000000713e00000| Untracked |  0
|  78|0x0000000714000000, 0x0000000714000000, 0x0000000714200000|  0%| F|  |TAMS 0x0000000714000000| PB 0x0000000714000000| Untracked |  0
|  79|0x0000000714200000, 0x0000000714200000, 0x0000000714400000|  0%| F|  |TAMS 0x0000000714200000| PB 0x0000000714200000| Untracked |  0
|  80|0x0000000714400000, 0x0000000714400000, 0x0000000714600000|  0%| F|  |TAMS 0x0000000714400000| PB 0x0000000714400000| Untracked |  0
|  81|0x0000000714600000, 0x0000000714600000, 0x0000000714800000|  0%| F|  |TAMS 0x0000000714600000| PB 0x0000000714600000| Untracked |  0
|  82|0x0000000714800000, 0x0000000714800000, 0x0000000714a00000|  0%| F|  |TAMS 0x0000000714800000| PB 0x0000000714800000| Untracked |  0
|  83|0x0000000714a00000, 0x0000000714a00000, 0x0000000714c00000|  0%| F|  |TAMS 0x0000000714a00000| PB 0x0000000714a00000| Untracked |  0
|  84|0x0000000714c00000, 0x0000000714e00000, 0x0000000714e00000|100%|HS|  |TAMS 0x0000000714e00000| PB 0x0000000714c00000| Complete |  0
|  85|0x0000000714e00000, 0x0000000715000000, 0x0000000715000000|100%|HC|  |TAMS 0x0000000715000000| PB 0x0000000714e00000| Complete |  0
|  86|0x0000000715000000, 0x0000000715200000, 0x0000000715200000|100%|HC|  |TAMS 0x0000000715200000| PB 0x0000000715000000| Complete |  0
|  87|0x0000000715200000, 0x0000000715400000, 0x0000000715400000|100%|HC|  |TAMS 0x0000000715400000| PB 0x0000000715200000| Complete |  0
|  88|0x0000000715400000, 0x0000000715600000, 0x0000000715600000|100%|HC|  |TAMS 0x0000000715600000| PB 0x0000000715400000| Complete |  0
|  89|0x0000000715600000, 0x0000000715800000, 0x0000000715800000|100%|HC|  |TAMS 0x0000000715800000| PB 0x0000000715600000| Complete |  0
|  90|0x0000000715800000, 0x0000000715a00000, 0x0000000715a00000|100%|HC|  |TAMS 0x0000000715a00000| PB 0x0000000715800000| Complete |  0
|  91|0x0000000715a00000, 0x0000000715c00000, 0x0000000715c00000|100%|HC|  |TAMS 0x0000000715c00000| PB 0x0000000715a00000| Complete |  0
|  92|0x0000000715c00000, 0x0000000715e00000, 0x0000000715e00000|100%|HC|  |TAMS 0x0000000715e00000| PB 0x0000000715c00000| Complete |  0
|  93|0x0000000715e00000, 0x0000000716000000, 0x0000000716000000|100%|HC|  |TAMS 0x0000000716000000| PB 0x0000000715e00000| Complete |  0
|  94|0x0000000716000000, 0x0000000716200000, 0x0000000716200000|100%|HC|  |TAMS 0x0000000716200000| PB 0x0000000716000000| Complete |  0
|  95|0x0000000716200000, 0x0000000716400000, 0x0000000716400000|100%|HC|  |TAMS 0x0000000716400000| PB 0x0000000716200000| Complete |  0
|  96|0x0000000716400000, 0x0000000716600000, 0x0000000716600000|100%|HC|  |TAMS 0x0000000716600000| PB 0x0000000716400000| Complete |  0
|  97|0x0000000716600000, 0x0000000716800000, 0x0000000716800000|100%|HC|  |TAMS 0x0000000716800000| PB 0x0000000716600000| Complete |  0
|  98|0x0000000716800000, 0x0000000716a00000, 0x0000000716a00000|100%|HC|  |TAMS 0x0000000716a00000| PB 0x0000000716800000| Complete |  0
|  99|0x0000000716a00000, 0x0000000716c00000, 0x0000000716c00000|100%|HC|  |TAMS 0x0000000716c00000| PB 0x0000000716a00000| Complete |  0
| 100|0x0000000716c00000, 0x0000000716e00000, 0x0000000716e00000|100%|HC|  |TAMS 0x0000000716e00000| PB 0x0000000716c00000| Complete |  0
| 101|0x0000000716e00000, 0x0000000717000000, 0x0000000717000000|100%|HC|  |TAMS 0x0000000717000000| PB 0x0000000716e00000| Complete |  0
| 102|0x0000000717000000, 0x0000000717200000, 0x0000000717200000|100%|HC|  |TAMS 0x0000000717200000| PB 0x0000000717000000| Complete |  0
| 103|0x0000000717200000, 0x0000000717400000, 0x0000000717400000|100%|HC|  |TAMS 0x0000000717400000| PB 0x0000000717200000| Complete |  0
| 104|0x0000000717400000, 0x0000000717600000, 0x0000000717600000|100%|HC|  |TAMS 0x0000000717600000| PB 0x0000000717400000| Complete |  0
| 105|0x0000000717600000, 0x0000000717800000, 0x0000000717800000|100%|HC|  |TAMS 0x0000000717800000| PB 0x0000000717600000| Complete |  0
| 106|0x0000000717800000, 0x0000000717a00000, 0x0000000717a00000|100%|HC|  |TAMS 0x0000000717a00000| PB 0x0000000717800000| Complete |  0
| 107|0x0000000717a00000, 0x0000000717c00000, 0x0000000717c00000|100%|HC|  |TAMS 0x0000000717c00000| PB 0x0000000717a00000| Complete |  0
| 108|0x0000000717c00000, 0x0000000717e00000, 0x0000000717e00000|100%|HC|  |TAMS 0x0000000717e00000| PB 0x0000000717c00000| Complete |  0
| 109|0x0000000717e00000, 0x0000000718000000, 0x0000000718000000|100%|HC|  |TAMS 0x0000000718000000| PB 0x0000000717e00000| Complete |  0
| 110|0x0000000718000000, 0x0000000718200000, 0x0000000718200000|100%|HC|  |TAMS 0x0000000718200000| PB 0x0000000718000000| Complete |  0
| 111|0x0000000718200000, 0x0000000718400000, 0x0000000718400000|100%|HC|  |TAMS 0x0000000718400000| PB 0x0000000718200000| Complete |  0
| 112|0x0000000718400000, 0x0000000718600000, 0x0000000718600000|100%|HC|  |TAMS 0x0000000718600000| PB 0x0000000718400000| Complete |  0
| 113|0x0000000718600000, 0x0000000718800000, 0x0000000718800000|100%|HC|  |TAMS 0x0000000718800000| PB 0x0000000718600000| Complete |  0
| 114|0x0000000718800000, 0x0000000718a00000, 0x0000000718a00000|100%|HC|  |TAMS 0x0000000718a00000| PB 0x0000000718800000| Complete |  0
| 115|0x0000000718a00000, 0x0000000718c00000, 0x0000000718c00000|100%|HC|  |TAMS 0x0000000718c00000| PB 0x0000000718a00000| Complete |  0
| 116|0x0000000718c00000, 0x0000000718e00000, 0x0000000718e00000|100%|HC|  |TAMS 0x0000000718e00000| PB 0x0000000718c00000| Complete |  0
| 117|0x0000000718e00000, 0x0000000719000000, 0x0000000719000000|100%|HC|  |TAMS 0x0000000719000000| PB 0x0000000718e00000| Complete |  0
| 118|0x0000000719000000, 0x0000000719200000, 0x0000000719200000|100%|HC|  |TAMS 0x0000000719200000| PB 0x0000000719000000| Complete |  0
| 119|0x0000000719200000, 0x0000000719200000, 0x0000000719400000|  0%| F|  |TAMS 0x0000000719200000| PB 0x0000000719200000| Untracked |  0
| 120|0x0000000719400000, 0x0000000719400000, 0x0000000719600000|  0%| F|  |TAMS 0x0000000719400000| PB 0x0000000719400000| Untracked |  0
| 121|0x0000000719600000, 0x0000000719600000, 0x0000000719800000|  0%| F|  |TAMS 0x0000000719600000| PB 0x0000000719600000| Untracked |  0
| 122|0x0000000719800000, 0x0000000719800000, 0x0000000719a00000|  0%| F|  |TAMS 0x0000000719800000| PB 0x0000000719800000| Untracked |  0
| 123|0x0000000719a00000, 0x0000000719a00000, 0x0000000719c00000|  0%| F|  |TAMS 0x0000000719a00000| PB 0x0000000719a00000| Untracked |  0
| 124|0x0000000719c00000, 0x0000000719c00000, 0x0000000719e00000|  0%| F|  |TAMS 0x0000000719c00000| PB 0x0000000719c00000| Untracked |  0
|1941|0x00000007fce00000, 0x00000007fce00000, 0x00000007fd000000|  0%| F|  |TAMS 0x00000007fce00000| PB 0x00000007fce00000| Untracked |  0
|1942|0x00000007fd000000, 0x00000007fd000000, 0x00000007fd200000|  0%| F|  |TAMS 0x00000007fd000000| PB 0x00000007fd000000| Untracked |  0
|1943|0x00000007fd200000, 0x00000007fd400000, 0x00000007fd400000|100%| O|  |TAMS 0x00000007fd400000| PB 0x00000007fd200000| Untracked |  0
|1944|0x00000007fd400000, 0x00000007fd600000, 0x00000007fd600000|100%| O|  |TAMS 0x00000007fd600000| PB 0x00000007fd400000| Untracked |  0
|1945|0x00000007fd600000, 0x00000007fd800000, 0x00000007fd800000|100%| O|  |TAMS 0x00000007fd800000| PB 0x00000007fd600000| Untracked |  0
|1946|0x00000007fd800000, 0x00000007fda00000, 0x00000007fda00000|100%| O|  |TAMS 0x00000007fda00000| PB 0x00000007fd800000| Untracked |  0
|1947|0x00000007fda00000, 0x00000007fdc00000, 0x00000007fdc00000|100%| O|  |TAMS 0x00000007fdc00000| PB 0x00000007fda00000| Untracked |  0
|1948|0x00000007fdc00000, 0x00000007fde00000, 0x00000007fde00000|100%| O|  |TAMS 0x00000007fde00000| PB 0x00000007fdc00000| Untracked |  0
|1949|0x00000007fde00000, 0x00000007fe000000, 0x00000007fe000000|100%| O|  |TAMS 0x00000007fe000000| PB 0x00000007fde00000| Untracked |  0
|1950|0x00000007fe000000, 0x00000007fe200000, 0x00000007fe200000|100%| O|  |TAMS 0x00000007fe200000| PB 0x00000007fe000000| Untracked |  0
|1951|0x00000007fe200000, 0x00000007fe400000, 0x00000007fe400000|100%| O|  |TAMS 0x00000007fe400000| PB 0x00000007fe200000| Untracked |  0
|1952|0x00000007fe400000, 0x00000007fe600000, 0x00000007fe600000|100%| O|  |TAMS 0x00000007fe600000| PB 0x00000007fe400000| Untracked |  0
|1953|0x00000007fe600000, 0x00000007fe800000, 0x00000007fe800000|100%| O|  |TAMS 0x00000007fe800000| PB 0x00000007fe600000| Untracked |  0
|1954|0x00000007fe800000, 0x00000007fea00000, 0x00000007fea00000|100%| O|  |TAMS 0x00000007fea00000| PB 0x00000007fe800000| Untracked |  0
|1955|0x00000007fea00000, 0x00000007fec00000, 0x00000007fec00000|100%| O|  |TAMS 0x00000007fec00000| PB 0x00000007fea00000| Untracked |  0
|1956|0x00000007fec00000, 0x00000007fee00000, 0x00000007fee00000|100%| O|  |TAMS 0x00000007fee00000| PB 0x00000007fec00000| Untracked |  0
|1957|0x00000007fee00000, 0x00000007ff000000, 0x00000007ff000000|100%| O|  |TAMS 0x00000007ff000000| PB 0x00000007fee00000| Untracked |  0
|1958|0x00000007ff000000, 0x00000007ff200000, 0x00000007ff200000|100%| O|  |TAMS 0x00000007ff200000| PB 0x00000007ff000000| Untracked |  0
|1959|0x00000007ff200000, 0x00000007ff400000, 0x00000007ff400000|100%| O|  |TAMS 0x00000007ff400000| PB 0x00000007ff200000| Untracked |  0
|1960|0x00000007ff400000, 0x00000007ff600000, 0x00000007ff600000|100%| O|  |TAMS 0x00000007ff600000| PB 0x00000007ff400000| Untracked |  0
|1961|0x00000007ff600000, 0x00000007ff800000, 0x00000007ff800000|100%| O|  |TAMS 0x00000007ff800000| PB 0x00000007ff600000| Untracked |  0
|1962|0x00000007ff800000, 0x00000007ffa00000, 0x00000007ffa00000|100%| O|  |TAMS 0x00000007ffa00000| PB 0x00000007ff800000| Untracked |  0
|1963|0x00000007ffa00000, 0x00000007ffc00000, 0x00000007ffc00000|100%| O|  |TAMS 0x00000007ffc00000| PB 0x00000007ffa00000| Untracked |  0
|1964|0x00000007ffc00000, 0x00000007ffe00000, 0x00000007ffe00000|100%| O|  |TAMS 0x00000007ffe00000| PB 0x00000007ffc00000| Untracked |  0
|1965|0x00000007ffe00000, 0x00000007ffe00000, 0x0000000800000000|  0%| F|  |TAMS 0x00000007ffe00000| PB 0x00000007ffe00000| Untracked |  0

Card table byte_map: [0x0000025fe1530000,0x0000025fe1ce0000] _byte_map_base: 0x0000025fddcde000

Marking Bits: (CMBitMap*) 0x0000025fc8d782c0
 Bits: [0x0000025fe1ce0000, 0x0000025fe5a50000)

Polling page: 0x0000025fc6ba0000

Metaspace:

Usage:
  Non-class:     55.56 MB used.
      Class:      6.55 MB used.
       Both:     62.12 MB used.

Virtual space:
  Non-class space:       64.00 MB reserved,      56.00 MB ( 88%) committed,  1 nodes.
      Class space:        1.00 GB reserved,       6.81 MB ( <1%) committed,  1 nodes.
             Both:        1.06 GB reserved,      62.81 MB (  6%) committed. 

Chunk freelists:
   Non-Class:  7.98 MB
       Class:  9.00 MB
        Both:  16.99 MB

MaxMetaspaceSize: unlimited
CompressedClassSpaceSize: 1.00 GB
Initial GC threshold: 21.00 MB
Current GC threshold: 104.50 MB
CDS: on
 - commit_granule_bytes: 65536.
 - commit_granule_words: 8192.
 - virtual_space_node_default_size: 8388608.
 - enlarge_chunks_in_place: 1.
UseCompressedClassPointers 1, UseCompactObjectHeaders 0
Narrow klass pointer bits 32, Max shift 3
Narrow klass base: 0x0000025f80000000, Narrow klass shift: 0
Encoding Range: [0x0000025f80000000 - 0x0000026080000000), (4294967296 bytes)
Klass Range:    [0x0000025f80000000 - 0x0000025fc1000000), (1090519040 bytes)
Klass ID Range:  [8 - 1090519033) (1090519025)


Internal statistics:

num_allocs_failed_limit: 12.
num_arena_births: 914.
num_arena_deaths: 0.
num_vsnodes_births: 2.
num_vsnodes_deaths: 0.
num_space_committed: 1005.
num_space_uncommitted: 0.
num_chunks_returned_to_freelist: 12.
num_chunks_taken_from_freelist: 2637.
num_chunk_merges: 12.
num_chunk_splits: 1912.
num_chunks_enlarged: 1430.
num_inconsistent_stats: 0.

CodeHeap 'non-profiled nmethods': size=120064Kb used=4503Kb max_used=5458Kb free=115560Kb
 bounds [0x0000025fd92d0000, 0x0000025fd9830000, 0x0000025fe0810000]
CodeHeap 'profiled nmethods': size=120000Kb used=9291Kb max_used=13912Kb free=110709Kb
 bounds [0x0000025fd1810000, 0x0000025fd25b0000, 0x0000025fd8d40000]
CodeHeap 'non-nmethods': size=5696Kb used=1883Kb max_used=2077Kb free=3812Kb
 bounds [0x0000025fd8d40000, 0x0000025fd8fb0000, 0x0000025fd92d0000]
CodeCache: size=245760Kb, used=15677Kb, max_used=21447Kb, free=230081Kb
 total_blobs=7300, nmethods=6246, adapters=945, full_count=0
Compilation: enabled, stopped_count=0, restarted_count=0

Compilation events (20 events):
Event: 385.770 Thread 0x0000025fe86dfed0 10631       4       org.apache.xmlbeans.impl.store.Saver$TextSaver::emit (148 bytes)
Event: 385.780 Thread 0x0000025fe86dfed0 nmethod 10631 0x0000025fd95fd008 code [0x0000025fd95fd1a0, 0x0000025fd95fdb58]
Event: 385.780 Thread 0x0000025fee0bc320 nmethod 10630 0x0000025fd94c9588 code [0x0000025fd94c9740, 0x0000025fd94ca138]
Event: 385.781 Thread 0x0000025fe86dfed0 10632       4       org.apache.xmlbeans.impl.store.Saver$FragSaveCur::getChars (65 bytes)
Event: 385.781 Thread 0x0000025fee0bc320 10623       4       org.apache.xmlbeans.impl.store.Cursor$$Lambda/0x0000025f816737f8::get (12 bytes)
Event: 385.784 Thread 0x0000025fe86dfed0 nmethod 10632 0x0000025fd9371b08 code [0x0000025fd9371c20, 0x0000025fd9371dd8]
Event: 385.784 Thread 0x0000025fe86dfed0 10624       4       org.apache.xmlbeans.impl.store.Cursor::_xmlText (38 bytes)
Event: 385.787 Thread 0x0000025ff63bd1b0 nmethod 10625 0x0000025fd93f2388 code [0x0000025fd93f2680, 0x0000025fd93f38f8]
Event: 385.787 Thread 0x0000025ff63bd1b0 10627       4       org.apache.xmlbeans.impl.store.Saver$TextSaver::emitNamespacesHelper (143 bytes)
Event: 385.789 Thread 0x0000025fee0bc320 nmethod 10623 0x0000025fd9561008 code [0x0000025fd9561180, 0x0000025fd9561950]
Event: 385.789 Thread 0x0000025fee0bc320 10628       4       org.apache.xmlbeans.impl.store.Saver$FragSaveCur::hasChildren (40 bytes)
Event: 385.791 Thread 0x0000025fe86dfed0 nmethod 10624 0x0000025fd9461108 code [0x0000025fd9461280, 0x0000025fd9461a28]
Event: 385.791 Thread 0x0000025fe86dfed0 10629       4       org.apache.xmlbeans.impl.store.Saver$FragSaveCur::hasText (33 bytes)
Event: 385.791 Thread 0x0000025ff63bd1b0 nmethod 10627 0x0000025fd9319c88 code [0x0000025fd9319dc0, 0x0000025fd931a148]
Event: 385.791 Thread 0x0000025ff63bd1b0 10602       4       org.apache.xmlbeans.impl.store.Saver::addNewFrameMapping (82 bytes)
Event: 385.798 Thread 0x0000025fee0bc320 nmethod 10628 0x0000025fd9662308 code [0x0000025fd96624e0, 0x0000025fd9662ed8]
Event: 385.798 Thread 0x0000025fee0bc320 10611       4       org.apache.xmlbeans.XmlOptions::getSaveSubstituteCharacters (11 bytes)
Event: 385.800 Thread 0x0000025fe86dfed0 nmethod 10629 0x0000025fd93f3e88 code [0x0000025fd93f4040, 0x0000025fd93f4a08]
Event: 385.801 Thread 0x0000025ff63bd1b0 nmethod 10602 0x0000025fd945a008 code [0x0000025fd945a1a0, 0x0000025fd945ac50]
Event: 385.803 Thread 0x0000025fee0bc320 nmethod 10611 0x0000025fd9349188 code [0x0000025fd9349320, 0x0000025fd9349788]

GC Heap History (20 events):
Event: 114.173 GC heap after
{Heap after GC invocations=17 (full 0):
 garbage-first heap   total reserved 4026368K, committed 61440K, used 33326K [0x000000070a400000, 0x0000000800000000)
  region size 2048K, 1 young (2048K), 1 survivors (2048K)
 Metaspace       used 61855K, committed 62592K, reserved 1114112K
  class space    used 6599K, committed 6912K, reserved 1048576K
}
Event: 114.236 GC heap before
{Heap before GC invocations=17 (full 0):
 garbage-first heap   total reserved 4026368K, committed 61440K, used 51758K [0x000000070a400000, 0x0000000800000000)
  region size 2048K, 10 young (20480K), 1 survivors (2048K)
 Metaspace       used 61949K, committed 62656K, reserved 1114112K
  class space    used 6599K, committed 6912K, reserved 1048576K
}
Event: 114.238 GC heap after
{Heap after GC invocations=18 (full 0):
 garbage-first heap   total reserved 4026368K, committed 157696K, used 33520K [0x000000070a400000, 0x0000000800000000)
  region size 2048K, 1 young (2048K), 1 survivors (2048K)
 Metaspace       used 61949K, committed 62656K, reserved 1114112K
  class space    used 6599K, committed 6912K, reserved 1048576K
}
Event: 124.589 GC heap before
{Heap before GC invocations=19 (full 0):
 garbage-first heap   total reserved 4026368K, committed 116736K, used 101104K [0x000000070a400000, 0x0000000800000000)
  region size 2048K, 34 young (69632K), 1 survivors (2048K)
 Metaspace       used 63082K, committed 63808K, reserved 1114112K
  class space    used 6684K, committed 6976K, reserved 1048576K
}
Event: 124.592 GC heap after
{Heap after GC invocations=20 (full 0):
 garbage-first heap   total reserved 4026368K, committed 116736K, used 34670K [0x000000070a400000, 0x0000000800000000)
  region size 2048K, 1 young (2048K), 1 survivors (2048K)
 Metaspace       used 63082K, committed 63808K, reserved 1114112K
  class space    used 6684K, committed 6976K, reserved 1048576K
}
Event: 293.928 GC heap before
{Heap before GC invocations=20 (full 0):
 garbage-first heap   total reserved 4026368K, committed 116736K, used 94062K [0x000000070a400000, 0x0000000800000000)
  region size 2048K, 30 young (61440K), 1 survivors (2048K)
 Metaspace       used 63344K, committed 64000K, reserved 1114112K
  class space    used 6692K, committed 6976K, reserved 1048576K
}
Event: 293.932 GC heap after
{Heap after GC invocations=21 (full 0):
 garbage-first heap   total reserved 4026368K, committed 116736K, used 34692K [0x000000070a400000, 0x0000000800000000)
  region size 2048K, 2 young (4096K), 2 survivors (4096K)
 Metaspace       used 63344K, committed 64000K, reserved 1114112K
  class space    used 6692K, committed 6976K, reserved 1048576K
}
Event: 384.888 GC heap before
{Heap before GC invocations=21 (full 0):
 garbage-first heap   total reserved 4026368K, committed 116736K, used 49028K [0x000000070a400000, 0x0000000800000000)
  region size 2048K, 10 young (20480K), 2 survivors (4096K)
 Metaspace       used 63520K, committed 64192K, reserved 1114112K
  class space    used 6709K, committed 6976K, reserved 1048576K
}
Event: 384.892 GC heap after
{Heap after GC invocations=22 (full 0):
 garbage-first heap   total reserved 4026368K, committed 116736K, used 34719K [0x000000070a400000, 0x0000000800000000)
  region size 2048K, 2 young (4096K), 2 survivors (4096K)
 Metaspace       used 63520K, committed 64192K, reserved 1114112K
  class space    used 6709K, committed 6976K, reserved 1048576K
}
Event: 385.300 GC heap before
{Heap before GC invocations=23 (full 0):
 garbage-first heap   total reserved 4026368K, committed 249856K, used 247711K [0x000000070a400000, 0x0000000800000000)
  region size 2048K, 30 young (61440K), 2 survivors (4096K)
 Metaspace       used 63563K, committed 64256K, reserved 1114112K
  class space    used 6709K, committed 6976K, reserved 1048576K
}
Event: 385.347 GC heap after
{Heap after GC invocations=24 (full 0):
 garbage-first heap   total reserved 4026368K, committed 307200K, used 166787K [0x000000070a400000, 0x0000000800000000)
  region size 2048K, 4 young (8192K), 4 survivors (8192K)
 Metaspace       used 63563K, committed 64256K, reserved 1114112K
  class space    used 6709K, committed 6976K, reserved 1048576K
}
Event: 385.470 GC heap before
{Heap before GC invocations=24 (full 0):
 garbage-first heap   total reserved 4026368K, committed 307200K, used 240515K [0x000000070a400000, 0x0000000800000000)
  region size 2048K, 40 young (81920K), 4 survivors (8192K)
 Metaspace       used 63604K, committed 64320K, reserved 1114112K
  class space    used 6709K, committed 6976K, reserved 1048576K
}
Event: 385.486 GC heap after
{Heap after GC invocations=25 (full 0):
 garbage-first heap   total reserved 4026368K, committed 307200K, used 175741K [0x000000070a400000, 0x0000000800000000)
  region size 2048K, 4 young (8192K), 4 survivors (8192K)
 Metaspace       used 63604K, committed 64320K, reserved 1114112K
  class space    used 6709K, committed 6976K, reserved 1048576K
}
Event: 385.586 GC heap before
{Heap before GC invocations=25 (full 0):
 garbage-first heap   total reserved 4026368K, committed 307200K, used 247421K [0x000000070a400000, 0x0000000800000000)
  region size 2048K, 39 young (79872K), 4 survivors (8192K)
 Metaspace       used 63604K, committed 64320K, reserved 1114112K
  class space    used 6709K, committed 6976K, reserved 1048576K
}
Event: 385.595 GC heap after
{Heap after GC invocations=26 (full 0):
 garbage-first heap   total reserved 4026368K, committed 307200K, used 178632K [0x000000070a400000, 0x0000000800000000)
  region size 2048K, 1 young (2048K), 1 survivors (2048K)
 Metaspace       used 63604K, committed 64320K, reserved 1114112K
  class space    used 6709K, committed 6976K, reserved 1048576K
}
Event: 385.693 GC heap before
{Heap before GC invocations=27 (full 0):
 garbage-first heap   total reserved 4026368K, committed 307200K, used 254408K [0x000000070a400000, 0x0000000800000000)
  region size 2048K, 38 young (77824K), 1 survivors (2048K)
 Metaspace       used 63606K, committed 64320K, reserved 1114112K
  class space    used 6710K, committed 6976K, reserved 1048576K
}
Event: 385.695 GC heap after
{Heap after GC invocations=28 (full 0):
 garbage-first heap   total reserved 4026368K, committed 307200K, used 178927K [0x000000070a400000, 0x0000000800000000)
  region size 2048K, 1 young (2048K), 1 survivors (2048K)
 Metaspace       used 63606K, committed 64320K, reserved 1114112K
  class space    used 6710K, committed 6976K, reserved 1048576K
}
Event: 385.761 GC heap before
{Heap before GC invocations=28 (full 0):
 garbage-first heap   total reserved 4026368K, committed 307200K, used 258799K [0x000000070a400000, 0x0000000800000000)
  region size 2048K, 40 young (81920K), 1 survivors (2048K)
 Metaspace       used 63606K, committed 64320K, reserved 1114112K
  class space    used 6710K, committed 6976K, reserved 1048576K
}
Event: 385.767 GC heap after
{Heap after GC invocations=29 (full 0):
 garbage-first heap   total reserved 4026368K, committed 307200K, used 172698K [0x000000070a400000, 0x0000000800000000)
  region size 2048K, 2 young (4096K), 2 survivors (4096K)
 Metaspace       used 63606K, committed 64320K, reserved 1114112K
  class space    used 6710K, committed 6976K, reserved 1048576K
}
Event: 385.809 GC heap before
{Heap before GC invocations=29 (full 0):
 garbage-first heap   total reserved 4026368K, committed 307200K, used 260762K [0x000000070a400000, 0x0000000800000000)
  region size 2048K, 45 young (92160K), 2 survivors (4096K)
 Metaspace       used 63606K, committed 64320K, reserved 1114112K
  class space    used 6710K, committed 6976K, reserved 1048576K
}

Dll operation events (13 events):
Event: 0.008 Loaded shared library C:\Program Files\Apache NetBeans\jdk\bin\java.dll
Event: 0.029 Loaded shared library C:\Program Files\Apache NetBeans\jdk\bin\jsvml.dll
Event: 0.074 Loaded shared library C:\Program Files\Apache NetBeans\jdk\bin\jimage.dll
Event: 0.077 Loaded shared library C:\Program Files\Apache NetBeans\jdk\bin\net.dll
Event: 0.078 Loaded shared library C:\Program Files\Apache NetBeans\jdk\bin\nio.dll
Event: 0.088 Loaded shared library C:\Program Files\Apache NetBeans\jdk\bin\zip.dll
Event: 0.129 Loaded shared library C:\Program Files\Apache NetBeans\jdk\bin\awt.dll
Event: 0.331 Loaded shared library C:\Program Files\Apache NetBeans\jdk\bin\freetype.dll
Event: 0.332 Loaded shared library C:\Program Files\Apache NetBeans\jdk\bin\fontmanager.dll
Event: 2.069 Loaded shared library C:\Windows\System32\ucrtbase.dll
Event: 2.070 Loaded shared library C:\Program Files\Apache NetBeans\jdk\bin\syslookup.dll
Event: 7.230 Loaded shared library C:\Program Files\Apache NetBeans\jdk\bin\extnet.dll
Event: 7.615 Loaded shared library C:\Program Files\Apache NetBeans\jdk\bin\verify.dll

Deoptimization events (20 events):
Event: 385.421 Thread 0x0000025fedc259c0 Uncommon trap: trap_request=0xffffff4d fr.pc=0x0000025fd94ca9e4 relative=0x00000000000005e4
Event: 385.421 Thread 0x0000025fedc259c0 Uncommon trap: reason=unstable_if action=reinterpret pc=0x0000025fd94ca9e4 method=java.util.HashMap.putVal(ILjava/lang/Object;Ljava/lang/Object;ZZ)Ljava/lang/Object; @ 94 c2
Event: 385.421 Thread 0x0000025fedc259c0 DEOPT PACKING pc=0x0000025fd94ca9e4 sp=0x00000086223fecc0
Event: 385.421 Thread 0x0000025fedc259c0 DEOPT UNPACKING pc=0x0000025fd8e55d02 sp=0x00000086223febd0 mode 2
Event: 385.439 Thread 0x0000025fedc259c0 Uncommon trap: trap_request=0xffffffde fr.pc=0x0000025fd93c9d68 relative=0x00000000000004a8
Event: 385.439 Thread 0x0000025fedc259c0 Uncommon trap: reason=class_check action=maybe_recompile pc=0x0000025fd93c9d68 method=org.apache.xmlbeans.impl.store.CharUtil.getChars([CILjava/lang/Object;II)V @ 88 c2
Event: 385.439 Thread 0x0000025fedc259c0 DEOPT PACKING pc=0x0000025fd93c9d68 sp=0x00000086223fe830
Event: 385.439 Thread 0x0000025fedc259c0 DEOPT UNPACKING pc=0x0000025fd8e55d02 sp=0x00000086223fe7e0 mode 2
Event: 385.466 Thread 0x0000025fedc259c0 Uncommon trap: trap_request=0xffffffde fr.pc=0x0000025fd93c9d68 relative=0x00000000000004a8
Event: 385.466 Thread 0x0000025fedc259c0 Uncommon trap: reason=class_check action=maybe_recompile pc=0x0000025fd93c9d68 method=org.apache.xmlbeans.impl.store.CharUtil.getChars([CILjava/lang/Object;II)V @ 88 c2
Event: 385.466 Thread 0x0000025fedc259c0 DEOPT PACKING pc=0x0000025fd93c9d68 sp=0x00000086223fe830
Event: 385.466 Thread 0x0000025fedc259c0 DEOPT UNPACKING pc=0x0000025fd8e55d02 sp=0x00000086223fe7e0 mode 2
Event: 385.524 Thread 0x0000025fedc259c0 Uncommon trap: trap_request=0xffffffde fr.pc=0x0000025fd93c9d68 relative=0x00000000000004a8
Event: 385.524 Thread 0x0000025fedc259c0 Uncommon trap: reason=class_check action=maybe_recompile pc=0x0000025fd93c9d68 method=org.apache.xmlbeans.impl.store.CharUtil.getChars([CILjava/lang/Object;II)V @ 88 c2
Event: 385.524 Thread 0x0000025fedc259c0 DEOPT PACKING pc=0x0000025fd93c9d68 sp=0x00000086223fe810
Event: 385.524 Thread 0x0000025fedc259c0 DEOPT UNPACKING pc=0x0000025fd8e55d02 sp=0x00000086223fe7c0 mode 2
Event: 385.564 Thread 0x0000025fedc259c0 Uncommon trap: trap_request=0xffffffde fr.pc=0x0000025fd93c9d68 relative=0x00000000000004a8
Event: 385.564 Thread 0x0000025fedc259c0 Uncommon trap: reason=class_check action=maybe_recompile pc=0x0000025fd93c9d68 method=org.apache.xmlbeans.impl.store.CharUtil.getChars([CILjava/lang/Object;II)V @ 88 c2
Event: 385.564 Thread 0x0000025fedc259c0 DEOPT PACKING pc=0x0000025fd93c9d68 sp=0x00000086223fe810
Event: 385.564 Thread 0x0000025fedc259c0 DEOPT UNPACKING pc=0x0000025fd8e55d02 sp=0x00000086223fe7c0 mode 2

Classes loaded (20 events):
Event: 384.879 Loading class javax/swing/SwingWorker$DoSubmitAccumulativeRunnable
Event: 384.880 Loading class sun/swing/AccumulativeRunnable
Event: 384.880 Loading class sun/swing/AccumulativeRunnable done
Event: 384.880 Loading class javax/swing/SwingWorker$DoSubmitAccumulativeRunnable done
Event: 384.880 Loading class javax/swing/SwingWorker$1
Event: 384.880 Loading class javax/swing/SwingWorker$1 done
Event: 384.880 Loading class javax/swing/SwingWorker$StateValue
Event: 384.880 Loading class javax/swing/SwingWorker$StateValue done
Event: 384.880 Loading class javax/swing/SwingWorker$SwingWorkerPropertyChangeSupport
Event: 384.880 Loading class javax/swing/SwingWorker$SwingWorkerPropertyChangeSupport done
Event: 384.880 Loading class javax/swing/SwingWorker$5
Event: 384.880 Loading class javax/swing/SwingWorker$5 done
Event: 384.881 Loading class javax/swing/SwingWorker$6
Event: 384.881 Loading class javax/swing/SwingWorker$6 done
Event: 384.881 Loading class javax/swing/SwingWorker$SwingWorkerPropertyChangeSupport$1
Event: 384.881 Loading class javax/swing/SwingWorker$SwingWorkerPropertyChangeSupport$1 done
Event: 384.885 Loading class javax/swing/SwingWorker$3
Event: 384.885 Loading class javax/swing/SwingWorker$3 done
Event: 384.885 Loading class javax/swing/SwingWorker$2
Event: 384.885 Loading class javax/swing/SwingWorker$2 done

Classes unloaded (0 events):
No events

Classes redefined (0 events):
No events

Internal exceptions (20 events):
Event: 8.946 Thread 0x0000025fc59ea440 Exception <a 'java/lang/NoSuchMethodError'{0x000000070d14f0d8}: 'java.lang.Object java.lang.invoke.DelegatingMethodHandle$Holder.reinvoke_L(java.lang.Object, java.lang.Object, int, int, long)'> (0x000000070d14f0d8) 
thrown [s\src\hotspot\share\interpreter\linkResolver.cpp, line 805]
Event: 9.155 Thread 0x0000025fc59ea440 Implicit null exception at 0x0000025fd937592e to 0x0000025fd9375b80
Event: 92.160 Thread 0x0000025fc59ea440 Implicit null exception at 0x0000025fd953595e to 0x0000025fd9536bb0
Event: 113.275 Thread 0x0000025fc59ea440 Implicit null exception at 0x0000025fd95302ea to 0x0000025fd9530fd4
Event: 113.382 Thread 0x0000025fc59ea440 Exception <a 'java/lang/NoSuchMethodError'{0x000000070d0ac570}: 'long java.lang.invoke.DirectMethodHandle$Holder.invokeVirtual(java.lang.Object, java.lang.Object)'> (0x000000070d0ac570) 
thrown [s\src\hotspot\share\interpreter\linkResolver.cpp, line 805]
Event: 113.393 Thread 0x0000025fc59ea440 Exception <a 'java/lang/NoSuchMethodError'{0x000000070d1c8480}: 'void java.lang.invoke.DirectMethodHandle$Holder.invokeVirtual(java.lang.Object, java.lang.Object, java.lang.Object, int)'> (0x000000070d1c8480) 
thrown [s\src\hotspot\share\interpreter\linkResolver.cpp, line 805]
Event: 113.393 Thread 0x0000025fc59ea440 Exception <a 'java/lang/NoSuchMethodError'{0x000000070d1d8ff8}: 'void java.lang.invoke.DirectMethodHandle$Holder.invokeVirtual(java.lang.Object, java.lang.Object, java.lang.Object, java.lang.Object)'> (0x000000070d1d8ff8) 
thrown [s\src\hotspot\share\interpreter\linkResolver.cpp, line 805]
Event: 113.397 Thread 0x0000025fc59ea440 Exception <a 'java/lang/NoSuchMethodError'{0x000000070ceb39a0}: 'void java.lang.invoke.DirectMethodHandle$Holder.invokeStatic(java.lang.Object, java.lang.Object, java.lang.Object, int)'> (0x000000070ceb39a0) 
thrown [s\src\hotspot\share\interpreter\linkResolver.cpp, line 805]
Event: 113.397 Thread 0x0000025fc59ea440 Exception <a 'java/lang/NoSuchMethodError'{0x000000070cebbad8}: 'void java.lang.invoke.DirectMethodHandle$Holder.invokeStaticInit(java.lang.Object, java.lang.Object, java.lang.Object, int)'> (0x000000070cebbad8) 
thrown [s\src\hotspot\share\interpreter\linkResolver.cpp, line 805]
Event: 113.433 Thread 0x0000025fc59ea440 Exception <a 'java/lang/NoSuchMethodError'{0x000000070ccb3988}: 'java.lang.Object java.lang.invoke.DirectMethodHandle$Holder.invokeStatic(java.lang.Object, java.lang.Object, int, int)'> (0x000000070ccb3988) 
thrown [s\src\hotspot\share\interpreter\linkResolver.cpp, line 805]
Event: 113.433 Thread 0x0000025fc59ea440 Exception <a 'java/lang/NoSuchMethodError'{0x000000070ccbbac0}: 'java.lang.Object java.lang.invoke.DirectMethodHandle$Holder.invokeStaticInit(java.lang.Object, java.lang.Object, int, int)'> (0x000000070ccbbac0) 
thrown [s\src\hotspot\share\interpreter\linkResolver.cpp, line 805]
Event: 113.851 Thread 0x0000025fc59ea440 Exception <a 'java/lang/NoSuchMethodError'{0x000000070ceac1d0}: 'java.lang.Object java.lang.invoke.DirectMethodHandle$Holder.invokeVirtual(java.lang.Object, java.lang.Object, int)'> (0x000000070ceac1d0) 
thrown [s\src\hotspot\share\interpreter\linkResolver.cpp, line 805]
Event: 113.851 Thread 0x0000025fc59ea440 Exception <a 'java/lang/NoSuchMethodError'{0x000000070cebc6b8}: 'void java.lang.invoke.DirectMethodHandle$Holder.invokeVirtual(java.lang.Object, java.lang.Object, int, java.lang.Object)'> (0x000000070cebc6b8) 
thrown [s\src\hotspot\share\interpreter\linkResolver.cpp, line 805]
Event: 113.852 Thread 0x0000025fc59ea440 Exception <a 'java/lang/NoSuchMethodError'{0x000000070ced4cb0}: 'void java.lang.invoke.DirectMethodHandle$Holder.invokeVirtual(java.lang.Object, java.lang.Object, int)'> (0x000000070ced4cb0) 
thrown [s\src\hotspot\share\interpreter\linkResolver.cpp, line 805]
Event: 114.356 Thread 0x0000025fc59ea440 Exception <a 'java/lang/NoSuchMethodError'{0x000000070f0a15b8}: 'void java.lang.invoke.DirectMethodHandle$Holder.invokeSpecial(java.lang.Object, java.lang.Object, int, java.lang.Object, java.lang.Object, java.lang.Object, java.lang.Object)'> (0x000000070f0a15b8) 
thrown [s\src\hotspot\share\interpreter\linkResolver.cpp, line 805]
Event: 114.358 Thread 0x0000025fc59ea440 Exception <a 'java/lang/NoSuchMethodError'{0x000000070f0bfda8}: 'int java.lang.invoke.DirectMethodHandle$Holder.invokeStatic(java.lang.Object, java.lang.Object, int, int)'> (0x000000070f0bfda8) 
thrown [s\src\hotspot\share\interpreter\linkResolver.cpp, line 805]
Event: 114.441 Thread 0x0000025fc59ea440 Exception <a 'java/lang/NoSuchMethodError'{0x000000070ee4e108}: 'void java.lang.invoke.DirectMethodHandle$Holder.invokeInterface(java.lang.Object, java.lang.Object, java.lang.Object, java.lang.Object)'> (0x000000070ee4e108) 
thrown [s\src\hotspot\share\interpreter\linkResolver.cpp, line 805]
Event: 114.448 Thread 0x0000025fc59ea440 Exception <a 'java/lang/NoSuchMethodError'{0x000000070eeb4250}: 'java.lang.Object java.lang.invoke.Invokers$Holder.linkToTargetMethod(java.lang.Object, int, java.lang.Object, java.lang.Object, java.lang.Object, java.lang.Object)'> (0x000000070eeb4250) 
thrown [s\src\hotspot\share\interpreter\linkResolver.cpp, line 805]
Event: 285.720 Thread 0x0000025fc59ea440 Implicit null exception at 0x0000025fd958a5bf to 0x0000025fd958b4dc
Event: 384.885 Thread 0x0000025fedc259c0 Exception <a 'java/lang/NoSuchMethodError'{0x00000007109d42f0}: 'void java.lang.invoke.DirectMethodHandle$Holder.invokeSpecial(java.lang.Object, java.lang.Object, int, java.lang.Object)'> (0x00000007109d42f0) 
thrown [s\src\hotspot\share\interpreter\linkResolver.cpp, line 805]

VM Operations (20 events):
Event: 384.892 Executing VM operation: G1TryInitiateConcMark (G1 Humongous Allocation) done
Event: 384.917 Executing VM operation: G1PauseRemark
Event: 384.922 Executing VM operation: G1PauseRemark done
Event: 384.929 Executing VM operation: G1PauseCleanup
Event: 384.929 Executing VM operation: G1PauseCleanup done
Event: 385.300 Executing VM operation: G1CollectForAllocation (G1 Evacuation Pause)
Event: 385.347 Executing VM operation: G1CollectForAllocation (G1 Evacuation Pause) done
Event: 385.470 Executing VM operation: G1CollectForAllocation (G1 Evacuation Pause)
Event: 385.486 Executing VM operation: G1CollectForAllocation (G1 Evacuation Pause) done
Event: 385.586 Executing VM operation: G1CollectForAllocation (G1 Evacuation Pause)
Event: 385.595 Executing VM operation: G1CollectForAllocation (G1 Evacuation Pause) done
Event: 385.639 Executing VM operation: G1PauseRemark
Event: 385.647 Executing VM operation: G1PauseRemark done
Event: 385.662 Executing VM operation: G1PauseCleanup
Event: 385.662 Executing VM operation: G1PauseCleanup done
Event: 385.693 Executing VM operation: G1CollectForAllocation (G1 Evacuation Pause)
Event: 385.695 Executing VM operation: G1CollectForAllocation (G1 Evacuation Pause) done
Event: 385.761 Executing VM operation: G1CollectForAllocation (G1 Evacuation Pause)
Event: 385.767 Executing VM operation: G1CollectForAllocation (G1 Evacuation Pause) done
Event: 385.809 Executing VM operation: G1CollectForAllocation (G1 Evacuation Pause)

Memory protections (0 events):
No events

Nmethod flushes (20 events):
Event: 385.645 Thread 0x0000025fe86b4270 flushing  nmethod 0x0000025fd230ce08
Event: 385.645 Thread 0x0000025fe86b4270 flushing  nmethod 0x0000025fd2364488
Event: 385.645 Thread 0x0000025fe86b4270 flushing  nmethod 0x0000025fd2364e88
Event: 385.645 Thread 0x0000025fe86b4270 flushing  nmethod 0x0000025fd23a1f88
Event: 385.645 Thread 0x0000025fe86b4270 flushing  nmethod 0x0000025fd23d7e88
Event: 385.645 Thread 0x0000025fe86b4270 flushing  nmethod 0x0000025fd2442108
Event: 385.645 Thread 0x0000025fe86b4270 flushing  nmethod 0x0000025fd2442588
Event: 385.645 Thread 0x0000025fe86b4270 flushing  nmethod 0x0000025fd2442d88
Event: 385.645 Thread 0x0000025fe86b4270 flushing  nmethod 0x0000025fd2444308
Event: 385.645 Thread 0x0000025fe86b4270 flushing  nmethod 0x0000025fd2448108
Event: 385.645 Thread 0x0000025fe86b4270 flushing  nmethod 0x0000025fd2449408
Event: 385.645 Thread 0x0000025fe86b4270 flushing  nmethod 0x0000025fd2449b08
Event: 385.645 Thread 0x0000025fe86b4270 flushing  nmethod 0x0000025fd244cb88
Event: 385.645 Thread 0x0000025fe86b4270 flushing  nmethod 0x0000025fd24a1308
Event: 385.645 Thread 0x0000025fe86b4270 flushing  nmethod 0x0000025fd24a1e88
Event: 385.645 Thread 0x0000025fe86b4270 flushing  nmethod 0x0000025fd24a2708
Event: 385.645 Thread 0x0000025fe86b4270 flushing  nmethod 0x0000025fd24a2f08
Event: 385.645 Thread 0x0000025fe86b4270 flushing  nmethod 0x0000025fd24a8108
Event: 385.645 Thread 0x0000025fe86b4270 flushing  nmethod 0x0000025fd24a8508
Event: 385.645 Thread 0x0000025fe86b4270 flushing  nmethod 0x0000025fd24a9408

Events (20 events):
Event: 277.289 Thread 0x0000025fc59ea440 Thread added: 0x0000025fedc26860
Event: 277.290 Thread 0x0000025fc59ea440 Thread added: 0x0000025fedc23c80
Event: 277.290 Thread 0x0000025fedc26860 Thread exited: 0x0000025fedc26860
Event: 277.292 Thread 0x0000025fedc23c80 Thread exited: 0x0000025fedc23c80
Event: 277.300 Thread 0x0000025fc59ea440 Thread added: 0x0000025fedc24b20
Event: 277.303 Thread 0x0000025fedc24b20 Thread exited: 0x0000025fedc24b20
Event: 278.817 Thread 0x0000025fedc26110 Thread exited: 0x0000025fedc26110
Event: 299.077 Thread 0x0000025fc59ea440 Thread added: 0x0000025fedc25270
Event: 299.088 Thread 0x0000025fedc25270 Thread exited: 0x0000025fedc25270
Event: 306.316 Thread 0x0000025fc59ea440 Thread added: 0x0000025fedc26860
Event: 306.318 Thread 0x0000025fedc26860 Thread exited: 0x0000025fedc26860
Event: 307.469 Thread 0x0000025fc59ea440 Thread added: 0x0000025fedc24b20
Event: 307.470 Thread 0x0000025fedc24b20 Thread exited: 0x0000025fedc24b20
Event: 310.436 Thread 0x0000025fc59ea440 Thread added: 0x0000025fedc26860
Event: 310.438 Thread 0x0000025fedc26860 Thread exited: 0x0000025fedc26860
Event: 312.119 Thread 0x0000025fc59ea440 Thread added: 0x0000025fedc24b20
Event: 312.121 Thread 0x0000025fedc24b20 Thread exited: 0x0000025fedc24b20
Event: 384.881 Thread 0x0000025fc59ea440 Thread added: 0x0000025fedc259c0
Event: 384.986 Thread 0x0000025fe86dfed0 Thread added: 0x0000025fee0bc320
Event: 385.128 Thread 0x0000025fe86e44b0 Thread added: 0x0000025ff63bd1b0


Dynamic libraries:
0x00007ff696510000 - 0x00007ff69651e000 	C:\Program Files\Apache NetBeans\jdk\bin\java.exe
0x00007ffc554c0000 - 0x00007ffc55727000 	C:\WINDOWS\SYSTEM32\ntdll.dll
0x00007ffc53eb0000 - 0x00007ffc53f79000 	C:\WINDOWS\System32\KERNEL32.DLL
0x00007ffc52810000 - 0x00007ffc52c01000 	C:\WINDOWS\System32\KERNELBASE.dll
0x00007ffc51e50000 - 0x00007ffc51f9b000 	C:\WINDOWS\System32\ucrtbase.dll
0x00007ffc346d0000 - 0x00007ffc346e6000 	C:\Program Files\Apache NetBeans\jdk\bin\jli.dll
0x00007ffc4a6f0000 - 0x00007ffc4a70e000 	C:\Program Files\Apache NetBeans\jdk\bin\VCRUNTIME140.dll
0x00007ffc54630000 - 0x00007ffc547f5000 	C:\WINDOWS\System32\USER32.dll
0x00007ffc45c20000 - 0x00007ffc45eb3000 	C:\WINDOWS\WinSxS\amd64_microsoft.windows.common-controls_6595b64144ccf1df_6.0.26100.8037_none_3e092faae333b53b\COMCTL32.dll
0x00007ffc52e00000 - 0x00007ffc52e27000 	C:\WINDOWS\System32\win32u.dll
0x00007ffc54440000 - 0x00007ffc544e9000 	C:\WINDOWS\System32\msvcrt.dll
0x00007ffc54880000 - 0x00007ffc548ab000 	C:\WINDOWS\System32\GDI32.dll
0x00007ffc52c10000 - 0x00007ffc52d3b000 	C:\WINDOWS\System32\gdi32full.dll
0x00007ffc52fb0000 - 0x00007ffc53053000 	C:\WINDOWS\System32\msvcp_win.dll
0x00007ffc53c40000 - 0x00007ffc53c71000 	C:\WINDOWS\System32\IMM32.DLL
0x00007ffc4a8f0000 - 0x00007ffc4a8fc000 	C:\Program Files\Apache NetBeans\jdk\bin\vcruntime140_1.dll
0x00007ffbe6480000 - 0x00007ffbe650d000 	C:\Program Files\Apache NetBeans\jdk\bin\msvcp140.dll
0x00007ffba78e0000 - 0x00007ffba875c000 	C:\Program Files\Apache NetBeans\jdk\bin\server\jvm.dll
0x00007ffc54570000 - 0x00007ffc5462b000 	C:\WINDOWS\System32\ADVAPI32.dll
0x00007ffc54270000 - 0x00007ffc54317000 	C:\WINDOWS\System32\sechost.dll
0x00007ffc54320000 - 0x00007ffc54438000 	C:\WINDOWS\System32\RPCRT4.dll
0x00007ffc544f0000 - 0x00007ffc54564000 	C:\WINDOWS\System32\WS2_32.dll
0x00007ffc51a50000 - 0x00007ffc51aae000 	C:\WINDOWS\SYSTEM32\POWRPROF.dll
0x00007ffc4b4c0000 - 0x00007ffc4b4cb000 	C:\WINDOWS\SYSTEM32\VERSION.dll
0x00007ffc4ab90000 - 0x00007ffc4abc5000 	C:\WINDOWS\SYSTEM32\WINMM.dll
0x00007ffc51a30000 - 0x00007ffc51a44000 	C:\WINDOWS\SYSTEM32\UMPDC.dll
0x00007ffc50b30000 - 0x00007ffc50b4b000 	C:\WINDOWS\SYSTEM32\kernel.appcore.dll
0x00007ffc4a770000 - 0x00007ffc4a77a000 	C:\Program Files\Apache NetBeans\jdk\bin\jimage.dll
0x00007ffc478f0000 - 0x00007ffc47b32000 	C:\WINDOWS\SYSTEM32\DBGHELP.DLL
0x00007ffc54eb0000 - 0x00007ffc55232000 	C:\WINDOWS\System32\combase.dll
0x00007ffc54910000 - 0x00007ffc549e7000 	C:\WINDOWS\System32\OLEAUT32.dll
0x00007ffc23690000 - 0x00007ffc236cb000 	C:\WINDOWS\SYSTEM32\dbgcore.DLL
0x00007ffc51da0000 - 0x00007ffc51e45000 	C:\WINDOWS\System32\bcryptPrimitives.dll
0x00007ffc40ec0000 - 0x00007ffc40ede000 	C:\Program Files\Apache NetBeans\jdk\bin\java.dll
0x00007ffc53c80000 - 0x00007ffc53e15000 	C:\WINDOWS\System32\ole32.dll
0x00007ffc534d0000 - 0x00007ffc53c2f000 	C:\WINDOWS\System32\SHELL32.dll
0x00007ffc530f0000 - 0x00007ffc5325a000 	C:\WINDOWS\System32\wintypes.dll
0x00007ffc51fa0000 - 0x00007ffc52804000 	C:\WINDOWS\System32\windows.storage.dll
0x00007ffc54170000 - 0x00007ffc54267000 	C:\WINDOWS\System32\SHCORE.dll
0x00007ffc53280000 - 0x00007ffc532e7000 	C:\WINDOWS\System32\shlwapi.dll
0x00007ffc51cc0000 - 0x00007ffc51ce9000 	C:\WINDOWS\SYSTEM32\profapi.dll
0x00007ffbee2e0000 - 0x00007ffbee3b7000 	C:\Program Files\Apache NetBeans\jdk\bin\jsvml.dll
0x00007ffc38990000 - 0x00007ffc389a0000 	C:\Program Files\Apache NetBeans\jdk\bin\net.dll
0x00007ffc510a0000 - 0x00007ffc5110b000 	C:\WINDOWS\system32\mswsock.dll
0x00007ffc1e0e0000 - 0x00007ffc1e0f6000 	C:\Program Files\Apache NetBeans\jdk\bin\nio.dll
0x00007ffc21100000 - 0x00007ffc21117000 	C:\Program Files\Apache NetBeans\jdk\bin\zip.dll
0x00007ffbab520000 - 0x00007ffbab69e000 	C:\Program Files\Apache NetBeans\jdk\bin\awt.dll
0x00007ffc4f570000 - 0x00007ffc4f60f000 	C:\WINDOWS\SYSTEM32\apphelp.dll
0x00007ffc4f7a0000 - 0x00007ffc4f84a000 	C:\WINDOWS\system32\uxtheme.dll
0x00007ffc53370000 - 0x00007ffc534cd000 	C:\WINDOWS\System32\MSCTF.dll
0x00007ffc4fa70000 - 0x00007ffc4fa9e000 	C:\WINDOWS\system32\DWMAPI.DLL
0x00007ffbd4b70000 - 0x00007ffbd4c7e000 	C:\WINDOWS\system32\opengl32.dll
0x00007ffbd46a0000 - 0x00007ffbd46cd000 	C:\WINDOWS\SYSTEM32\GLU32.dll
0x00007ffc4f8b0000 - 0x00007ffc4f8f3000 	C:\WINDOWS\SYSTEM32\dxcore.dll
0x00007ffbdee20000 - 0x00007ffbdefd2000 	C:\WINDOWS\system32\d3d9.dll
0x00007ffc4abd0000 - 0x00007ffc4ad8b000 	C:\WINDOWS\System32\DriverStore\FileRepository\u0418954.inf_amd64_f6aef74efadea06b\B418735\aticfx64.dll
0x00007ffc4c950000 - 0x00007ffc4c984000 	C:\WINDOWS\System32\DriverStore\FileRepository\u0418954.inf_amd64_f6aef74efadea06b\B418735\atiu9p64.dll
0x00007ffba92a0000 - 0x00007ffba9fe7000 	C:\WINDOWS\System32\DriverStore\FileRepository\u0418954.inf_amd64_f6aef74efadea06b\B418735\atiumd64.dll
0x00000000639b0000 - 0x00000000648c3000 	C:\WINDOWS\System32\DriverStore\FileRepository\u0418954.inf_amd64_f6aef74efadea06b\B418735\atiumd6a.dll
0x00007ffc54a10000 - 0x00007ffc54e97000 	C:\WINDOWS\System32\SETUPAPI.dll
0x00007ffc47c60000 - 0x00007ffc47c95000 	C:\WINDOWS\SYSTEM32\amdihk64.dll
0x00007ffc4c2b0000 - 0x00007ffc4c310000 	C:\WINDOWS\SYSTEM32\directxdatabasehelper.dll
0x00007ffbe14a0000 - 0x00007ffbe1527000 	C:\Program Files\Apache NetBeans\jdk\bin\freetype.dll
0x00007ffbe0f50000 - 0x00007ffbe1039000 	C:\Program Files\Apache NetBeans\jdk\bin\fontmanager.dll
0x00007ffc553c0000 - 0x00007ffc5546e000 	C:\WINDOWS\System32\clbcatq.dll
0x00007ffc4dbb0000 - 0x00007ffc4dddd000 	C:\WINDOWS\SYSTEM32\WindowsCodecs.dll
0x00007ffc1a810000 - 0x00007ffc1a86a000 	C:\WINDOWS\system32\dataexchange.dll
0x00007ffc469f0000 - 0x00007ffc46c34000 	C:\WINDOWS\system32\twinapi.appcore.dll
0x00007ffc449c0000 - 0x00007ffc44b08000 	C:\WINDOWS\SYSTEM32\textinputframework.dll
0x00007ffc4f190000 - 0x00007ffc4f2b7000 	C:\WINDOWS\SYSTEM32\CoreMessaging.dll
0x00007ffc4b610000 - 0x00007ffc4b8f2000 	C:\WINDOWS\SYSTEM32\CoreUIComponents.dll
0x00007ffc51970000 - 0x00007ffc5197c000 	C:\WINDOWS\SYSTEM32\CRYPTBASE.DLL
0x00007ffc1a7f0000 - 0x00007ffc1a7f9000 	C:\Program Files\Apache NetBeans\jdk\bin\syslookup.dll
0x00007ffc51380000 - 0x00007ffc5139b000 	C:\WINDOWS\SYSTEM32\CRYPTSP.dll
0x00007ffc50a90000 - 0x00007ffc50ac9000 	C:\WINDOWS\system32\rsaenh.dll
0x00007ffc51150000 - 0x00007ffc51182000 	C:\WINDOWS\SYSTEM32\USERENV.dll
0x00007ffc51c90000 - 0x00007ffc51cba000 	C:\WINDOWS\SYSTEM32\bcrypt.dll
0x00007ffc504e0000 - 0x00007ffc50513000 	C:\WINDOWS\SYSTEM32\IPHLPAPI.DLL
0x00007ffc549f0000 - 0x00007ffc549fa000 	C:\WINDOWS\System32\NSI.dll
0x00007ffc50520000 - 0x00007ffc5064a000 	C:\WINDOWS\SYSTEM32\DNSAPI.dll
0x00007ffc48550000 - 0x00007ffc4855b000 	C:\Windows\System32\rasadhlp.dll
0x00007ffc4ca00000 - 0x00007ffc4ca86000 	C:\WINDOWS\System32\fwpuclnt.dll
0x00007ffc35000000 - 0x00007ffc35009000 	C:\Program Files\Apache NetBeans\jdk\bin\extnet.dll
0x00007ffc35f60000 - 0x00007ffc35f70000 	C:\Program Files\Apache NetBeans\jdk\bin\verify.dll
0x00007ffc31b10000 - 0x00007ffc31bc4000 	C:\WINDOWS\WinSxS\amd64_microsoft.windows.common-controls_6595b64144ccf1df_5.82.26100.8037_none_87ebc5097a2f9e52\comctl32.dll
0x00007ffc4d0c0000 - 0x00007ffc4d1c3000 	C:\WINDOWS\SYSTEM32\PROPSYS.dll
0x00007ffc248d0000 - 0x00007ffc2498f000 	C:\Windows\System32\Windows.FileExplorer.Common.dll
0x00007ffc51980000 - 0x00007ffc519d7000 	C:\WINDOWS\SYSTEM32\CFGMGR32.dll
0x00007ffc248b0000 - 0x00007ffc248cb000 	C:\WINDOWS\system32\NetworkExplorer.dll
0x00007ffc23300000 - 0x00007ffc23477000 	C:\Windows\System32\Windows.System.Launcher.dll
0x00007ffc3c030000 - 0x00007ffc3c04a000 	C:\WINDOWS\SYSTEM32\windows.staterepositorycore.dll
0x00007ffc46f40000 - 0x00007ffc46f61000 	C:\WINDOWS\SYSTEM32\MPR.dll
0x00007ffc4aac0000 - 0x00007ffc4aae2000 	C:\WINDOWS\System32\p9np.dll
0x00007ffc4f450000 - 0x00007ffc4f45d000 	C:\WINDOWS\System32\drprov.dll
0x00007ffc4a970000 - 0x00007ffc4a994000 	C:\WINDOWS\System32\ntlanman.dll
0x00007ffc4a900000 - 0x00007ffc4a921000 	C:\WINDOWS\System32\davclnt.dll
0x00007ffc51590000 - 0x00007ffc515f3000 	C:\WINDOWS\System32\WINSTA.dll
0x00007ffc4a690000 - 0x00007ffc4a6ab000 	C:\WINDOWS\System32\wkscli.dll
0x00007ffc24760000 - 0x00007ffc24773000 	C:\WINDOWS\SYSTEM32\cscapi.dll
0x00007ffc50680000 - 0x00007ffc5068d000 	C:\WINDOWS\System32\netutils.dll
0x00007ffc36180000 - 0x00007ffc361d2000 	C:\Windows\System32\dlnashext.dll
0x00007ffc36120000 - 0x00007ffc3617d000 	C:\Windows\System32\PlayToDevice.dll
0x00007ffc31a20000 - 0x00007ffc31a4d000 	C:\Windows\System32\DevDispItemProvider.dll
0x00007ffc45190000 - 0x00007ffc45228000 	C:\WINDOWS\System32\MMDevApi.dll
0x00007ffc51940000 - 0x00007ffc5196d000 	C:\WINDOWS\System32\DEVOBJ.dll
0x00007ffc19a30000 - 0x00007ffc19ad6000 	C:\WINDOWS\system32\wpdshext.dll
0x00007ffbeffa0000 - 0x00007ffbf0178000 	C:\WINDOWS\WinSxS\amd64_microsoft.windows.gdiplus_6595b64144ccf1df_1.1.26100.8036_none_6ef439583dc61568\gdiplus.dll
0x00007ffc4b290000 - 0x00007ffc4b330000 	C:\Windows\System32\PortableDeviceApi.dll
0x00007ffc53060000 - 0x00007ffc530e1000 	C:\WINDOWS\System32\WINTRUST.dll
0x00007ffc52e30000 - 0x00007ffc52fa7000 	C:\WINDOWS\System32\CRYPT32.dll
0x00007ffc514a0000 - 0x00007ffc514b3000 	C:\WINDOWS\SYSTEM32\MSASN1.dll
0x00007ffc3e210000 - 0x00007ffc3e251000 	C:\Windows\System32\EhStorShell.dll
0x00007ffc3fcb0000 - 0x00007ffc3fcd5000 	C:\Windows\System32\EhStorAPI.dll
0x00007ffc4f640000 - 0x00007ffc4f669000 	C:\Windows\System32\WTSAPI32.dll
0x00007ffc50dd0000 - 0x00007ffc50e19000 	C:\Windows\System32\SspiCli.dll
0x00007ffc161b0000 - 0x00007ffc161bf000 	C:\WINDOWS\SYSTEM32\LINKINFO.dll

JVMTI agents: none

dbghelp: loaded successfully - version: 4.0.5 - missing functions: none
symbol engine: initialized successfully - sym options: 0x614 - pdb path: .;C:\Program Files\Apache NetBeans\jdk\bin;C:\WINDOWS\SYSTEM32;C:\WINDOWS\WinSxS\amd64_microsoft.windows.common-controls_6595b64144ccf1df_6.0.26100.8037_none_3e092faae333b53b;C:\Program Files\Apache NetBeans\jdk\bin\server;C:\WINDOWS\System32\DriverStore\FileRepository\u0418954.inf_amd64_f6aef74efadea06b\B418735;C:\WINDOWS\WinSxS\amd64_microsoft.windows.common-controls_6595b64144ccf1df_5.82.26100.8037_none_87ebc5097a2f9e52;C:\WINDOWS\WinSxS\amd64_microsoft.windows.gdiplus_6595b64144ccf1df_1.1.26100.8036_none_6ef439583dc61568

VM Arguments:
java_command: vn.edu.sgu.phanmemtuyensinh.PhanMemTuyenSinh
java_class_path (initial): D:\SGU\2025-2026_HK2\University-admissions-management\target\classes;C:\Users\quock\.m2\repository\org\hibernate\orm\hibernate-core\6.4.4.Final\hibernate-core-6.4.4.Final.jar;C:\Users\quock\.m2\repository\jakarta\persistence\jakarta.persistence-api\3.1.0\jakarta.persistence-api-3.1.0.jar;C:\Users\quock\.m2\repository\jakarta\transaction\jakarta.transaction-api\2.0.1\jakarta.transaction-api-2.0.1.jar;C:\Users\quock\.m2\repository\org\jboss\logging\jboss-logging\3.5.0.Final\jboss-logging-3.5.0.Final.jar;C:\Users\quock\.m2\repository\org\hibernate\common\hibernate-commons-annotations\6.0.6.Final\hibernate-commons-annotations-6.0.6.Final.jar;C:\Users\quock\.m2\repository\io\smallrye\jandex\3.1.2\jandex-3.1.2.jar;C:\Users\quock\.m2\repository\com\fasterxml\classmate\1.5.1\classmate-1.5.1.jar;C:\Users\quock\.m2\repository\net\bytebuddy\byte-buddy\1.14.11\byte-buddy-1.14.11.jar;C:\Users\quock\.m2\repository\jakarta\xml\bind\jakarta.xml.bind-api\4.0.0\jakarta.xml.bind-api-4.0.0.jar;C:\Users\quock\.m2\repository\jakarta\activation\jakarta.activation-api\2.1.0\jakarta.activation-api-2.1.0.jar;C:\Users\quock\.m2\repository\org\glassfish\jaxb\jaxb-runtime\4.0.2\jaxb-runtime-4.0.2.jar;C:\Users\quock\.m2\repository\org\glassfish\jaxb\jaxb-core\4.0.2\jaxb-core-4.0.2.jar;C:\Users\quock\.m2\repository\org\eclipse\angus\angus-activation\2.0.0\angus-activation-2.0.0.jar;C:\Users\quock\.m2\repository\org\glassfish\jaxb\txw2\4.0.2\txw2-4.0.2.jar;C:\Users\quock\.m2\repository\com\sun\istack\istack-commons-runtime\4.1.1\istack-commons-runtime-4.1.1.jar;C:\Users\quock\.m2\repository\jakarta\inject\jakarta.inject-api\2.0.1\jakarta.inject-api-2.0.1.jar;C:\Users\quock\.m2\repository\org\antlr\antlr4-runtime\4.13.0\antlr4-runtime-4.13.0.jar;C:\Users\quock\.m2\repository\com\mysql\mysql-connector-j\8.3.0\mysql-connector-j-8.3.0.jar;C:\Users\quock\.m2\repository\com\google\protobuf\protobuf-java\3.25.1\protobuf-java-3.25.1.jar;C:\Users\quock\.m2\repository\org\apache\poi\poi-ooxml\5.2.5\poi-ooxml-5.2.5.jar;C:\Users\quock\.m2\repository\org\apache\poi\poi-ooxml-lite\5.2.5\poi-ooxml-lite-5.2.5.jar;C:\Users\quock\.m2\repository\org\apache\xmlbeans\xmlbeans\5.2.0\xmlbeans-5.2.0.jar;C:\Users\quock\.m2\repository\org\apache\commons\commons-compress\1.25.0\commons-compress-1.25.0.jar;C:\Users\quock\.m2\repository\commons-io\commons-io\2.15.0\commons-io-2.15.0.jar;C:\Users\quock\.m2\repository\com\github\virtuald\curvesapi\1.08\curvesapi-1.08.jar;C:\Users\quock\.m2\repository\org\apache\logging\log4j\log4j-api\2.21.1\log4j-api-2.21.1.jar;C:\Users\quock\.m2\repository\org\apache\commons\commons-collections4\4.4\commons-collections4-4.4.jar;C:\Users\quock\.m2\repository\org\apache\poi\poi\5.2.5\poi-5.2.5.jar;C:\Users\quock\.m2\repository\commons-codec\commons-codec\1.16.0\commons-codec-1.16.0.jar;C:\Users\quock\.m2\repository\org\apache\commons\commons-math3\3.6.1\commons-math3-3.6.1.jar;C:\Users\quock\.m2\repository\com\zaxxer\SparseBitSet\1.3\SparseBitSet-1.3.jar;C:\Users\quock\.m2\repository\com\toedter\jcalendar\1.4\jcalendar-1.4.jar
Launcher Type: SUN_STANDARD

[Global flags]
     intx CICompilerCount                          = 4                                         {product} {ergonomic}
     uint ConcGCThreads                            = 3                                         {product} {ergonomic}
     uint G1ConcRefinementThreads                  = 10                                        {product} {ergonomic}
   size_t G1HeapRegionSize                         = 2097152                                   {product} {ergonomic}
   size_t InitialHeapSize                          = 257949696                                 {product} {ergonomic}
   size_t MarkStackSize                            = 4194304                                   {product} {ergonomic}
   size_t MarkStackSizeMax                         = 536870912                                 {product} {ergonomic}
   size_t MaxHeapSize                              = 4123000832                                {product} {ergonomic}
   size_t MaxNewSize                               = 2472542208                                {product} {ergonomic}
   size_t MinHeapDeltaBytes                        = 2097152                                   {product} {ergonomic}
   size_t MinHeapSize                              = 8388608                                   {product} {ergonomic}
    uintx NonNMethodCodeHeapSize                   = 5832704                                {pd product} {ergonomic}
    uintx NonProfiledCodeHeapSize                  = 122945536                              {pd product} {ergonomic}
    uintx ProfiledCodeHeapSize                     = 122880000                              {pd product} {ergonomic}
    uintx ReservedCodeCacheSize                    = 251658240                              {pd product} {ergonomic}
     bool SegmentedCodeCache                       = true                                      {product} {ergonomic}
   size_t SoftMaxHeapSize                          = 4123000832                             {manageable} {ergonomic}
     bool UseCompressedOops                        = true                           {product lp64_product} {ergonomic}
     bool UseG1GC                                  = true                                      {product} {ergonomic}
     bool UseLargePagesIndividualAllocation        = false                                  {pd product} {ergonomic}

Logging:
Log output configuration:
 #0: stdout all=warning uptime,level,tags foldmultilines=false
 #1: stderr all=off uptime,level,tags foldmultilines=false

Environment Variables:
JAVA_HOME=C:\Program Files\Apache NetBeans\jdk
PATH=D:\SGU\2025-2026_HK1\KiemThuPhanMem\dbhomeXE\bin;C:\Program Files\Java\jdk-21.0.2\bin;C:\WINDOWS\system32;C:\WINDOWS;C:\WINDOWS\System32\Wbem;C:\WINDOWS\System32\WindowsPowerShell\v1.0\;C:\WINDOWS\System32\OpenSSH\;C:\Program Files\dotnet\;C:\Program Files\Git\cmd;C:\Program Files\Azure Data Studio\bin;C:\Program Files (x86)\Microsoft SQL Server\160\Tools\Binn\;C:\Program Files\Microsoft SQL Server\160\Tools\Binn\;C:\Program Files\Microsoft SQL Server\Client SDK\ODBC\170\Tools\Binn\;C:\Program Files\Microsoft SQL Server\160\DTS\Binn\;C:\Program Files\CMake\bin;C:\Ninja;D:\Visual Studio\VC\Tools\MSVC\14.42.34433\bin\Hostx64\x64\cl.exe;C:\path\to\vcpkg;C:\Program Files\Cloudflare\Cloudflare WARP\;C:\Program Files\nodejs\;C:\ProgramData\ComposerSetup\bin;C:\Program Files\apache-maven-3.9.11\bin;C:\Users\quock\AppData\Local\Microsoft\WindowsApps;C:\Users\quock\.dotnet\tools;C:\Users\quock\AppData\Local\Programs\Microsoft VS Code\bin;C:\msys64\ucrt64\bin;C:\Program Files\Azure Data Studio\bin;C:\xampp\php;D:\Downloads\maven-mvnd-1.0.2-windows-amd64;C:\Users\quock\AppData\Roaming\npm;C:\Users\quock\AppData\Roaming\Composer\vendor\bin;
USERNAME=quock
OS=Windows_NT
PROCESSOR_IDENTIFIER=AMD64 Family 25 Model 80 Stepping 0, AuthenticAMD
TMP=C:\Users\quock\AppData\Local\Temp
TEMP=C:\Users\quock\AppData\Local\Temp




Periodic native trim disabled

---------------  S Y S T E M  ---------------

OS:
 Windows 11 , 64 bit Build 26100 (10.0.26100.7920)
OS uptime: 0 days 5:41 hours
Hyper-V role detected

CPU: total 12 (initial active 12) (12 cores per cpu, 2 threads per core) family 25 model 80 stepping 0 microcode 0xa500014, cx8, cmov, fxsr, ht, mmx, 3dnowpref, sse, sse2, sse3, ssse3, sse4a, sse4.1, sse4.2, popcnt, lzcnt, tsc, tscinvbit, avx, avx2, aes, erms, clmul, bmi1, bmi2, adx, sha, fma, vzeroupper, clflush, clflushopt, hv, rdtscp, rdpid, fsrm, f16c, cet_ss
Processor Information for processor 0
  Max Mhz: 2301, Current Mhz: 2301, Mhz Limit: 2301
Processor Information for processor 1
  Max Mhz: 2301, Current Mhz: 2010, Mhz Limit: 2301
Processor Information for processor 2
  Max Mhz: 2301, Current Mhz: 2010, Mhz Limit: 2301
Processor Information for processor 3
  Max Mhz: 2301, Current Mhz: 2010, Mhz Limit: 2301
Processor Information for processor 4
  Max Mhz: 2301, Current Mhz: 2301, Mhz Limit: 2301
Processor Information for processor 5
  Max Mhz: 2301, Current Mhz: 2010, Mhz Limit: 2301
Processor Information for processor 6
  Max Mhz: 2301, Current Mhz: 2010, Mhz Limit: 2301
Processor Information for processor 7
  Max Mhz: 2301, Current Mhz: 2010, Mhz Limit: 2301
Processor Information for processor 8
  Max Mhz: 2301, Current Mhz: 2010, Mhz Limit: 2301
Processor Information for processor 9
  Max Mhz: 2301, Current Mhz: 2010, Mhz Limit: 2301
Processor Information for processor 10
  Max Mhz: 2301, Current Mhz: 2010, Mhz Limit: 2301
Processor Information for processor 11
  Max Mhz: 2301, Current Mhz: 2010, Mhz Limit: 2301

Memory: 4k page, system-wide physical 15720M (5325M free)
TotalPageFile size 43065M (AvailPageFile size 127M)
current process WorkingSet (physical memory assigned to process): 594M, peak: 595M
current process commit charge ("private bytes"): 677M, peak: 977M

vm_info: OpenJDK 64-Bit Server VM (24.0.2+12) for windows-amd64 JRE (24.0.2+12) (Zulu24.32+13-CA), built on 2025-07-11T12:45:44Z with MS VC++ 17.1 (VS2022)

END.
