#
# There is insufficient memory for the Java Runtime Environment to continue.
# Native memory allocation (malloc) failed to allocate 2649936 bytes. Error detail: Chunk::new
# Possible reasons:
#   The system is out of physical RAM or swap space
#   This process is running with CompressedOops enabled, and the Java Heap may be blocking the growth of the native heap
# Possible solutions:
#   Reduce memory load on the system
#   Increase physical memory or swap space
#   Check if swap backing store is full
#   Decrease Java heap size (-Xmx/-Xms)
#   Decrease number of Java threads
#   Decrease Java thread stack sizes (-Xss)
#   Set larger code cache with -XX:ReservedCodeCacheSize=
#   JVM is running with Zero Based Compressed Oops mode in which the Java heap is
#     placed in the first 32GB address space. The Java Heap base address is the
#     maximum limit for the native heap growth. Please use -XX:HeapBaseMinAddress
#     to set the Java Heap base and to place the Java Heap above 32GB virtual address.
# This output file may be truncated or incomplete.
#
#  Out of Memory Error (arena.cpp:162), pid=15420, tid=9152
#
# JRE version: OpenJDK Runtime Environment Zulu24.32+13-CA (24.0.2+12) (build 24.0.2+12)
# Java VM: OpenJDK 64-Bit Server VM Zulu24.32+13-CA (24.0.2+12, mixed mode, sharing, tiered, compressed oops, compressed class ptrs, g1 gc, windows-amd64)
# No core dump will be written. Minidumps are not enabled by default on client versions of Windows
#

---------------  S U M M A R Y ------------

Command Line: vn.edu.sgu.phanmemtuyensinh.PhanMemTuyenSinh

Host: AMD Ryzen 5 5625U with Radeon Graphics         , 12 cores, 15G,  Windows 11 , 64 bit Build 26100 (10.0.26100.7920)
Time: Mon Apr 13 13:49:45 2026 SE Asia Standard Time elapsed time: 46.056792 seconds (0d 0h 0m 46s)

---------------  T H R E A D  ---------------

Current thread (0x000001f2a6f10b00):  JavaThread "C2 CompilerThread1" daemon [_thread_in_native, id=9152, stack(0x00000009bed00000,0x00000009bee00000) (1024K)]


Current CompileTask:
C2:46056 7573       4       com.sun.org.apache.xerces.internal.impl.XMLEntityScanner::scanQName (580 bytes)

Stack: [0x00000009bed00000,0x00000009bee00000]
Native frames: (J=compiled Java code, j=interpreted, Vv=VM code, C=native code)
V  [jvm.dll+0x741329]  (no source info available)
V  [jvm.dll+0x97e243]  (no source info available)
V  [jvm.dll+0x98056d]  (no source info available)
V  [jvm.dll+0x980be3]  (no source info available)
V  [jvm.dll+0x2b5a76]  (no source info available)
V  [jvm.dll+0xd00af]  (no source info available)
V  [jvm.dll+0xd030f]  (no source info available)
V  [jvm.dll+0x15b85f]  (no source info available)
V  [jvm.dll+0x746bef]  (no source info available)
V  [jvm.dll+0x27a478]  (no source info available)
V  [jvm.dll+0x279591]  (no source info available)
V  [jvm.dll+0x1f30fa]  (no source info available)
V  [jvm.dll+0x288d95]  (no source info available)
V  [jvm.dll+0x28702a]  (no source info available)
V  [jvm.dll+0x43e016]  (no source info available)
V  [jvm.dll+0x920c78]  (no source info available)
V  [jvm.dll+0x73fab5]  (no source info available)
C  [ucrtbase.dll+0x37b0]  (no source info available)
C  [KERNEL32.DLL+0x2e8d7]  (no source info available)
C  [ntdll.dll+0x8c48c]  (no source info available)

Lock stack of current Java thread (top to bottom):


---------------  P R O C E S S  ---------------

Threads class SMR info:
_java_thread_list=0x000001f2a72159a0, length=23, elements={
0x000001f258b57c40, 0x000001f258b58380, 0x000001f258b5ba80, 0x000001f258b5c570,
0x000001f258b6b850, 0x000001f258b764f0, 0x000001f258b787c0, 0x000001f258b7c240,
0x000001f258c45520, 0x000001f258c46470, 0x000001f258eb7f70, 0x000001f258ec33a0,
0x000001f258ec3ef0, 0x000001f258f8e370, 0x000001f236df72b0, 0x000001f2a40aff50,
0x000001f2a4500730, 0x000001f2a45feae0, 0x000001f2a45fd4f0, 0x000001f29e5f14c0,
0x000001f29e5f1c10, 0x000001f2a6f10b00, 0x000001f2a6f156a0
}

Java Threads: ( => current thread )
  0x000001f258b57c40 JavaThread "Reference Handler"          daemon [_thread_blocked, id=15252, stack(0x00000009bbf00000,0x00000009bc000000) (1024K)]
  0x000001f258b58380 JavaThread "Finalizer"                  daemon [_thread_blocked, id=392, stack(0x00000009bc000000,0x00000009bc100000) (1024K)]
  0x000001f258b5ba80 JavaThread "Signal Dispatcher"          daemon [_thread_blocked, id=14880, stack(0x00000009bc100000,0x00000009bc200000) (1024K)]
  0x000001f258b5c570 JavaThread "Attach Listener"            daemon [_thread_blocked, id=7312, stack(0x00000009bc200000,0x00000009bc300000) (1024K)]
  0x000001f258b6b850 JavaThread "Service Thread"             daemon [_thread_blocked, id=5328, stack(0x00000009bc300000,0x00000009bc400000) (1024K)]
  0x000001f258b764f0 JavaThread "Monitor Deflation Thread"   daemon [_thread_blocked, id=13632, stack(0x00000009bc400000,0x00000009bc500000) (1024K)]
  0x000001f258b787c0 JavaThread "C2 CompilerThread0"         daemon [_thread_in_native, id=8516, stack(0x00000009bc500000,0x00000009bc600000) (1024K)]
  0x000001f258b7c240 JavaThread "C1 CompilerThread0"         daemon [_thread_blocked, id=11628, stack(0x00000009bc600000,0x00000009bc700000) (1024K)]
  0x000001f258c45520 JavaThread "Notification Thread"        daemon [_thread_blocked, id=15968, stack(0x00000009bc700000,0x00000009bc800000) (1024K)]
  0x000001f258c46470 JavaThread "Common-Cleaner"             daemon [_thread_blocked, id=12412, stack(0x00000009bc800000,0x00000009bc900000) (1024K)]
  0x000001f258eb7f70 JavaThread "Java2D Disposer"            daemon [_thread_blocked, id=13584, stack(0x00000009bcb00000,0x00000009bcc00000) (1024K)]
  0x000001f258ec33a0 JavaThread "AWT-Shutdown"                      [_thread_blocked, id=11520, stack(0x00000009bcc00000,0x00000009bcd00000) (1024K)]
  0x000001f258ec3ef0 JavaThread "AWT-Windows"                daemon [_thread_in_native, id=4396, stack(0x00000009bcd00000,0x00000009bce00000) (1024K)]
  0x000001f258f8e370 JavaThread "AWT-EventQueue-0"                  [_thread_blocked, id=6684, stack(0x00000009bc900000,0x00000009bca00000) (1024K)]
  0x000001f236df72b0 JavaThread "DestroyJavaVM"                     [_thread_blocked, id=2992, stack(0x00000009bb700000,0x00000009bb800000) (1024K)]
  0x000001f2a40aff50 JavaThread "D3D Screen Updater"         daemon [_thread_blocked, id=3008, stack(0x00000009bd800000,0x00000009bd900000) (1024K)]
  0x000001f2a4500730 JavaThread "TimerQueue"                 daemon [_thread_blocked, id=7836, stack(0x00000009bda00000,0x00000009bdb00000) (1024K)]
  0x000001f2a45feae0 JavaThread "mysql-cj-abandoned-connection-cleanup" daemon [_thread_blocked, id=9640, stack(0x00000009be800000,0x00000009be900000) (1024K)]
  0x000001f2a45fd4f0 JavaThread "Hibernate Connection Pool Validation Thread" daemon [_thread_blocked, id=11200, stack(0x00000009be900000,0x00000009bea00000) (1024K)]
  0x000001f29e5f14c0 JavaThread "Swing-Shell"                daemon [_thread_blocked, id=3360, stack(0x00000009bea00000,0x00000009beb00000) (1024K)]
  0x000001f29e5f1c10 JavaThread "SwingWorker-pool-2-thread-1" daemon [_thread_in_Java, id=13004, stack(0x00000009be500000,0x00000009be600000) (1024K)]
=>0x000001f2a6f10b00 JavaThread "C2 CompilerThread1"         daemon [_thread_in_native, id=9152, stack(0x00000009bed00000,0x00000009bee00000) (1024K)]
  0x000001f2a6f156a0 JavaThread "C2 CompilerThread2"         daemon [_thread_in_native, id=15012, stack(0x00000009bee00000,0x00000009bef00000) (1024K)]
Total: 23

Other Threads:
  0x000001f258b45cc0 VMThread "VM Thread"                           [id=7928, stack(0x00000009bbe00000,0x00000009bbf00000) (1024K)]
  0x000001f258a09b00 WatcherThread "VM Periodic Task Thread"        [id=4008, stack(0x00000009bbd00000,0x00000009bbe00000) (1024K)]
  0x000001f239217e50 WorkerThread "GC Thread#0"                     [id=4356, stack(0x00000009bb800000,0x00000009bb900000) (1024K)]
  0x000001f2a4b39d70 WorkerThread "GC Thread#1"                     [id=9644, stack(0x00000009bdc00000,0x00000009bdd00000) (1024K)]
  0x000001f2a4b3a880 WorkerThread "GC Thread#2"                     [id=2456, stack(0x00000009bdd00000,0x00000009bde00000) (1024K)]
  0x000001f2a4b3a4d0 WorkerThread "GC Thread#3"                     [id=988, stack(0x00000009bde00000,0x00000009bdf00000) (1024K)]
  0x000001f2a4b3ac30 WorkerThread "GC Thread#4"                     [id=1688, stack(0x00000009bdf00000,0x00000009be000000) (1024K)]
  0x000001f2a4b39260 WorkerThread "GC Thread#5"                     [id=9872, stack(0x00000009be000000,0x00000009be100000) (1024K)]
  0x000001f2a4b399c0 WorkerThread "GC Thread#6"                     [id=3472, stack(0x00000009be100000,0x00000009be200000) (1024K)]
  0x000001f2a4b39610 WorkerThread "GC Thread#7"                     [id=3524, stack(0x00000009be200000,0x00000009be300000) (1024K)]
  0x000001f2a4b3a120 WorkerThread "GC Thread#8"                     [id=1868, stack(0x00000009be300000,0x00000009be400000) (1024K)]
  0x000001f29e32c780 WorkerThread "GC Thread#9"                     [id=16292, stack(0x00000009be400000,0x00000009be500000) (1024K)]
  0x000001f23922c1d0 ConcurrentGCThread "G1 Main Marker"            [id=9036, stack(0x00000009bb900000,0x00000009bba00000) (1024K)]
  0x000001f23922fae0 WorkerThread "G1 Conc#0"                       [id=2928, stack(0x00000009bba00000,0x00000009bbb00000) (1024K)]
  0x000001f29e32e150 WorkerThread "G1 Conc#1"                       [id=15812, stack(0x00000009be600000,0x00000009be700000) (1024K)]
  0x000001f29e32d9f0 WorkerThread "G1 Conc#2"                       [id=11248, stack(0x00000009be700000,0x00000009be800000) (1024K)]
  0x000001f2589fecc0 ConcurrentGCThread "G1 Refine#0"               [id=10148, stack(0x00000009bbb00000,0x00000009bbc00000) (1024K)]
  0x000001f258a00110 ConcurrentGCThread "G1 Service"                [id=408, stack(0x00000009bbc00000,0x00000009bbd00000) (1024K)]
Total: 18

Threads with active compile tasks:
C2 CompilerThread0  47100 7401       4       jdk.internal.loader.BuiltinClassLoader::defineClass (121 bytes)
C2 CompilerThread1  47100 7573       4       com.sun.org.apache.xerces.internal.impl.XMLEntityScanner::scanQName (580 bytes)
C2 CompilerThread2  47100 7464   !   4       jdk.internal.loader.Resource::getBytes (170 bytes)
Total: 3

VM state: not at safepoint (normal execution)

VM Mutex/Monitor currently owned by a thread: None

Heap address: 0x000000070a400000, size: 3932 MB, Compressed Oops mode: Zero based, Oop shift amount: 3

CDS archive(s) mapped at: [0x000001f259000000-0x000001f259d40000-0x000001f259d40000), size 13893632, SharedBaseAddress: 0x000001f259000000, ArchiveRelocationMode: 1.
Compressed class space mapped at: 0x000001f25a000000-0x000001f29a000000, reserved size: 1073741824
UseCompressedClassPointers 1, UseCompactObjectHeaders 0
Narrow klass pointer bits 32, Max shift 3
Narrow klass base: 0x000001f259000000, Narrow klass shift: 0
Encoding Range: [0x000001f259000000 - 0x000001f359000000), (4294967296 bytes)
Klass Range:    [0x000001f259000000 - 0x000001f29a000000), (1090519040 bytes)
Klass ID Range:  [8 - 1090519033) (1090519025)

GC Precious Log:
 CardTable entry size: 512
 Card Set container configuration: InlinePtr #cards 4 size 8 Array Of Cards #cards 16 size 48 Howl #buckets 8 coarsen threshold 3686 Howl Bitmap #cards 512 size 80 coarsen threshold 460 Card regions per heap region 1 cards per card region 4096
 CPUs: 12 total, 12 available
 Memory: 15720M
 Large Page Support: Disabled
 NUMA Support: Disabled
 Compressed Oops: Enabled (Zero based)
 Heap Region Size: 2M
 Heap Min Capacity: 8M
 Heap Initial Capacity: 246M
 Heap Max Capacity: 3932M
 Pre-touch: Disabled
 Parallel Workers: 10
 Concurrent Workers: 3
 Concurrent Refinement Workers: 10
 Periodic GC: Disabled

Heap:
 garbage-first heap   total reserved 4026368K, committed 274432K, used 205414K [0x000000070a400000, 0x0000000800000000)
  region size 2048K, 56 young (114688K), 1 survivors (2048K)
 Metaspace       used 59104K, committed 59776K, reserved 1114112K
  class space    used 6323K, committed 6656K, reserved 1048576K

Heap Regions: E=young(eden), S=young(survivor), O=old, HS=humongous(starts), HC=humongous(continues), CS=collection set, F=free, TAMS=top-at-mark-start, PB=parsable bottom
|   0|0x000000070a400000, 0x000000070a400000, 0x000000070a600000|  0%| F|  |TAMS 0x000000070a400000| PB 0x000000070a400000| Untracked |  0
|   1|0x000000070a600000, 0x000000070a600000, 0x000000070a800000|  0%| F|  |TAMS 0x000000070a600000| PB 0x000000070a600000| Untracked |  0
|   2|0x000000070a800000, 0x000000070a800000, 0x000000070aa00000|  0%| F|  |TAMS 0x000000070a800000| PB 0x000000070a800000| Untracked |  0
|   3|0x000000070aa00000, 0x000000070ac00000, 0x000000070ac00000|100%| O|  |TAMS 0x000000070aa00000| PB 0x000000070aa00000| Untracked |  0
|   4|0x000000070ac00000, 0x000000070ae00000, 0x000000070ae00000|100%| O|  |TAMS 0x000000070ac00000| PB 0x000000070ac00000| Untracked |  0
|   5|0x000000070ae00000, 0x000000070b000000, 0x000000070b000000|100%| O|  |TAMS 0x000000070ae00000| PB 0x000000070ae00000| Untracked |  0
|   6|0x000000070b000000, 0x000000070b200000, 0x000000070b200000|100%| O|  |TAMS 0x000000070b000000| PB 0x000000070b000000| Untracked |  0
|   7|0x000000070b200000, 0x000000070b400000, 0x000000070b400000|100%| O|  |TAMS 0x000000070b200000| PB 0x000000070b200000| Untracked |  0
|   8|0x000000070b400000, 0x000000070b600000, 0x000000070b600000|100%| O|  |TAMS 0x000000070b400000| PB 0x000000070b400000| Untracked |  0
|   9|0x000000070b600000, 0x000000070b800000, 0x000000070b800000|100%| O|  |TAMS 0x000000070b600000| PB 0x000000070b600000| Untracked |  0
|  10|0x000000070b800000, 0x000000070ba00000, 0x000000070ba00000|100%| O|Cm|TAMS 0x000000070b800000| PB 0x000000070b800000| Complete |  0
|  11|0x000000070ba00000, 0x000000070bb80038, 0x000000070bc00000| 75%| O|  |TAMS 0x000000070ba00000| PB 0x000000070ba00000| Untracked |  0
|  12|0x000000070bc00000, 0x000000070bc00000, 0x000000070be00000|  0%| F|  |TAMS 0x000000070bc00000| PB 0x000000070bc00000| Untracked |  0
|  13|0x000000070be00000, 0x000000070be00000, 0x000000070c000000|  0%| F|  |TAMS 0x000000070be00000| PB 0x000000070be00000| Untracked |  0
|  14|0x000000070c000000, 0x000000070c000000, 0x000000070c200000|  0%| F|  |TAMS 0x000000070c000000| PB 0x000000070c000000| Untracked |  0
|  15|0x000000070c200000, 0x000000070c200000, 0x000000070c400000|  0%| F|  |TAMS 0x000000070c200000| PB 0x000000070c200000| Untracked |  0
|  16|0x000000070c400000, 0x000000070c400000, 0x000000070c600000|  0%| F|  |TAMS 0x000000070c400000| PB 0x000000070c400000| Untracked |  0
|  17|0x000000070c600000, 0x000000070c600000, 0x000000070c800000|  0%| F|  |TAMS 0x000000070c600000| PB 0x000000070c600000| Untracked |  0
|  18|0x000000070c800000, 0x000000070c800000, 0x000000070ca00000|  0%| F|  |TAMS 0x000000070c800000| PB 0x000000070c800000| Untracked |  0
|  19|0x000000070ca00000, 0x000000070ca00000, 0x000000070cc00000|  0%| F|  |TAMS 0x000000070ca00000| PB 0x000000070ca00000| Untracked |  0
|  20|0x000000070cc00000, 0x000000070cc00000, 0x000000070ce00000|  0%| F|  |TAMS 0x000000070cc00000| PB 0x000000070cc00000| Untracked |  0
|  21|0x000000070ce00000, 0x000000070ce00000, 0x000000070d000000|  0%| F|  |TAMS 0x000000070ce00000| PB 0x000000070ce00000| Untracked |  0
|  22|0x000000070d000000, 0x000000070d000000, 0x000000070d200000|  0%| F|  |TAMS 0x000000070d000000| PB 0x000000070d000000| Untracked |  0
|  23|0x000000070d200000, 0x000000070d200000, 0x000000070d400000|  0%| F|  |TAMS 0x000000070d200000| PB 0x000000070d200000| Untracked |  0
|  24|0x000000070d400000, 0x000000070d400000, 0x000000070d600000|  0%| F|  |TAMS 0x000000070d400000| PB 0x000000070d400000| Untracked |  0
|  25|0x000000070d600000, 0x000000070d600000, 0x000000070d800000|  0%| F|  |TAMS 0x000000070d600000| PB 0x000000070d600000| Untracked |  0
|  26|0x000000070d800000, 0x000000070d800000, 0x000000070da00000|  0%| F|  |TAMS 0x000000070d800000| PB 0x000000070d800000| Untracked |  0
|  27|0x000000070da00000, 0x000000070da00000, 0x000000070dc00000|  0%| F|  |TAMS 0x000000070da00000| PB 0x000000070da00000| Untracked |  0
|  28|0x000000070dc00000, 0x000000070dc00000, 0x000000070de00000|  0%| F|  |TAMS 0x000000070dc00000| PB 0x000000070dc00000| Untracked |  0
|  29|0x000000070de00000, 0x000000070de00000, 0x000000070e000000|  0%| F|  |TAMS 0x000000070de00000| PB 0x000000070de00000| Untracked |  0
|  30|0x000000070e000000, 0x000000070e000000, 0x000000070e200000|  0%| F|  |TAMS 0x000000070e000000| PB 0x000000070e000000| Untracked |  0
|  31|0x000000070e200000, 0x000000070e200000, 0x000000070e400000|  0%| F|  |TAMS 0x000000070e200000| PB 0x000000070e200000| Untracked |  0
|  32|0x000000070e400000, 0x000000070e400000, 0x000000070e600000|  0%| F|  |TAMS 0x000000070e400000| PB 0x000000070e400000| Untracked |  0
|  33|0x000000070e600000, 0x000000070e600000, 0x000000070e800000|  0%| F|  |TAMS 0x000000070e600000| PB 0x000000070e600000| Untracked |  0
|  34|0x000000070e800000, 0x000000070e800000, 0x000000070ea00000|  0%| F|  |TAMS 0x000000070e800000| PB 0x000000070e800000| Untracked |  0
|  35|0x000000070ea00000, 0x000000070ea00000, 0x000000070ec00000|  0%| F|  |TAMS 0x000000070ea00000| PB 0x000000070ea00000| Untracked |  0
|  36|0x000000070ec00000, 0x000000070ec00000, 0x000000070ee00000|  0%| F|  |TAMS 0x000000070ec00000| PB 0x000000070ec00000| Untracked |  0
|  37|0x000000070ee00000, 0x000000070ee00000, 0x000000070f000000|  0%| F|  |TAMS 0x000000070ee00000| PB 0x000000070ee00000| Untracked |  0
|  38|0x000000070f000000, 0x000000070f000000, 0x000000070f200000|  0%| F|  |TAMS 0x000000070f000000| PB 0x000000070f000000| Untracked |  0
|  39|0x000000070f200000, 0x000000070f200000, 0x000000070f400000|  0%| F|  |TAMS 0x000000070f200000| PB 0x000000070f200000| Untracked |  0
|  40|0x000000070f400000, 0x000000070f4e40b0, 0x000000070f600000| 44%| E|  |TAMS 0x000000070f400000| PB 0x000000070f400000| Complete |  0
|  41|0x000000070f600000, 0x000000070f800000, 0x000000070f800000|100%| E|CS|TAMS 0x000000070f600000| PB 0x000000070f600000| Complete |  0
|  42|0x000000070f800000, 0x000000070fa00000, 0x000000070fa00000|100%| E|CS|TAMS 0x000000070f800000| PB 0x000000070f800000| Complete |  0
|  43|0x000000070fa00000, 0x000000070fc00000, 0x000000070fc00000|100%| E|CS|TAMS 0x000000070fa00000| PB 0x000000070fa00000| Complete |  0
|  44|0x000000070fc00000, 0x000000070fe00000, 0x000000070fe00000|100%| E|CS|TAMS 0x000000070fc00000| PB 0x000000070fc00000| Complete |  0
|  45|0x000000070fe00000, 0x0000000710000000, 0x0000000710000000|100%| E|CS|TAMS 0x000000070fe00000| PB 0x000000070fe00000| Complete |  0
|  46|0x0000000710000000, 0x0000000710200000, 0x0000000710200000|100%| E|CS|TAMS 0x0000000710000000| PB 0x0000000710000000| Complete |  0
|  47|0x0000000710200000, 0x0000000710400000, 0x0000000710400000|100%|HS|  |TAMS 0x0000000710200000| PB 0x0000000710200000| Complete |  0
|  48|0x0000000710400000, 0x0000000710600000, 0x0000000710600000|100%|HC|  |TAMS 0x0000000710400000| PB 0x0000000710400000| Complete |  0
|  49|0x0000000710600000, 0x0000000710800000, 0x0000000710800000|100%|HC|  |TAMS 0x0000000710600000| PB 0x0000000710600000| Complete |  0
|  50|0x0000000710800000, 0x0000000710a00000, 0x0000000710a00000|100%|HC|  |TAMS 0x0000000710800000| PB 0x0000000710800000| Complete |  0
|  51|0x0000000710a00000, 0x0000000710c00000, 0x0000000710c00000|100%|HC|  |TAMS 0x0000000710a00000| PB 0x0000000710a00000| Complete |  0
|  52|0x0000000710c00000, 0x0000000710e00000, 0x0000000710e00000|100%|HC|  |TAMS 0x0000000710c00000| PB 0x0000000710c00000| Complete |  0
|  53|0x0000000710e00000, 0x0000000711000000, 0x0000000711000000|100%|HC|  |TAMS 0x0000000710e00000| PB 0x0000000710e00000| Complete |  0
|  54|0x0000000711000000, 0x0000000711200000, 0x0000000711200000|100%|HC|  |TAMS 0x0000000711000000| PB 0x0000000711000000| Complete |  0
|  55|0x0000000711200000, 0x0000000711400000, 0x0000000711400000|100%|HC|  |TAMS 0x0000000711200000| PB 0x0000000711200000| Complete |  0
|  56|0x0000000711400000, 0x0000000711600000, 0x0000000711600000|100%|HC|  |TAMS 0x0000000711400000| PB 0x0000000711400000| Complete |  0
|  57|0x0000000711600000, 0x0000000711800000, 0x0000000711800000|100%|HC|  |TAMS 0x0000000711600000| PB 0x0000000711600000| Complete |  0
|  58|0x0000000711800000, 0x0000000711a00000, 0x0000000711a00000|100%|HC|  |TAMS 0x0000000711800000| PB 0x0000000711800000| Complete |  0
|  59|0x0000000711a00000, 0x0000000711c00000, 0x0000000711c00000|100%|HC|  |TAMS 0x0000000711a00000| PB 0x0000000711a00000| Complete |  0
|  60|0x0000000711c00000, 0x0000000711e00000, 0x0000000711e00000|100%|HC|  |TAMS 0x0000000711c00000| PB 0x0000000711c00000| Complete |  0
|  61|0x0000000711e00000, 0x0000000712000000, 0x0000000712000000|100%|HC|  |TAMS 0x0000000711e00000| PB 0x0000000711e00000| Complete |  0
|  62|0x0000000712000000, 0x0000000712200000, 0x0000000712200000|100%|HC|  |TAMS 0x0000000712000000| PB 0x0000000712000000| Complete |  0
|  63|0x0000000712200000, 0x0000000712400000, 0x0000000712400000|100%|HC|  |TAMS 0x0000000712200000| PB 0x0000000712200000| Complete |  0
|  64|0x0000000712400000, 0x0000000712600000, 0x0000000712600000|100%|HC|  |TAMS 0x0000000712400000| PB 0x0000000712400000| Complete |  0
|  65|0x0000000712600000, 0x0000000712800000, 0x0000000712800000|100%|HC|  |TAMS 0x0000000712600000| PB 0x0000000712600000| Complete |  0
|  66|0x0000000712800000, 0x0000000712a00000, 0x0000000712a00000|100%|HC|  |TAMS 0x0000000712800000| PB 0x0000000712800000| Complete |  0
|  67|0x0000000712a00000, 0x0000000712c00000, 0x0000000712c00000|100%|HC|  |TAMS 0x0000000712a00000| PB 0x0000000712a00000| Complete |  0
|  68|0x0000000712c00000, 0x0000000712e00000, 0x0000000712e00000|100%|HC|  |TAMS 0x0000000712c00000| PB 0x0000000712c00000| Complete |  0
|  69|0x0000000712e00000, 0x0000000713000000, 0x0000000713000000|100%|HC|  |TAMS 0x0000000712e00000| PB 0x0000000712e00000| Complete |  0
|  70|0x0000000713000000, 0x0000000713200000, 0x0000000713200000|100%|HC|  |TAMS 0x0000000713000000| PB 0x0000000713000000| Complete |  0
|  71|0x0000000713200000, 0x0000000713400000, 0x0000000713400000|100%|HC|  |TAMS 0x0000000713200000| PB 0x0000000713200000| Complete |  0
|  72|0x0000000713400000, 0x0000000713600000, 0x0000000713600000|100%|HC|  |TAMS 0x0000000713400000| PB 0x0000000713400000| Complete |  0
|  73|0x0000000713600000, 0x0000000713800000, 0x0000000713800000|100%|HC|  |TAMS 0x0000000713600000| PB 0x0000000713600000| Complete |  0
|  74|0x0000000713800000, 0x0000000713a00000, 0x0000000713a00000|100%|HC|  |TAMS 0x0000000713800000| PB 0x0000000713800000| Complete |  0
|  75|0x0000000713a00000, 0x0000000713c00000, 0x0000000713c00000|100%|HC|  |TAMS 0x0000000713a00000| PB 0x0000000713a00000| Complete |  0
|  76|0x0000000713c00000, 0x0000000713e00000, 0x0000000713e00000|100%|HC|  |TAMS 0x0000000713c00000| PB 0x0000000713c00000| Complete |  0
|  77|0x0000000713e00000, 0x0000000714000000, 0x0000000714000000|100%|HC|  |TAMS 0x0000000713e00000| PB 0x0000000713e00000| Complete |  0
|  78|0x0000000714000000, 0x0000000714200000, 0x0000000714200000|100%|HC|  |TAMS 0x0000000714000000| PB 0x0000000714000000| Complete |  0
|  79|0x0000000714200000, 0x0000000714400000, 0x0000000714400000|100%|HC|  |TAMS 0x0000000714200000| PB 0x0000000714200000| Complete |  0
|  80|0x0000000714400000, 0x0000000714600000, 0x0000000714600000|100%|HC|  |TAMS 0x0000000714400000| PB 0x0000000714400000| Complete |  0
|  81|0x0000000714600000, 0x0000000714800000, 0x0000000714800000|100%|HC|  |TAMS 0x0000000714600000| PB 0x0000000714600000| Complete |  0
|  82|0x0000000714800000, 0x0000000714a00000, 0x0000000714a00000|100%|HS|  |TAMS 0x0000000714800000| PB 0x0000000714800000| Complete |  0
|  83|0x0000000714a00000, 0x0000000714c00000, 0x0000000714c00000|100%|HC|  |TAMS 0x0000000714a00000| PB 0x0000000714a00000| Complete |  0
|  84|0x0000000714c00000, 0x0000000714e00000, 0x0000000714e00000|100%|HC|  |TAMS 0x0000000714c00000| PB 0x0000000714c00000| Complete |  0
|  85|0x0000000714e00000, 0x0000000715000000, 0x0000000715000000|100%| E|CS|TAMS 0x0000000714e00000| PB 0x0000000714e00000| Complete |  0
|  86|0x0000000715000000, 0x0000000715200000, 0x0000000715200000|100%| E|CS|TAMS 0x0000000715000000| PB 0x0000000715000000| Complete |  0
|  87|0x0000000715200000, 0x0000000715400000, 0x0000000715400000|100%| E|CS|TAMS 0x0000000715200000| PB 0x0000000715200000| Complete |  0
|  88|0x0000000715400000, 0x0000000715600000, 0x0000000715600000|100%| E|CS|TAMS 0x0000000715400000| PB 0x0000000715400000| Complete |  0
|  89|0x0000000715600000, 0x0000000715800000, 0x0000000715800000|100%| E|CS|TAMS 0x0000000715600000| PB 0x0000000715600000| Complete |  0
|  90|0x0000000715800000, 0x0000000715a00000, 0x0000000715a00000|100%| E|CS|TAMS 0x0000000715800000| PB 0x0000000715800000| Complete |  0
|  91|0x0000000715a00000, 0x0000000715c00000, 0x0000000715c00000|100%| E|CS|TAMS 0x0000000715a00000| PB 0x0000000715a00000| Complete |  0
|  92|0x0000000715c00000, 0x0000000715e00000, 0x0000000715e00000|100%| E|CS|TAMS 0x0000000715c00000| PB 0x0000000715c00000| Complete |  0
|  93|0x0000000715e00000, 0x0000000716000000, 0x0000000716000000|100%| E|CS|TAMS 0x0000000715e00000| PB 0x0000000715e00000| Complete |  0
|  94|0x0000000716000000, 0x0000000716200000, 0x0000000716200000|100%| E|CS|TAMS 0x0000000716000000| PB 0x0000000716000000| Complete |  0
|  95|0x0000000716200000, 0x0000000716400000, 0x0000000716400000|100%| E|CS|TAMS 0x0000000716200000| PB 0x0000000716200000| Complete |  0
|  96|0x0000000716400000, 0x0000000716600000, 0x0000000716600000|100%| E|CS|TAMS 0x0000000716400000| PB 0x0000000716400000| Complete |  0
|  97|0x0000000716600000, 0x0000000716800000, 0x0000000716800000|100%| E|CS|TAMS 0x0000000716600000| PB 0x0000000716600000| Complete |  0
|  98|0x0000000716800000, 0x0000000716a00000, 0x0000000716a00000|100%| E|CS|TAMS 0x0000000716800000| PB 0x0000000716800000| Complete |  0
|  99|0x0000000716a00000, 0x0000000716c00000, 0x0000000716c00000|100%| E|CS|TAMS 0x0000000716a00000| PB 0x0000000716a00000| Complete |  0
| 100|0x0000000716c00000, 0x0000000716e00000, 0x0000000716e00000|100%| E|CS|TAMS 0x0000000716c00000| PB 0x0000000716c00000| Complete |  0
| 101|0x0000000716e00000, 0x0000000717000000, 0x0000000717000000|100%| E|CS|TAMS 0x0000000716e00000| PB 0x0000000716e00000| Complete |  0
| 102|0x0000000717000000, 0x0000000717200000, 0x0000000717200000|100%| E|CS|TAMS 0x0000000717000000| PB 0x0000000717000000| Complete |  0
| 103|0x0000000717200000, 0x0000000717400000, 0x0000000717400000|100%| E|CS|TAMS 0x0000000717200000| PB 0x0000000717200000| Complete |  0
| 104|0x0000000717400000, 0x0000000717600000, 0x0000000717600000|100%| E|CS|TAMS 0x0000000717400000| PB 0x0000000717400000| Complete |  0
| 105|0x0000000717600000, 0x0000000717800000, 0x0000000717800000|100%| E|CS|TAMS 0x0000000717600000| PB 0x0000000717600000| Complete |  0
| 106|0x0000000717800000, 0x0000000717a00000, 0x0000000717a00000|100%| E|CS|TAMS 0x0000000717800000| PB 0x0000000717800000| Complete |  0
| 107|0x0000000717a00000, 0x0000000717c00000, 0x0000000717c00000|100%| E|CS|TAMS 0x0000000717a00000| PB 0x0000000717a00000| Complete |  0
| 108|0x0000000717c00000, 0x0000000717e00000, 0x0000000717e00000|100%| E|CS|TAMS 0x0000000717c00000| PB 0x0000000717c00000| Complete |  0
| 109|0x0000000717e00000, 0x0000000718000000, 0x0000000718000000|100%| E|CS|TAMS 0x0000000717e00000| PB 0x0000000717e00000| Complete |  0
| 110|0x0000000718000000, 0x0000000718200000, 0x0000000718200000|100%| E|CS|TAMS 0x0000000718000000| PB 0x0000000718000000| Complete |  0
| 111|0x0000000718200000, 0x0000000718400000, 0x0000000718400000|100%| E|CS|TAMS 0x0000000718200000| PB 0x0000000718200000| Complete |  0
| 112|0x0000000718400000, 0x0000000718600000, 0x0000000718600000|100%| E|CS|TAMS 0x0000000718400000| PB 0x0000000718400000| Complete |  0
| 113|0x0000000718600000, 0x0000000718800000, 0x0000000718800000|100%| E|CS|TAMS 0x0000000718600000| PB 0x0000000718600000| Complete |  0
| 114|0x0000000718800000, 0x0000000718a00000, 0x0000000718a00000|100%| E|CS|TAMS 0x0000000718800000| PB 0x0000000718800000| Complete |  0
| 115|0x0000000718a00000, 0x0000000718c00000, 0x0000000718c00000|100%| E|  |TAMS 0x0000000718a00000| PB 0x0000000718a00000| Complete |  0
| 116|0x0000000718c00000, 0x0000000718e00000, 0x0000000718e00000|100%| E|CS|TAMS 0x0000000718c00000| PB 0x0000000718c00000| Complete |  0
| 117|0x0000000718e00000, 0x0000000719000000, 0x0000000719000000|100%| E|CS|TAMS 0x0000000718e00000| PB 0x0000000718e00000| Complete |  0
| 118|0x0000000719000000, 0x0000000719200000, 0x0000000719200000|100%| E|CS|TAMS 0x0000000719000000| PB 0x0000000719000000| Complete |  0
| 119|0x0000000719200000, 0x0000000719400000, 0x0000000719400000|100%| E|CS|TAMS 0x0000000719200000| PB 0x0000000719200000| Complete |  0
| 120|0x0000000719400000, 0x0000000719600000, 0x0000000719600000|100%| E|CS|TAMS 0x0000000719400000| PB 0x0000000719400000| Complete |  0
| 121|0x0000000719600000, 0x0000000719800000, 0x0000000719800000|100%| E|CS|TAMS 0x0000000719600000| PB 0x0000000719600000| Complete |  0
| 122|0x0000000719800000, 0x0000000719a00000, 0x0000000719a00000|100%| E|CS|TAMS 0x0000000719800000| PB 0x0000000719800000| Complete |  0
| 123|0x0000000719a00000, 0x0000000719c00000, 0x0000000719c00000|100%| E|CS|TAMS 0x0000000719a00000| PB 0x0000000719a00000| Complete |  0
| 124|0x0000000719c00000, 0x0000000719e00000, 0x0000000719e00000|100%| E|CS|TAMS 0x0000000719c00000| PB 0x0000000719c00000| Complete |  0
| 125|0x0000000719e00000, 0x000000071a000000, 0x000000071a000000|100%| E|CS|TAMS 0x0000000719e00000| PB 0x0000000719e00000| Complete |  0
| 126|0x000000071a000000, 0x000000071a200000, 0x000000071a200000|100%| E|CS|TAMS 0x000000071a000000| PB 0x000000071a000000| Complete |  0
| 127|0x000000071a200000, 0x000000071a400000, 0x000000071a400000|100%| E|CS|TAMS 0x000000071a200000| PB 0x000000071a200000| Complete |  0
| 128|0x000000071a400000, 0x000000071a600000, 0x000000071a600000|100%| E|CS|TAMS 0x000000071a400000| PB 0x000000071a400000| Complete |  0
| 129|0x000000071a600000, 0x000000071a800000, 0x000000071a800000|100%| E|CS|TAMS 0x000000071a600000| PB 0x000000071a600000| Complete |  0
| 130|0x000000071a800000, 0x000000071a919b28, 0x000000071aa00000| 55%| S|CS|TAMS 0x000000071a800000| PB 0x000000071a800000| Complete |  0
| 131|0x000000071aa00000, 0x000000071ac00000, 0x000000071ac00000|100%| E|CS|TAMS 0x000000071aa00000| PB 0x000000071aa00000| Complete |  0
| 132|0x000000071ac00000, 0x000000071ae00000, 0x000000071ae00000|100%| E|CS|TAMS 0x000000071ac00000| PB 0x000000071ac00000| Complete |  0
|1965|0x00000007ffe00000, 0x0000000800000000, 0x0000000800000000|100%| E|CS|TAMS 0x00000007ffe00000| PB 0x00000007ffe00000| Complete |  0

Card table byte_map: [0x000001f2519b0000,0x000001f252160000] _byte_map_base: 0x000001f24e15e000

Marking Bits: (CMBitMap*) 0x000001f239218560
 Bits: [0x000001f252160000, 0x000001f255ed0000)

Polling page: 0x000001f237260000

Metaspace:

Usage:
  Non-class:     51.54 MB used.
      Class:      6.18 MB used.
       Both:     57.72 MB used.

Virtual space:
  Non-class space:       64.00 MB reserved,      51.88 MB ( 81%) committed,  1 nodes.
      Class space:        1.00 GB reserved,       6.50 MB ( <1%) committed,  1 nodes.
             Both:        1.06 GB reserved,      58.38 MB (  5%) committed. 

Chunk freelists:
   Non-Class:  11.58 MB
       Class:  9.56 MB
        Both:  21.14 MB

MaxMetaspaceSize: unlimited
CompressedClassSpaceSize: 1.00 GB
Initial GC threshold: 21.00 MB
Current GC threshold: 91.25 MB
CDS: on
 - commit_granule_bytes: 65536.
 - commit_granule_words: 8192.
 - virtual_space_node_default_size: 8388608.
 - enlarge_chunks_in_place: 1.
UseCompressedClassPointers 1, UseCompactObjectHeaders 0
Narrow klass pointer bits 32, Max shift 3
Narrow klass base: 0x000001f259000000, Narrow klass shift: 0
Encoding Range: [0x000001f259000000 - 0x000001f359000000), (4294967296 bytes)
Klass Range:    [0x000001f259000000 - 0x000001f29a000000), (1090519040 bytes)
Klass ID Range:  [8 - 1090519033) (1090519025)


Internal statistics:

num_allocs_failed_limit: 6.
num_arena_births: 854.
num_arena_deaths: 0.
num_vsnodes_births: 2.
num_vsnodes_deaths: 0.
num_space_committed: 934.
num_space_uncommitted: 0.
num_chunks_returned_to_freelist: 6.
num_chunks_taken_from_freelist: 2415.
num_chunk_merges: 6.
num_chunk_splits: 1746.
num_chunks_enlarged: 1309.
num_inconsistent_stats: 0.

CodeHeap 'non-profiled nmethods': size=120064Kb used=3108Kb max_used=3108Kb free=116955Kb
 bounds [0x000001f249770000, 0x000001f249a80000, 0x000001f250cb0000]
CodeHeap 'profiled nmethods': size=120000Kb used=11398Kb max_used=11398Kb free=108601Kb
 bounds [0x000001f241cb0000, 0x000001f2427e0000, 0x000001f2491e0000]
CodeHeap 'non-nmethods': size=5696Kb used=1887Kb max_used=2012Kb free=3808Kb
 bounds [0x000001f2491e0000, 0x000001f249450000, 0x000001f249770000]
CodeCache: size=245760Kb, used=16393Kb, max_used=16518Kb, free=229364Kb
 total_blobs=8176, nmethods=7133, adapters=933, full_count=0
Compilation: enabled, stopped_count=0, restarted_count=0

Compilation events (20 events):
Event: 46.003 Thread 0x000001f2a6f10b00 7577       4       com.sun.org.apache.xerces.internal.impl.io.UTF8Reader::read (1443 bytes)
Event: 46.003 Thread 0x000001f258b7c240 nmethod 7580 0x000001f2427b7688 code [0x000001f2427b77c0, 0x000001f2427b7b98]
Event: 46.006 Thread 0x000001f258b7c240 7587 %     3       com.sun.org.apache.xerces.internal.impl.XMLDocumentFragmentScannerImpl::scanDocument @ 13 (346 bytes)
Event: 46.007 Thread 0x000001f258b7c240 nmethod 7587% 0x000001f2427b7c08 code [0x000001f2427b7ea0, 0x000001f2427b9688]
Event: 46.007 Thread 0x000001f258b7c240 7588       3       com.sun.org.apache.xerces.internal.impl.XMLDocumentFragmentScannerImpl::scanDocument (346 bytes)
Event: 46.007 Thread 0x000001f258b7c240 nmethod 7588 0x000001f2427b9708 code [0x000001f2427b99a0, 0x000001f2427bb040]
Event: 46.017 Thread 0x000001f258b7c240 7603       2       com.sun.org.apache.xerces.internal.impl.XMLEntityManager$RewindableInputStream::read (168 bytes)
Event: 46.017 Thread 0x000001f258b7c240 nmethod 7603 0x000001f2427bb108 code [0x000001f2427bb280, 0x000001f2427bb678]
Event: 46.017 Thread 0x000001f2a6f10b00 nmethod 7577 0x000001f249a77308 code [0x000001f249a774a0, 0x000001f249a78168]
Event: 46.017 Thread 0x000001f2a6f10b00 7569       4       com.sun.org.apache.xerces.internal.util.SymbolTable::addSymbol (110 bytes)
Event: 46.021 Thread 0x000001f258b7c240 7604       2       com.sun.org.apache.xerces.internal.impl.XMLEntityScanner::invokeListeners (37 bytes)
Event: 46.021 Thread 0x000001f258b7c240 nmethod 7604 0x000001f2427bb708 code [0x000001f2427bb840, 0x000001f2427bbac8]
Event: 46.021 Thread 0x000001f258b7c240 7605       2       com.sun.org.apache.xerces.internal.impl.XMLEntityScanner::load (200 bytes)
Event: 46.021 Thread 0x000001f2a6f10b00 nmethod 7569 0x000001f249a78188 code [0x000001f249a782c0, 0x000001f249a78648]
Event: 46.021 Thread 0x000001f2a6f10b00 7573       4       com.sun.org.apache.xerces.internal.impl.XMLEntityScanner::scanQName (580 bytes)
Event: 46.022 Thread 0x000001f258b7c240 nmethod 7605 0x000001f2427bbb08 code [0x000001f2427bbc60, 0x000001f2427bbf78]
Event: 46.024 Thread 0x000001f258b7c240 7606       2       com.sun.org.apache.xerces.internal.impl.XMLDocumentScannerImpl::refresh (71 bytes)
Event: 46.025 Thread 0x000001f258b7c240 nmethod 7606 0x000001f2427bc008 code [0x000001f2427bc160, 0x000001f2427bc4d0]
Event: 46.025 Thread 0x000001f258b7c240 7607       2       com.sun.org.apache.xerces.internal.impl.XMLDocumentFragmentScannerImpl::refresh (28 bytes)
Event: 46.025 Thread 0x000001f258b7c240 nmethod 7607 0x000001f2427bc588 code [0x000001f2427bc6c0, 0x000001f2427bc938]

GC Heap History (20 events):
Event: 7.385 GC heap before
{Heap before GC invocations=3 (full 0):
 garbage-first heap   total reserved 4026368K, committed 55296K, used 41537K [0x000000070a400000, 0x0000000800000000)
  region size 2048K, 16 young (32768K), 3 survivors (6144K)
 Metaspace       used 28368K, committed 28928K, reserved 1114112K
  class space    used 2897K, committed 3136K, reserved 1048576K
}
Event: 7.389 GC heap after
{Heap after GC invocations=4 (full 0):
 garbage-first heap   total reserved 4026368K, committed 55296K, used 18035K [0x000000070a400000, 0x0000000800000000)
  region size 2048K, 2 young (4096K), 2 survivors (4096K)
 Metaspace       used 28368K, committed 28928K, reserved 1114112K
  class space    used 2897K, committed 3136K, reserved 1048576K
}
Event: 7.752 GC heap before
{Heap before GC invocations=4 (full 0):
 garbage-first heap   total reserved 4026368K, committed 55296K, used 38515K [0x000000070a400000, 0x0000000800000000)
  region size 2048K, 12 young (24576K), 2 survivors (4096K)
 Metaspace       used 33246K, committed 33792K, reserved 1114112K
  class space    used 3308K, committed 3520K, reserved 1048576K
}
Event: 7.756 GC heap after
{Heap after GC invocations=5 (full 0):
 garbage-first heap   total reserved 4026368K, committed 55296K, used 19570K [0x000000070a400000, 0x0000000800000000)
  region size 2048K, 1 young (2048K), 1 survivors (2048K)
 Metaspace       used 33246K, committed 33792K, reserved 1114112K
  class space    used 3308K, committed 3520K, reserved 1048576K
}
Event: 7.872 GC heap before
{Heap before GC invocations=5 (full 0):
 garbage-first heap   total reserved 4026368K, committed 55296K, used 23666K [0x000000070a400000, 0x0000000800000000)
  region size 2048K, 4 young (8192K), 1 survivors (2048K)
 Metaspace       used 35396K, committed 35968K, reserved 1114112K
  class space    used 3480K, committed 3712K, reserved 1048576K
}
Event: 7.874 GC heap after
{Heap after GC invocations=6 (full 0):
 garbage-first heap   total reserved 4026368K, committed 55296K, used 19679K [0x000000070a400000, 0x0000000800000000)
  region size 2048K, 1 young (2048K), 1 survivors (2048K)
 Metaspace       used 35396K, committed 35968K, reserved 1114112K
  class space    used 3480K, committed 3712K, reserved 1048576K
}
Event: 8.213 GC heap before
{Heap before GC invocations=7 (full 0):
 garbage-first heap   total reserved 4026368K, committed 55296K, used 42207K [0x000000070a400000, 0x0000000800000000)
  region size 2048K, 12 young (24576K), 1 survivors (2048K)
 Metaspace       used 40373K, committed 40960K, reserved 1114112K
  class space    used 4163K, committed 4416K, reserved 1048576K
}
Event: 8.215 GC heap after
{Heap after GC invocations=8 (full 0):
 garbage-first heap   total reserved 4026368K, committed 55296K, used 20543K [0x000000070a400000, 0x0000000800000000)
  region size 2048K, 2 young (4096K), 2 survivors (4096K)
 Metaspace       used 40373K, committed 40960K, reserved 1114112K
  class space    used 4163K, committed 4416K, reserved 1048576K
}
Event: 8.556 GC heap before
{Heap before GC invocations=8 (full 0):
 garbage-first heap   total reserved 4026368K, committed 55296K, used 43071K [0x000000070a400000, 0x0000000800000000)
  region size 2048K, 13 young (26624K), 2 survivors (4096K)
 Metaspace       used 44481K, committed 45120K, reserved 1114112K
  class space    used 4553K, committed 4800K, reserved 1048576K
}
Event: 8.559 GC heap after
{Heap after GC invocations=9 (full 0):
 garbage-first heap   total reserved 4026368K, committed 55296K, used 21152K [0x000000070a400000, 0x0000000800000000)
  region size 2048K, 2 young (4096K), 2 survivors (4096K)
 Metaspace       used 44481K, committed 45120K, reserved 1114112K
  class space    used 4553K, committed 4800K, reserved 1048576K
}
Event: 8.975 GC heap before
{Heap before GC invocations=9 (full 0):
 garbage-first heap   total reserved 4026368K, committed 55296K, used 41632K [0x000000070a400000, 0x0000000800000000)
  region size 2048K, 13 young (26624K), 2 survivors (4096K)
 Metaspace       used 50451K, committed 51072K, reserved 1114112K
  class space    used 5435K, committed 5696K, reserved 1048576K
}
Event: 8.979 GC heap after
{Heap after GC invocations=10 (full 0):
 garbage-first heap   total reserved 4026368K, committed 55296K, used 23019K [0x000000070a400000, 0x0000000800000000)
  region size 2048K, 2 young (4096K), 2 survivors (4096K)
 Metaspace       used 50451K, committed 51072K, reserved 1114112K
  class space    used 5435K, committed 5696K, reserved 1048576K
}
Event: 33.604 GC heap before
{Heap before GC invocations=10 (full 0):
 garbage-first heap   total reserved 4026368K, committed 55296K, used 45547K [0x000000070a400000, 0x0000000800000000)
  region size 2048K, 13 young (26624K), 2 survivors (4096K)
 Metaspace       used 53701K, committed 54400K, reserved 1114112K
  class space    used 5764K, committed 6080K, reserved 1048576K
}
Event: 33.607 GC heap after
{Heap after GC invocations=11 (full 0):
 garbage-first heap   total reserved 4026368K, committed 55296K, used 24276K [0x000000070a400000, 0x0000000800000000)
  region size 2048K, 2 young (4096K), 2 survivors (4096K)
 Metaspace       used 53701K, committed 54400K, reserved 1114112K
  class space    used 5764K, committed 6080K, reserved 1048576K
}
Event: 45.526 GC heap before
{Heap before GC invocations=11 (full 0):
 garbage-first heap   total reserved 4026368K, committed 55296K, used 30420K [0x000000070a400000, 0x0000000800000000)
  region size 2048K, 6 young (12288K), 2 survivors (4096K)
 Metaspace       used 55390K, committed 56064K, reserved 1114112K
  class space    used 5895K, committed 6208K, reserved 1048576K
}
Event: 45.529 GC heap after
{Heap after GC invocations=12 (full 0):
 garbage-first heap   total reserved 4026368K, committed 55296K, used 24973K [0x000000070a400000, 0x0000000800000000)
  region size 2048K, 1 young (2048K), 1 survivors (2048K)
 Metaspace       used 55390K, committed 56064K, reserved 1114112K
  class space    used 5895K, committed 6208K, reserved 1048576K
}
Event: 45.645 GC heap before
{Heap before GC invocations=12 (full 0):
 garbage-first heap   total reserved 4026368K, committed 106496K, used 96653K [0x000000070a400000, 0x0000000800000000)
  region size 2048K, 2 young (4096K), 1 survivors (2048K)
 Metaspace       used 55412K, committed 56064K, reserved 1114112K
  class space    used 5895K, committed 6208K, reserved 1048576K
}
Event: 45.647 GC heap after
{Heap after GC invocations=13 (full 0):
 garbage-first heap   total reserved 4026368K, committed 106496K, used 96447K [0x000000070a400000, 0x0000000800000000)
  region size 2048K, 1 young (2048K), 1 survivors (2048K)
 Metaspace       used 55412K, committed 56064K, reserved 1114112K
  class space    used 5895K, committed 6208K, reserved 1048576K
}
Event: 45.780 GC heap before
{Heap before GC invocations=14 (full 0):
 garbage-first heap   total reserved 4026368K, committed 274432K, used 178367K [0x000000070a400000, 0x0000000800000000)
  region size 2048K, 4 young (8192K), 1 survivors (2048K)
 Metaspace       used 56788K, committed 57472K, reserved 1114112K
  class space    used 6070K, committed 6400K, reserved 1048576K
}
Event: 45.782 GC heap after
{Heap after GC invocations=15 (full 0):
 garbage-first heap   total reserved 4026368K, committed 274432K, used 96870K [0x000000070a400000, 0x0000000800000000)
  region size 2048K, 1 young (2048K), 1 survivors (2048K)
 Metaspace       used 56788K, committed 57472K, reserved 1114112K
  class space    used 6070K, committed 6400K, reserved 1048576K
}

Dll operation events (13 events):
Event: 0.007 Loaded shared library C:\Program Files\Apache NetBeans\jdk\bin\java.dll
Event: 0.028 Loaded shared library C:\Program Files\Apache NetBeans\jdk\bin\jsvml.dll
Event: 0.080 Loaded shared library C:\Program Files\Apache NetBeans\jdk\bin\jimage.dll
Event: 0.084 Loaded shared library C:\Program Files\Apache NetBeans\jdk\bin\net.dll
Event: 0.086 Loaded shared library C:\Program Files\Apache NetBeans\jdk\bin\nio.dll
Event: 0.097 Loaded shared library C:\Program Files\Apache NetBeans\jdk\bin\zip.dll
Event: 0.131 Loaded shared library C:\Program Files\Apache NetBeans\jdk\bin\awt.dll
Event: 1.600 Loaded shared library C:\Program Files\Apache NetBeans\jdk\bin\freetype.dll
Event: 1.601 Loaded shared library C:\Program Files\Apache NetBeans\jdk\bin\fontmanager.dll
Event: 2.879 Loaded shared library C:\Windows\System32\ucrtbase.dll
Event: 2.880 Loaded shared library C:\Program Files\Apache NetBeans\jdk\bin\syslookup.dll
Event: 7.172 Loaded shared library C:\Program Files\Apache NetBeans\jdk\bin\extnet.dll
Event: 7.567 Loaded shared library C:\Program Files\Apache NetBeans\jdk\bin\verify.dll

Deoptimization events (20 events):
Event: 46.009 Thread 0x000001f29e5f1c10 DEOPT PACKING pc=0x000001f24218f451 sp=0x00000009be5fdde0
Event: 46.009 Thread 0x000001f29e5f1c10 DEOPT UNPACKING pc=0x000001f249235722 sp=0x00000009be5fd2a0 mode 0
Event: 46.011 Thread 0x000001f29e5f1c10 DEOPT PACKING pc=0x000001f24218f451 sp=0x00000009be5fddc0
Event: 46.011 Thread 0x000001f29e5f1c10 DEOPT UNPACKING pc=0x000001f249235722 sp=0x00000009be5fd280 mode 0
Event: 46.012 Thread 0x000001f29e5f1c10 DEOPT PACKING pc=0x000001f24218f451 sp=0x00000009be5fddc0
Event: 46.012 Thread 0x000001f29e5f1c10 DEOPT UNPACKING pc=0x000001f249235722 sp=0x00000009be5fd280 mode 0
Event: 46.012 Thread 0x000001f29e5f1c10 DEOPT PACKING pc=0x000001f24218f451 sp=0x00000009be5fddc0
Event: 46.012 Thread 0x000001f29e5f1c10 DEOPT UNPACKING pc=0x000001f249235722 sp=0x00000009be5fd280 mode 0
Event: 46.013 Thread 0x000001f29e5f1c10 DEOPT PACKING pc=0x000001f24218f451 sp=0x00000009be5fddc0
Event: 46.013 Thread 0x000001f29e5f1c10 DEOPT UNPACKING pc=0x000001f249235722 sp=0x00000009be5fd280 mode 0
Event: 46.014 Thread 0x000001f29e5f1c10 DEOPT PACKING pc=0x000001f24218f451 sp=0x00000009be5fddc0
Event: 46.014 Thread 0x000001f29e5f1c10 DEOPT UNPACKING pc=0x000001f249235722 sp=0x00000009be5fd280 mode 0
Event: 46.015 Thread 0x000001f29e5f1c10 DEOPT PACKING pc=0x000001f24218f451 sp=0x00000009be5fddc0
Event: 46.015 Thread 0x000001f29e5f1c10 DEOPT UNPACKING pc=0x000001f249235722 sp=0x00000009be5fd280 mode 0
Event: 46.015 Thread 0x000001f29e5f1c10 DEOPT PACKING pc=0x000001f24218f451 sp=0x00000009be5fdc90
Event: 46.015 Thread 0x000001f29e5f1c10 DEOPT UNPACKING pc=0x000001f249235722 sp=0x00000009be5fd150 mode 0
Event: 46.017 Thread 0x000001f29e5f1c10 DEOPT PACKING pc=0x000001f24218f451 sp=0x00000009be5fddc0
Event: 46.017 Thread 0x000001f29e5f1c10 DEOPT UNPACKING pc=0x000001f249235722 sp=0x00000009be5fd280 mode 0
Event: 46.017 Thread 0x000001f29e5f1c10 DEOPT PACKING pc=0x000001f24218f451 sp=0x00000009be5fddc0
Event: 46.017 Thread 0x000001f29e5f1c10 DEOPT UNPACKING pc=0x000001f249235722 sp=0x00000009be5fd280 mode 0

Classes loaded (20 events):
Event: 45.813 Loading class java/security/DigestInputStream
Event: 45.813 Loading class java/security/DigestInputStream done
Event: 45.868 Loading class java/io/UTFDataFormatException
Event: 45.868 Loading class java/io/UTFDataFormatException done
Event: 45.927 Loading class org/w3c/dom/DOMImplementation
Event: 45.927 Loading class org/w3c/dom/DOMImplementation done
Event: 45.932 Loading class org/xml/sax/ext/LexicalHandler
Event: 45.932 Loading class org/xml/sax/ext/LexicalHandler done
Event: 45.932 Loading class org/xml/sax/ext/DeclHandler
Event: 45.932 Loading class org/xml/sax/ext/DeclHandler done
Event: 45.935 Loading class org/w3c/dom/CDATASection
Event: 45.935 Loading class org/w3c/dom/CDATASection done
Event: 45.945 Loading class java/lang/ThreadDeath
Event: 45.945 Loading class java/lang/ThreadDeath done
Event: 45.947 Loading class org/w3c/dom/Comment
Event: 45.947 Loading class org/w3c/dom/Comment done
Event: 45.947 Loading class org/w3c/dom/ProcessingInstruction
Event: 45.947 Loading class org/w3c/dom/ProcessingInstruction done
Event: 45.954 Loading class org/w3c/dom/DocumentFragment
Event: 45.954 Loading class org/w3c/dom/DocumentFragment done

Classes unloaded (0 events):
No events

Classes redefined (0 events):
No events

Internal exceptions (20 events):
Event: 9.096 Thread 0x000001f258f8e370 Exception <a 'java/io/IOException'{0x00000007195e78d0}> (0x00000007195e78d0) 
thrown [s\src\hotspot\share\prims\jni.cpp, line 518]
Event: 9.096 Thread 0x000001f258f8e370 Exception <a 'java/io/IOException'{0x00000007195e7e98}> (0x00000007195e7e98) 
thrown [s\src\hotspot\share\prims\jni.cpp, line 518]
Event: 9.101 Thread 0x000001f258f8e370 Exception <a 'java/io/IOException'{0x00000007195f8e28}> (0x00000007195f8e28) 
thrown [s\src\hotspot\share\prims\jni.cpp, line 518]
Event: 9.101 Thread 0x000001f258f8e370 Exception <a 'java/io/IOException'{0x00000007195f93f0}> (0x00000007195f93f0) 
thrown [s\src\hotspot\share\prims\jni.cpp, line 518]
Event: 9.111 Thread 0x000001f258f8e370 Exception <a 'java/io/IOException'{0x000000071922d378}> (0x000000071922d378) 
thrown [s\src\hotspot\share\prims\jni.cpp, line 518]
Event: 9.111 Thread 0x000001f258f8e370 Exception <a 'java/io/IOException'{0x000000071922d940}> (0x000000071922d940) 
thrown [s\src\hotspot\share\prims\jni.cpp, line 518]
Event: 9.123 Thread 0x000001f258f8e370 Exception <a 'java/io/IOException'{0x0000000719260d90}> (0x0000000719260d90) 
thrown [s\src\hotspot\share\prims\jni.cpp, line 518]
Event: 9.123 Thread 0x000001f258f8e370 Exception <a 'java/io/IOException'{0x0000000719261358}> (0x0000000719261358) 
thrown [s\src\hotspot\share\prims\jni.cpp, line 518]
Event: 9.133 Thread 0x000001f258f8e370 Exception <a 'java/io/IOException'{0x000000071929d870}> (0x000000071929d870) 
thrown [s\src\hotspot\share\prims\jni.cpp, line 518]
Event: 9.133 Thread 0x000001f258f8e370 Exception <a 'java/io/IOException'{0x000000071929de38}> (0x000000071929de38) 
thrown [s\src\hotspot\share\prims\jni.cpp, line 518]
Event: 9.268 Thread 0x000001f258f8e370 Implicit null exception at 0x000001f249813f2e to 0x000001f249814180
Event: 45.409 Thread 0x000001f258f8e370 Implicit null exception at 0x000001f249a007d6 to 0x000001f249a014c4
Event: 45.416 Thread 0x000001f29e5f1c10 Exception <a 'java/lang/NoSuchMethodError'{0x000000071997ac90}: 'void java.lang.invoke.DirectMethodHandle$Holder.invokeSpecial(java.lang.Object, java.lang.Object, int, java.lang.Object)'> (0x000000071997ac90) 
thrown [s\src\hotspot\share\interpreter\linkResolver.cpp, line 805]
Event: 45.524 Thread 0x000001f29e5f1c10 Exception <a 'java/lang/NoSuchMethodError'{0x00000007195a5590}: 'long java.lang.invoke.DirectMethodHandle$Holder.invokeVirtual(java.lang.Object, java.lang.Object)'> (0x00000007195a5590) 
thrown [s\src\hotspot\share\interpreter\linkResolver.cpp, line 805]
Event: 45.685 Thread 0x000001f29e5f1c10 Exception <a 'java/lang/NoSuchMethodError'{0x00000007ffe65c20}: 'void java.lang.invoke.DirectMethodHandle$Holder.invokeVirtual(java.lang.Object, java.lang.Object, java.lang.Object, int)'> (0x00000007ffe65c20) 
thrown [s\src\hotspot\share\interpreter\linkResolver.cpp, line 805]
Event: 45.686 Thread 0x000001f29e5f1c10 Exception <a 'java/lang/NoSuchMethodError'{0x00000007ffe769e0}: 'void java.lang.invoke.DirectMethodHandle$Holder.invokeVirtual(java.lang.Object, java.lang.Object, java.lang.Object, java.lang.Object)'> (0x00000007ffe769e0) 
thrown [s\src\hotspot\share\interpreter\linkResolver.cpp, line 805]
Event: 45.689 Thread 0x000001f29e5f1c10 Exception <a 'java/lang/NoSuchMethodError'{0x00000007ffecf590}: 'void java.lang.invoke.DirectMethodHandle$Holder.invokeStatic(java.lang.Object, java.lang.Object, java.lang.Object, int)'> (0x00000007ffecf590) 
thrown [s\src\hotspot\share\interpreter\linkResolver.cpp, line 805]
Event: 45.689 Thread 0x000001f29e5f1c10 Exception <a 'java/lang/NoSuchMethodError'{0x00000007ffed76c8}: 'void java.lang.invoke.DirectMethodHandle$Holder.invokeStaticInit(java.lang.Object, java.lang.Object, java.lang.Object, int)'> (0x00000007ffed76c8) 
thrown [s\src\hotspot\share\interpreter\linkResolver.cpp, line 805]
Event: 45.729 Thread 0x000001f29e5f1c10 Exception <a 'java/lang/NoSuchMethodError'{0x000000071ace0b88}: 'java.lang.Object java.lang.invoke.DirectMethodHandle$Holder.invokeStatic(java.lang.Object, java.lang.Object, int, int)'> (0x000000071ace0b88) 
thrown [s\src\hotspot\share\interpreter\linkResolver.cpp, line 805]
Event: 45.729 Thread 0x000001f29e5f1c10 Exception <a 'java/lang/NoSuchMethodError'{0x000000071ace8cc0}: 'java.lang.Object java.lang.invoke.DirectMethodHandle$Holder.invokeStaticInit(java.lang.Object, java.lang.Object, int, int)'> (0x000000071ace8cc0) 
thrown [s\src\hotspot\share\interpreter\linkResolver.cpp, line 805]

VM Operations (20 events):
Event: 27.288 Executing VM operation: HandshakeAllThreads (Deoptimize)
Event: 27.289 Executing VM operation: HandshakeAllThreads (Deoptimize) done
Event: 27.298 Executing VM operation: HandshakeAllThreads (Deoptimize)
Event: 27.298 Executing VM operation: HandshakeAllThreads (Deoptimize) done
Event: 28.319 Executing VM operation: HandshakeAllThreads (Deoptimize)
Event: 28.319 Executing VM operation: HandshakeAllThreads (Deoptimize) done
Event: 33.604 Executing VM operation: G1CollectForAllocation (G1 Evacuation Pause)
Event: 33.607 Executing VM operation: G1CollectForAllocation (G1 Evacuation Pause) done
Event: 45.526 Executing VM operation: G1TryInitiateConcMark (G1 Humongous Allocation)
Event: 45.529 Executing VM operation: G1TryInitiateConcMark (G1 Humongous Allocation) done
Event: 45.645 Executing VM operation: G1TryInitiateConcMark (G1 Humongous Allocation)
Event: 45.647 Executing VM operation: G1TryInitiateConcMark (G1 Humongous Allocation) done
Event: 45.655 Executing VM operation: G1PauseRemark
Event: 45.665 Executing VM operation: G1PauseRemark done
Event: 45.667 Executing VM operation: G1PauseCleanup
Event: 45.667 Executing VM operation: G1PauseCleanup done
Event: 45.780 Executing VM operation: G1CollectForAllocation (G1 Evacuation Pause)
Event: 45.782 Executing VM operation: G1CollectForAllocation (G1 Evacuation Pause) done
Event: 45.868 Executing VM operation: HandshakeAllThreads (Deoptimize)
Event: 45.868 Executing VM operation: HandshakeAllThreads (Deoptimize) done

Memory protections (0 events):
No events

Nmethod flushes (20 events):
Event: 45.664 Thread 0x000001f258b45cc0 flushing  nmethod 0x000001f241cd8f08
Event: 45.664 Thread 0x000001f258b45cc0 flushing  nmethod 0x000001f241d0de08
Event: 45.664 Thread 0x000001f258b45cc0 flushing  nmethod 0x000001f241d0e488
Event: 45.664 Thread 0x000001f258b45cc0 flushing  nmethod 0x000001f241d35488
Event: 45.664 Thread 0x000001f258b45cc0 flushing  nmethod 0x000001f241d3a888
Event: 45.664 Thread 0x000001f258b45cc0 flushing  nmethod 0x000001f241d9a088
Event: 45.664 Thread 0x000001f258b45cc0 flushing  nmethod 0x000001f241f7bb08
Event: 45.664 Thread 0x000001f258b45cc0 flushing  nmethod 0x000001f241fb0c08
Event: 45.664 Thread 0x000001f258b45cc0 flushing  nmethod 0x000001f241fb2b88
Event: 45.664 Thread 0x000001f258b45cc0 flushing  nmethod 0x000001f242003a08
Event: 45.664 Thread 0x000001f258b45cc0 flushing  nmethod 0x000001f24203cd08
Event: 45.664 Thread 0x000001f258b45cc0 flushing  nmethod 0x000001f242058b08
Event: 45.664 Thread 0x000001f258b45cc0 flushing  nmethod 0x000001f2420ab488
Event: 45.664 Thread 0x000001f258b45cc0 flushing  nmethod 0x000001f2420ace08
Event: 45.664 Thread 0x000001f258b45cc0 flushing  nmethod 0x000001f24218a008
Event: 45.664 Thread 0x000001f258b45cc0 flushing  nmethod 0x000001f24218a388
Event: 45.664 Thread 0x000001f258b45cc0 flushing  nmethod 0x000001f24218c108
Event: 45.664 Thread 0x000001f258b45cc0 flushing  nmethod 0x000001f2421b8b08
Event: 45.664 Thread 0x000001f258b45cc0 flushing  nmethod 0x000001f2421d1f08
Event: 45.664 Thread 0x000001f258b45cc0 flushing  nmethod 0x000001f242216888

Events (20 events):
Event: 27.250 Thread 0x000001f29e5f3950 Thread exited: 0x000001f29e5f3950
Event: 27.257 Thread 0x000001f29e5f1c10 Thread exited: 0x000001f29e5f1c10
Event: 27.271 Thread 0x000001f258f8e370 Thread added: 0x000001f29e5f3950
Event: 27.275 Thread 0x000001f29e5f3950 Thread exited: 0x000001f29e5f3950
Event: 28.332 Thread 0x000001f258b787c0 Thread added: 0x000001f2a6f11a20
Event: 28.610 Thread 0x000001f2a6f11a20 Thread exited: 0x000001f2a6f11a20
Event: 29.425 Thread 0x000001f258f8e370 Thread added: 0x000001f29e5f3200
Event: 29.440 Thread 0x000001f29e5f3200 Thread exited: 0x000001f29e5f3200
Event: 32.045 Thread 0x000001f2a45fb7b0 Thread exited: 0x000001f2a45fb7b0
Event: 34.430 Thread 0x000001f258f8e370 Thread added: 0x000001f29e5f3950
Event: 34.434 Thread 0x000001f29e5f3950 Thread exited: 0x000001f29e5f3950
Event: 35.816 Thread 0x000001f258f8e370 Thread added: 0x000001f29e5f1c10
Event: 35.816 Thread 0x000001f29e5f1c10 Thread exited: 0x000001f29e5f1c10
Event: 39.310 Thread 0x000001f258f8e370 Thread added: 0x000001f29e5f2ab0
Event: 39.314 Thread 0x000001f29e5f2ab0 Thread exited: 0x000001f29e5f2ab0
Event: 40.483 Thread 0x000001f258f8e370 Thread added: 0x000001f29e5f1c10
Event: 40.486 Thread 0x000001f29e5f1c10 Thread exited: 0x000001f29e5f1c10
Event: 45.414 Thread 0x000001f258f8e370 Thread added: 0x000001f29e5f1c10
Event: 45.544 Thread 0x000001f258b7c240 Thread added: 0x000001f2a6f10b00
Event: 45.878 Thread 0x000001f258b7c240 Thread added: 0x000001f2a6f156a0


Dynamic libraries:
0x00007ff696510000 - 0x00007ff69651e000 	C:\Program Files\Apache NetBeans\jdk\bin\java.exe
0x00007ffc554c0000 - 0x00007ffc55727000 	C:\WINDOWS\SYSTEM32\ntdll.dll
0x00007ffc53eb0000 - 0x00007ffc53f79000 	C:\WINDOWS\System32\KERNEL32.DLL
0x00007ffc52810000 - 0x00007ffc52c01000 	C:\WINDOWS\System32\KERNELBASE.dll
0x00007ffc51e50000 - 0x00007ffc51f9b000 	C:\WINDOWS\System32\ucrtbase.dll
0x00007ffc4a6f0000 - 0x00007ffc4a706000 	C:\Program Files\Apache NetBeans\jdk\bin\jli.dll
0x00007ffc4d3f0000 - 0x00007ffc4d40e000 	C:\Program Files\Apache NetBeans\jdk\bin\VCRUNTIME140.dll
0x00007ffc54630000 - 0x00007ffc547f5000 	C:\WINDOWS\System32\USER32.dll
0x00007ffc52e00000 - 0x00007ffc52e27000 	C:\WINDOWS\System32\win32u.dll
0x00007ffc45c20000 - 0x00007ffc45eb3000 	C:\WINDOWS\WinSxS\amd64_microsoft.windows.common-controls_6595b64144ccf1df_6.0.26100.8037_none_3e092faae333b53b\COMCTL32.dll
0x00007ffc54880000 - 0x00007ffc548ab000 	C:\WINDOWS\System32\GDI32.dll
0x00007ffc54440000 - 0x00007ffc544e9000 	C:\WINDOWS\System32\msvcrt.dll
0x00007ffc52c10000 - 0x00007ffc52d3b000 	C:\WINDOWS\System32\gdi32full.dll
0x00007ffc52fb0000 - 0x00007ffc53053000 	C:\WINDOWS\System32\msvcp_win.dll
0x00007ffc53c40000 - 0x00007ffc53c71000 	C:\WINDOWS\System32\IMM32.DLL
0x00007ffc4d350000 - 0x00007ffc4d35c000 	C:\Program Files\Apache NetBeans\jdk\bin\vcruntime140_1.dll
0x00007ffc19a50000 - 0x00007ffc19add000 	C:\Program Files\Apache NetBeans\jdk\bin\msvcp140.dll
0x00007ffba7950000 - 0x00007ffba87cc000 	C:\Program Files\Apache NetBeans\jdk\bin\server\jvm.dll
0x00007ffc54570000 - 0x00007ffc5462b000 	C:\WINDOWS\System32\ADVAPI32.dll
0x00007ffc54270000 - 0x00007ffc54317000 	C:\WINDOWS\System32\sechost.dll
0x00007ffc54320000 - 0x00007ffc54438000 	C:\WINDOWS\System32\RPCRT4.dll
0x00007ffc544f0000 - 0x00007ffc54564000 	C:\WINDOWS\System32\WS2_32.dll
0x00007ffc51a50000 - 0x00007ffc51aae000 	C:\WINDOWS\SYSTEM32\POWRPROF.dll
0x00007ffc4b4c0000 - 0x00007ffc4b4cb000 	C:\WINDOWS\SYSTEM32\VERSION.dll
0x00007ffc4ab90000 - 0x00007ffc4abc5000 	C:\WINDOWS\SYSTEM32\WINMM.dll
0x00007ffc51a30000 - 0x00007ffc51a44000 	C:\WINDOWS\SYSTEM32\UMPDC.dll
0x00007ffc50b30000 - 0x00007ffc50b4b000 	C:\WINDOWS\SYSTEM32\kernel.appcore.dll
0x00007ffc4c920000 - 0x00007ffc4c92a000 	C:\Program Files\Apache NetBeans\jdk\bin\jimage.dll
0x00007ffc478f0000 - 0x00007ffc47b32000 	C:\WINDOWS\SYSTEM32\DBGHELP.DLL
0x00007ffc54eb0000 - 0x00007ffc55232000 	C:\WINDOWS\System32\combase.dll
0x00007ffc54910000 - 0x00007ffc549e7000 	C:\WINDOWS\System32\OLEAUT32.dll
0x00007ffc23690000 - 0x00007ffc236cb000 	C:\WINDOWS\SYSTEM32\dbgcore.DLL
0x00007ffc51da0000 - 0x00007ffc51e45000 	C:\WINDOWS\System32\bcryptPrimitives.dll
0x00007ffc4d330000 - 0x00007ffc4d34e000 	C:\Program Files\Apache NetBeans\jdk\bin\java.dll
0x00007ffc53c80000 - 0x00007ffc53e15000 	C:\WINDOWS\System32\ole32.dll
0x00007ffc534d0000 - 0x00007ffc53c2f000 	C:\WINDOWS\System32\SHELL32.dll
0x00007ffc530f0000 - 0x00007ffc5325a000 	C:\WINDOWS\System32\wintypes.dll
0x00007ffc51fa0000 - 0x00007ffc52804000 	C:\WINDOWS\System32\windows.storage.dll
0x00007ffc54170000 - 0x00007ffc54267000 	C:\WINDOWS\System32\SHCORE.dll
0x00007ffc53280000 - 0x00007ffc532e7000 	C:\WINDOWS\System32\shlwapi.dll
0x00007ffc51cc0000 - 0x00007ffc51ce9000 	C:\WINDOWS\SYSTEM32\profapi.dll
0x00007ffbee2e0000 - 0x00007ffbee3b7000 	C:\Program Files\Apache NetBeans\jdk\bin\jsvml.dll
0x00007ffc4a770000 - 0x00007ffc4a780000 	C:\Program Files\Apache NetBeans\jdk\bin\net.dll
0x00007ffc510a0000 - 0x00007ffc5110b000 	C:\WINDOWS\system32\mswsock.dll
0x00007ffc361f0000 - 0x00007ffc36206000 	C:\Program Files\Apache NetBeans\jdk\bin\nio.dll
0x00007ffc3efe0000 - 0x00007ffc3eff7000 	C:\Program Files\Apache NetBeans\jdk\bin\zip.dll
0x00007ffbe0240000 - 0x00007ffbe03be000 	C:\Program Files\Apache NetBeans\jdk\bin\awt.dll
0x00007ffc4f570000 - 0x00007ffc4f60f000 	C:\WINDOWS\SYSTEM32\apphelp.dll
0x00007ffc4f7a0000 - 0x00007ffc4f84a000 	C:\WINDOWS\system32\uxtheme.dll
0x00007ffc53370000 - 0x00007ffc534cd000 	C:\WINDOWS\System32\MSCTF.dll
0x00007ffc4fa70000 - 0x00007ffc4fa9e000 	C:\WINDOWS\system32\DWMAPI.DLL
0x00007ffbd4b70000 - 0x00007ffbd4c7e000 	C:\WINDOWS\system32\opengl32.dll
0x00007ffbd46a0000 - 0x00007ffbd46cd000 	C:\WINDOWS\SYSTEM32\GLU32.dll
0x00007ffc4f8b0000 - 0x00007ffc4f8f3000 	C:\WINDOWS\SYSTEM32\dxcore.dll
0x00007ffbdee20000 - 0x00007ffbdefd2000 	C:\WINDOWS\system32\d3d9.dll
0x00007ffc4abd0000 - 0x00007ffc4ad8b000 	C:\WINDOWS\System32\DriverStore\FileRepository\u0418954.inf_amd64_f6aef74efadea06b\B418735\aticfx64.dll
0x00007ffbf02c0000 - 0x00007ffbf02f4000 	C:\WINDOWS\System32\DriverStore\FileRepository\u0418954.inf_amd64_f6aef74efadea06b\B418735\atiu9p64.dll
0x00007ffba4580000 - 0x00007ffba52c7000 	C:\WINDOWS\System32\DriverStore\FileRepository\u0418954.inf_amd64_f6aef74efadea06b\B418735\atiumd64.dll
0x00000000639b0000 - 0x00000000648c3000 	C:\WINDOWS\System32\DriverStore\FileRepository\u0418954.inf_amd64_f6aef74efadea06b\B418735\atiumd6a.dll
0x00007ffc54a10000 - 0x00007ffc54e97000 	C:\WINDOWS\System32\SETUPAPI.dll
0x00007ffc47c60000 - 0x00007ffc47c95000 	C:\WINDOWS\SYSTEM32\amdihk64.dll
0x00007ffc4c2b0000 - 0x00007ffc4c310000 	C:\WINDOWS\SYSTEM32\directxdatabasehelper.dll
0x00007ffc192b0000 - 0x00007ffc19337000 	C:\Program Files\Apache NetBeans\jdk\bin\freetype.dll
0x00007ffbe0f50000 - 0x00007ffbe1039000 	C:\Program Files\Apache NetBeans\jdk\bin\fontmanager.dll
0x00007ffc553c0000 - 0x00007ffc5546e000 	C:\WINDOWS\System32\clbcatq.dll
0x00007ffc4dbb0000 - 0x00007ffc4dddd000 	C:\WINDOWS\SYSTEM32\WindowsCodecs.dll
0x00007ffc1a810000 - 0x00007ffc1a86a000 	C:\WINDOWS\system32\dataexchange.dll
0x00007ffc469f0000 - 0x00007ffc46c34000 	C:\WINDOWS\system32\twinapi.appcore.dll
0x00007ffc449c0000 - 0x00007ffc44b08000 	C:\WINDOWS\SYSTEM32\textinputframework.dll
0x00007ffc4f190000 - 0x00007ffc4f2b7000 	C:\WINDOWS\SYSTEM32\CoreMessaging.dll
0x00007ffc4b610000 - 0x00007ffc4b8f2000 	C:\WINDOWS\SYSTEM32\CoreUIComponents.dll
0x00007ffc51970000 - 0x00007ffc5197c000 	C:\WINDOWS\SYSTEM32\CRYPTBASE.DLL
0x00007ffc19940000 - 0x00007ffc19949000 	C:\Program Files\Apache NetBeans\jdk\bin\syslookup.dll
0x00007ffc51380000 - 0x00007ffc5139b000 	C:\WINDOWS\SYSTEM32\CRYPTSP.dll
0x00007ffc50a90000 - 0x00007ffc50ac9000 	C:\WINDOWS\system32\rsaenh.dll
0x00007ffc51150000 - 0x00007ffc51182000 	C:\WINDOWS\SYSTEM32\USERENV.dll
0x00007ffc51c90000 - 0x00007ffc51cba000 	C:\WINDOWS\SYSTEM32\bcrypt.dll
0x00007ffc504e0000 - 0x00007ffc50513000 	C:\WINDOWS\SYSTEM32\IPHLPAPI.DLL
0x00007ffc549f0000 - 0x00007ffc549fa000 	C:\WINDOWS\System32\NSI.dll
0x00007ffc50520000 - 0x00007ffc5064a000 	C:\WINDOWS\SYSTEM32\DNSAPI.dll
0x00007ffc48550000 - 0x00007ffc4855b000 	C:\Windows\System32\rasadhlp.dll
0x00007ffc4ca00000 - 0x00007ffc4ca86000 	C:\WINDOWS\System32\fwpuclnt.dll
0x00007ffc3eda0000 - 0x00007ffc3eda9000 	C:\Program Files\Apache NetBeans\jdk\bin\extnet.dll
0x00007ffc40f40000 - 0x00007ffc40f50000 	C:\Program Files\Apache NetBeans\jdk\bin\verify.dll
0x00007ffc31b10000 - 0x00007ffc31bc4000 	C:\WINDOWS\WinSxS\amd64_microsoft.windows.common-controls_6595b64144ccf1df_5.82.26100.8037_none_87ebc5097a2f9e52\comctl32.dll
0x00007ffc4d0c0000 - 0x00007ffc4d1c3000 	C:\WINDOWS\SYSTEM32\PROPSYS.dll
0x00007ffc248d0000 - 0x00007ffc2498f000 	C:\Windows\System32\Windows.FileExplorer.Common.dll
0x00007ffc51980000 - 0x00007ffc519d7000 	C:\WINDOWS\SYSTEM32\CFGMGR32.dll
0x00007ffc248b0000 - 0x00007ffc248cb000 	C:\WINDOWS\system32\NetworkExplorer.dll
0x00007ffc23300000 - 0x00007ffc23477000 	C:\Windows\System32\Windows.System.Launcher.dll
0x00007ffc3c030000 - 0x00007ffc3c04a000 	C:\WINDOWS\SYSTEM32\windows.staterepositorycore.dll
0x00007ffc46f40000 - 0x00007ffc46f61000 	C:\WINDOWS\SYSTEM32\MPR.dll
0x00007ffc4aac0000 - 0x00007ffc4aae2000 	C:\WINDOWS\System32\p9np.dll
0x00007ffc4f450000 - 0x00007ffc4f45d000 	C:\WINDOWS\System32\drprov.dll
0x00007ffc4a970000 - 0x00007ffc4a994000 	C:\WINDOWS\System32\ntlanman.dll
0x00007ffc4a900000 - 0x00007ffc4a921000 	C:\WINDOWS\System32\davclnt.dll
0x00007ffc51590000 - 0x00007ffc515f3000 	C:\WINDOWS\System32\WINSTA.dll
0x00007ffc4a690000 - 0x00007ffc4a6ab000 	C:\WINDOWS\System32\wkscli.dll
0x00007ffc24760000 - 0x00007ffc24773000 	C:\WINDOWS\SYSTEM32\cscapi.dll
0x00007ffc50680000 - 0x00007ffc5068d000 	C:\WINDOWS\System32\netutils.dll
0x00007ffc36180000 - 0x00007ffc361d2000 	C:\Windows\System32\dlnashext.dll
0x00007ffc36120000 - 0x00007ffc3617d000 	C:\Windows\System32\PlayToDevice.dll
0x00007ffc31a20000 - 0x00007ffc31a4d000 	C:\Windows\System32\DevDispItemProvider.dll
0x00007ffc45190000 - 0x00007ffc45228000 	C:\WINDOWS\System32\MMDevApi.dll
0x00007ffc51940000 - 0x00007ffc5196d000 	C:\WINDOWS\System32\DEVOBJ.dll
0x00007ffbc1bf0000 - 0x00007ffbc1c96000 	C:\WINDOWS\system32\wpdshext.dll
0x00007ffbeffa0000 - 0x00007ffbf0178000 	C:\WINDOWS\WinSxS\amd64_microsoft.windows.gdiplus_6595b64144ccf1df_1.1.26100.8036_none_6ef439583dc61568\gdiplus.dll
0x00007ffc4b290000 - 0x00007ffc4b330000 	C:\Windows\System32\PortableDeviceApi.dll
0x00007ffc53060000 - 0x00007ffc530e1000 	C:\WINDOWS\System32\WINTRUST.dll
0x00007ffc52e30000 - 0x00007ffc52fa7000 	C:\WINDOWS\System32\CRYPT32.dll
0x00007ffc514a0000 - 0x00007ffc514b3000 	C:\WINDOWS\SYSTEM32\MSASN1.dll
0x00007ffc3e210000 - 0x00007ffc3e251000 	C:\Windows\System32\EhStorShell.dll
0x00007ffc19160000 - 0x00007ffc19185000 	C:\Windows\System32\EhStorAPI.dll
0x00007ffc4f640000 - 0x00007ffc4f669000 	C:\Windows\System32\WTSAPI32.dll
0x00007ffc50dd0000 - 0x00007ffc50e19000 	C:\Windows\System32\SspiCli.dll
0x00007ffc161b0000 - 0x00007ffc161bf000 	C:\WINDOWS\SYSTEM32\LINKINFO.dll

JVMTI agents: none

dbghelp: loaded successfully - version: 4.0.5 - missing functions: none
symbol engine: initialized successfully - sym options: 0x614 - pdb path: .;C:\Program Files\Apache NetBeans\jdk\bin;C:\WINDOWS\SYSTEM32;C:\WINDOWS\WinSxS\amd64_microsoft.windows.common-controls_6595b64144ccf1df_6.0.26100.8037_none_3e092faae333b53b;C:\Program Files\Apache NetBeans\jdk\bin\server;C:\WINDOWS\System32\DriverStore\FileRepository\u0418954.inf_amd64_f6aef74efadea06b\B418735;C:\WINDOWS\WinSxS\amd64_microsoft.windows.common-controls_6595b64144ccf1df_5.82.26100.8037_none_87ebc5097a2f9e52;C:\WINDOWS\WinSxS\amd64_microsoft.windows.gdiplus_6595b64144ccf1df_1.1.26100.8036_none_6ef439583dc61568

VM Arguments:
java_command: vn.edu.sgu.phanmemtuyensinh.PhanMemTuyenSinh
java_class_path (initial): D:\SGU\2025-2026_HK2\University-admissions-management\target\classes;C:\Users\quock\.m2\repository\org\hibernate\orm\hibernate-core\6.4.4.Final\hibernate-core-6.4.4.Final.jar;C:\Users\quock\.m2\repository\jakarta\persistence\jakarta.persistence-api\3.1.0\jakarta.persistence-api-3.1.0.jar;C:\Users\quock\.m2\repository\jakarta\transaction\jakarta.transaction-api\2.0.1\jakarta.transaction-api-2.0.1.jar;C:\Users\quock\.m2\repository\org\jboss\logging\jboss-logging\3.5.0.Final\jboss-logging-3.5.0.Final.jar;C:\Users\quock\.m2\repository\org\hibernate\common\hibernate-commons-annotations\6.0.6.Final\hibernate-commons-annotations-6.0.6.Final.jar;C:\Users\quock\.m2\repository\io\smallrye\jandex\3.1.2\jandex-3.1.2.jar;C:\Users\quock\.m2\repository\com\fasterxml\classmate\1.5.1\classmate-1.5.1.jar;C:\Users\quock\.m2\repository\net\bytebuddy\byte-buddy\1.14.11\byte-buddy-1.14.11.jar;C:\Users\quock\.m2\repository\jakarta\xml\bind\jakarta.xml.bind-api\4.0.0\jakarta.xml.bind-api-4.0.0.jar;C:\Users\quock\.m2\repository\jakarta\activation\jakarta.activation-api\2.1.0\jakarta.activation-api-2.1.0.jar;C:\Users\quock\.m2\repository\org\glassfish\jaxb\jaxb-runtime\4.0.2\jaxb-runtime-4.0.2.jar;C:\Users\quock\.m2\repository\org\glassfish\jaxb\jaxb-core\4.0.2\jaxb-core-4.0.2.jar;C:\Users\quock\.m2\repository\org\eclipse\angus\angus-activation\2.0.0\angus-activation-2.0.0.jar;C:\Users\quock\.m2\repository\org\glassfish\jaxb\txw2\4.0.2\txw2-4.0.2.jar;C:\Users\quock\.m2\repository\com\sun\istack\istack-commons-runtime\4.1.1\istack-commons-runtime-4.1.1.jar;C:\Users\quock\.m2\repository\jakarta\inject\jakarta.inject-api\2.0.1\jakarta.inject-api-2.0.1.jar;C:\Users\quock\.m2\repository\org\antlr\antlr4-runtime\4.13.0\antlr4-runtime-4.13.0.jar;C:\Users\quock\.m2\repository\com\mysql\mysql-connector-j\8.3.0\mysql-connector-j-8.3.0.jar;C:\Users\quock\.m2\repository\com\google\protobuf\protobuf-java\3.25.1\protobuf-java-3.25.1.jar;C:\Users\quock\.m2\repository\org\apache\poi\poi-ooxml\5.2.5\poi-ooxml-5.2.5.jar;C:\Users\quock\.m2\repository\org\apache\poi\poi-ooxml-lite\5.2.5\poi-ooxml-lite-5.2.5.jar;C:\Users\quock\.m2\repository\org\apache\xmlbeans\xmlbeans\5.2.0\xmlbeans-5.2.0.jar;C:\Users\quock\.m2\repository\org\apache\commons\commons-compress\1.25.0\commons-compress-1.25.0.jar;C:\Users\quock\.m2\repository\commons-io\commons-io\2.15.0\commons-io-2.15.0.jar;C:\Users\quock\.m2\repository\com\github\virtuald\curvesapi\1.08\curvesapi-1.08.jar;C:\Users\quock\.m2\repository\org\apache\logging\log4j\log4j-api\2.21.1\log4j-api-2.21.1.jar;C:\Users\quock\.m2\repository\org\apache\commons\commons-collections4\4.4\commons-collections4-4.4.jar;C:\Users\quock\.m2\repository\org\apache\poi\poi\5.2.5\poi-5.2.5.jar;C:\Users\quock\.m2\repository\commons-codec\commons-codec\1.16.0\commons-codec-1.16.0.jar;C:\Users\quock\.m2\repository\org\apache\commons\commons-math3\3.6.1\commons-math3-3.6.1.jar;C:\Users\quock\.m2\repository\com\zaxxer\SparseBitSet\1.3\SparseBitSet-1.3.jar;C:\Users\quock\.m2\repository\com\toedter\jcalendar\1.4\jcalendar-1.4.jar
Launcher Type: SUN_STANDARD

[Global flags]
     intx CICompilerCount                          = 4                                         {product} {ergonomic}
     uint ConcGCThreads                            = 3                                         {product} {ergonomic}
     uint G1ConcRefinementThreads                  = 10                                        {product} {ergonomic}
   size_t G1HeapRegionSize                         = 2097152                                   {product} {ergonomic}
   size_t InitialHeapSize                          = 257949696                                 {product} {ergonomic}
   size_t MarkStackSize                            = 4194304                                   {product} {ergonomic}
   size_t MarkStackSizeMax                         = 536870912                                 {product} {ergonomic}
   size_t MaxHeapSize                              = 4123000832                                {product} {ergonomic}
   size_t MaxNewSize                               = 2472542208                                {product} {ergonomic}
   size_t MinHeapDeltaBytes                        = 2097152                                   {product} {ergonomic}
   size_t MinHeapSize                              = 8388608                                   {product} {ergonomic}
    uintx NonNMethodCodeHeapSize                   = 5832704                                {pd product} {ergonomic}
    uintx NonProfiledCodeHeapSize                  = 122945536                              {pd product} {ergonomic}
    uintx ProfiledCodeHeapSize                     = 122880000                              {pd product} {ergonomic}
    uintx ReservedCodeCacheSize                    = 251658240                              {pd product} {ergonomic}
     bool SegmentedCodeCache                       = true                                      {product} {ergonomic}
   size_t SoftMaxHeapSize                          = 4123000832                             {manageable} {ergonomic}
     bool UseCompressedOops                        = true                           {product lp64_product} {ergonomic}
     bool UseG1GC                                  = true                                      {product} {ergonomic}
     bool UseLargePagesIndividualAllocation        = false                                  {pd product} {ergonomic}

Logging:
Log output configuration:
 #0: stdout all=warning uptime,level,tags foldmultilines=false
 #1: stderr all=off uptime,level,tags foldmultilines=false

Environment Variables:
JAVA_HOME=C:\Program Files\Apache NetBeans\jdk
PATH=D:\SGU\2025-2026_HK1\KiemThuPhanMem\dbhomeXE\bin;C:\Program Files\Java\jdk-21.0.2\bin;C:\WINDOWS\system32;C:\WINDOWS;C:\WINDOWS\System32\Wbem;C:\WINDOWS\System32\WindowsPowerShell\v1.0\;C:\WINDOWS\System32\OpenSSH\;C:\Program Files\dotnet\;C:\Program Files\Git\cmd;C:\Program Files\Azure Data Studio\bin;C:\Program Files (x86)\Microsoft SQL Server\160\Tools\Binn\;C:\Program Files\Microsoft SQL Server\160\Tools\Binn\;C:\Program Files\Microsoft SQL Server\Client SDK\ODBC\170\Tools\Binn\;C:\Program Files\Microsoft SQL Server\160\DTS\Binn\;C:\Program Files\CMake\bin;C:\Ninja;D:\Visual Studio\VC\Tools\MSVC\14.42.34433\bin\Hostx64\x64\cl.exe;C:\path\to\vcpkg;C:\Program Files\Cloudflare\Cloudflare WARP\;C:\Program Files\nodejs\;C:\ProgramData\ComposerSetup\bin;C:\Program Files\apache-maven-3.9.11\bin;C:\Users\quock\AppData\Local\Microsoft\WindowsApps;C:\Users\quock\.dotnet\tools;C:\Users\quock\AppData\Local\Programs\Microsoft VS Code\bin;C:\msys64\ucrt64\bin;C:\Program Files\Azure Data Studio\bin;C:\xampp\php;D:\Downloads\maven-mvnd-1.0.2-windows-amd64;C:\Users\quock\AppData\Roaming\npm;C:\Users\quock\AppData\Roaming\Composer\vendor\bin;
USERNAME=quock
OS=Windows_NT
PROCESSOR_IDENTIFIER=AMD64 Family 25 Model 80 Stepping 0, AuthenticAMD
TMP=C:\Users\quock\AppData\Local\Temp
TEMP=C:\Users\quock\AppData\Local\Temp




Periodic native trim disabled

---------------  S Y S T E M  ---------------

OS:
 Windows 11 , 64 bit Build 26100 (10.0.26100.7920)
OS uptime: 0 days 5:45 hours
Hyper-V role detected

CPU: total 12 (initial active 12) (12 cores per cpu, 2 threads per core) family 25 model 80 stepping 0 microcode 0xa500014, cx8, cmov, fxsr, ht, mmx, 3dnowpref, sse, sse2, sse3, ssse3, sse4a, sse4.1, sse4.2, popcnt, lzcnt, tsc, tscinvbit, avx, avx2, aes, erms, clmul, bmi1, bmi2, adx, sha, fma, vzeroupper, clflush, clflushopt, hv, rdtscp, rdpid, fsrm, f16c, cet_ss
Processor Information for processor 0
  Max Mhz: 2301, Current Mhz: 2010, Mhz Limit: 2301
Processor Information for processor 1
  Max Mhz: 2301, Current Mhz: 2301, Mhz Limit: 2301
Processor Information for processor 2
  Max Mhz: 2301, Current Mhz: 2010, Mhz Limit: 2301
Processor Information for processor 3
  Max Mhz: 2301, Current Mhz: 2010, Mhz Limit: 2301
Processor Information for processor 4
  Max Mhz: 2301, Current Mhz: 2301, Mhz Limit: 2301
Processor Information for processor 5
  Max Mhz: 2301, Current Mhz: 2301, Mhz Limit: 2301
Processor Information for processor 6
  Max Mhz: 2301, Current Mhz: 2010, Mhz Limit: 2301
Processor Information for processor 7
  Max Mhz: 2301, Current Mhz: 2301, Mhz Limit: 2301
Processor Information for processor 8
  Max Mhz: 2301, Current Mhz: 2010, Mhz Limit: 2301
Processor Information for processor 9
  Max Mhz: 2301, Current Mhz: 2301, Mhz Limit: 2301
Processor Information for processor 10
  Max Mhz: 2301, Current Mhz: 2010, Mhz Limit: 2301
Processor Information for processor 11
  Max Mhz: 2301, Current Mhz: 2301, Mhz Limit: 2301

Memory: 4k page, system-wide physical 15720M (5519M free)
TotalPageFile size 43065M (AvailPageFile size 4M)
current process WorkingSet (physical memory assigned to process): 547M, peak: 552M
current process commit charge ("private bytes"): 593M, peak: 610M

vm_info: OpenJDK 64-Bit Server VM (24.0.2+12) for windows-amd64 JRE (24.0.2+12) (Zulu24.32+13-CA), built on 2025-07-11T12:45:44Z with MS VC++ 17.1 (VS2022)

END.
