#
# There is insufficient memory for the Java Runtime Environment to continue.
# Native memory allocation (malloc) failed to allocate 2087504 bytes. Error detail: Chunk::new
# Possible reasons:
#   The system is out of physical RAM or swap space
#   This process is running with CompressedOops enabled, and the Java Heap may be blocking the growth of the native heap
# Possible solutions:
#   Reduce memory load on the system
#   Increase physical memory or swap space
#   Check if swap backing store is full
#   Decrease Java heap size (-Xmx/-Xms)
#   Decrease number of Java threads
#   Decrease Java thread stack sizes (-Xss)
#   Set larger code cache with -XX:ReservedCodeCacheSize=
#   JVM is running with Zero Based Compressed Oops mode in which the Java heap is
#     placed in the first 32GB address space. The Java Heap base address is the
#     maximum limit for the native heap growth. Please use -XX:HeapBaseMinAddress
#     to set the Java Heap base and to place the Java Heap above 32GB virtual address.
# This output file may be truncated or incomplete.
#
#  Out of Memory Error (arena.cpp:162), pid=15664, tid=14496
#
# JRE version: OpenJDK Runtime Environment Zulu24.32+13-CA (24.0.2+12) (build 24.0.2+12)
# Java VM: OpenJDK 64-Bit Server VM Zulu24.32+13-CA (24.0.2+12, mixed mode, sharing, tiered, compressed oops, compressed class ptrs, g1 gc, windows-amd64)
# No core dump will be written. Minidumps are not enabled by default on client versions of Windows
#

---------------  S U M M A R Y ------------

Command Line: vn.edu.sgu.phanmemtuyensinh.PhanMemTuyenSinh

Host: AMD Ryzen 5 5625U with Radeon Graphics         , 12 cores, 15G,  Windows 11 , 64 bit Build 26100 (10.0.26100.7920)
Time: Mon Apr 13 13:48:49 2026 SE Asia Standard Time elapsed time: 0.743774 seconds (0d 0h 0m 0s)

---------------  T H R E A D  ---------------

Current thread (0x0000020f7f1b4640):  JavaThread "C2 CompilerThread1" daemon [_thread_in_native, id=14496, stack(0x0000006144c00000,0x0000006144d00000) (1024K)]


Current CompileTask:
C2:743 1089       4       sun.java2d.marlin.MarlinCache::copyAARowRLE_WithBlockFlags (733 bytes)

Stack: [0x0000006144c00000,0x0000006144d00000]
Native frames: (J=compiled Java code, j=interpreted, Vv=VM code, C=native code)
V  [jvm.dll+0x741329]  (no source info available)
V  [jvm.dll+0x97e243]  (no source info available)
V  [jvm.dll+0x98056d]  (no source info available)
V  [jvm.dll+0x980be3]  (no source info available)
V  [jvm.dll+0x2b5a76]  (no source info available)
V  [jvm.dll+0xd00af]  (no source info available)
V  [jvm.dll+0xd030f]  (no source info available)
V  [jvm.dll+0x15b85f]  (no source info available)
V  [jvm.dll+0x746bef]  (no source info available)
V  [jvm.dll+0x27a478]  (no source info available)
V  [jvm.dll+0x279591]  (no source info available)
V  [jvm.dll+0x1f30fa]  (no source info available)
V  [jvm.dll+0x288d95]  (no source info available)
V  [jvm.dll+0x28702a]  (no source info available)
V  [jvm.dll+0x43e016]  (no source info available)
V  [jvm.dll+0x920c78]  (no source info available)
V  [jvm.dll+0x73fab5]  (no source info available)
C  [ucrtbase.dll+0x37b0]  (no source info available)
C  [KERNEL32.DLL+0x2e8d7]  (no source info available)
C  [ntdll.dll+0x8c48c]  (no source info available)

Lock stack of current Java thread (top to bottom):


---------------  P R O C E S S  ---------------

Threads class SMR info:
_java_thread_list=0x0000020f637e8810, length=19, elements={
0x0000020f7f18dbd0, 0x0000020f7f18e310, 0x0000020f7f18f0a0, 0x0000020f7f1921f0,
0x0000020f7f192d20, 0x0000020f7f19bac0, 0x0000020f7f1b0450, 0x0000020f7f1b3eb0,
0x0000020f7f1be5b0, 0x0000020f1d84e150, 0x0000020f1db7a4b0, 0x0000020f1db7abf0,
0x0000020f6303abd0, 0x0000020f6355f1e0, 0x0000020f7abb7380, 0x0000020f637f0ed0,
0x0000020f7f1b4640, 0x0000020f7f1b2070, 0x0000020f692292e0
}

Java Threads: ( => current thread )
  0x0000020f7f18dbd0 JavaThread "Reference Handler"          daemon [_thread_blocked, id=16000, stack(0x0000006143200000,0x0000006143300000) (1024K)]
  0x0000020f7f18e310 JavaThread "Finalizer"                  daemon [_thread_blocked, id=7348, stack(0x0000006143300000,0x0000006143400000) (1024K)]
  0x0000020f7f18f0a0 JavaThread "Signal Dispatcher"          daemon [_thread_blocked, id=8296, stack(0x0000006143400000,0x0000006143500000) (1024K)]
  0x0000020f7f1921f0 JavaThread "Attach Listener"            daemon [_thread_blocked, id=6328, stack(0x0000006143500000,0x0000006143600000) (1024K)]
  0x0000020f7f192d20 JavaThread "Service Thread"             daemon [_thread_blocked, id=15248, stack(0x0000006143600000,0x0000006143700000) (1024K)]
  0x0000020f7f19bac0 JavaThread "Monitor Deflation Thread"   daemon [_thread_blocked, id=16060, stack(0x0000006143700000,0x0000006143800000) (1024K)]
  0x0000020f7f1b0450 JavaThread "C2 CompilerThread0"         daemon [_thread_blocked, id=1644, stack(0x0000006143800000,0x0000006143900000) (1024K)]
  0x0000020f7f1b3eb0 JavaThread "C1 CompilerThread0"         daemon [_thread_blocked, id=15296, stack(0x0000006143900000,0x0000006143a00000) (1024K)]
  0x0000020f7f1be5b0 JavaThread "Notification Thread"        daemon [_thread_blocked, id=7576, stack(0x0000006143a00000,0x0000006143b00000) (1024K)]
  0x0000020f1d84e150 JavaThread "Common-Cleaner"             daemon [_thread_blocked, id=7828, stack(0x0000006143b00000,0x0000006143c00000) (1024K)]
  0x0000020f1db7a4b0 JavaThread "Java2D Disposer"            daemon [_thread_blocked, id=14796, stack(0x0000006143d00000,0x0000006143e00000) (1024K)]
  0x0000020f1db7abf0 JavaThread "AWT-Shutdown"                      [_thread_blocked, id=3428, stack(0x0000006143e00000,0x0000006143f00000) (1024K)]
  0x0000020f6303abd0 JavaThread "AWT-Windows"                daemon [_thread_in_native, id=15108, stack(0x0000006143f00000,0x0000006144000000) (1024K)]
  0x0000020f6355f1e0 JavaThread "AWT-EventQueue-0"                  [_thread_in_native, id=14704, stack(0x0000006144000000,0x0000006144100000) (1024K)]
  0x0000020f7abb7380 JavaThread "DestroyJavaVM"                     [_thread_blocked, id=9312, stack(0x0000006142a00000,0x0000006142b00000) (1024K)]
  0x0000020f637f0ed0 JavaThread "D3D Screen Updater"         daemon [_thread_blocked, id=10312, stack(0x0000006144b00000,0x0000006144c00000) (1024K)]
=>0x0000020f7f1b4640 JavaThread "C2 CompilerThread1"         daemon [_thread_in_native, id=14496, stack(0x0000006144c00000,0x0000006144d00000) (1024K)]
  0x0000020f7f1b2070 JavaThread "C2 CompilerThread2"         daemon [_thread_blocked, id=14492, stack(0x0000006144d00000,0x0000006144e00000) (1024K)]
  0x0000020f692292e0 JavaThread "TimerQueue"                 daemon [_thread_blocked, id=11808, stack(0x0000006144e00000,0x0000006144f00000) (1024K)]
Total: 19

Other Threads:
  0x0000020f7f17d1e0 VMThread "VM Thread"                           [id=1488, stack(0x0000006143100000,0x0000006143200000) (1024K)]
  0x0000020f7f16af50 WatcherThread "VM Periodic Task Thread"        [id=16088, stack(0x0000006143000000,0x0000006143100000) (1024K)]
  0x0000020f7d017ce0 WorkerThread "GC Thread#0"                     [id=2648, stack(0x0000006142b00000,0x0000006142c00000) (1024K)]
  0x0000020f7d02c060 ConcurrentGCThread "G1 Main Marker"            [id=6504, stack(0x0000006142c00000,0x0000006142d00000) (1024K)]
  0x0000020f7d030820 WorkerThread "G1 Conc#0"                       [id=14892, stack(0x0000006142d00000,0x0000006142e00000) (1024K)]
  0x0000020f7f034560 ConcurrentGCThread "G1 Refine#0"               [id=12516, stack(0x0000006142e00000,0x0000006142f00000) (1024K)]
  0x0000020f7f034d90 ConcurrentGCThread "G1 Service"                [id=7032, stack(0x0000006142f00000,0x0000006143000000) (1024K)]
Total: 7

Threads with active compile tasks:
C2 CompilerThread1  1801 1089       4       sun.java2d.marlin.MarlinCache::copyAARowRLE_WithBlockFlags (733 bytes)
Total: 1

VM state: not at safepoint (normal execution)

VM Mutex/Monitor currently owned by a thread: None

Heap address: 0x000000070a400000, size: 3932 MB, Compressed Oops mode: Zero based, Oop shift amount: 3

CDS archive(s) mapped at: [0x0000020f1e000000-0x0000020f1ed40000-0x0000020f1ed40000), size 13893632, SharedBaseAddress: 0x0000020f1e000000, ArchiveRelocationMode: 1.
Compressed class space mapped at: 0x0000020f1f000000-0x0000020f5f000000, reserved size: 1073741824
UseCompressedClassPointers 1, UseCompactObjectHeaders 0
Narrow klass pointer bits 32, Max shift 3
Narrow klass base: 0x0000020f1e000000, Narrow klass shift: 0
Encoding Range: [0x0000020f1e000000 - 0x000002101e000000), (4294967296 bytes)
Klass Range:    [0x0000020f1e000000 - 0x0000020f5f000000), (1090519040 bytes)
Klass ID Range:  [8 - 1090519033) (1090519025)

GC Precious Log:
 CardTable entry size: 512
 Card Set container configuration: InlinePtr #cards 4 size 8 Array Of Cards #cards 16 size 48 Howl #buckets 8 coarsen threshold 3686 Howl Bitmap #cards 512 size 80 coarsen threshold 460 Card regions per heap region 1 cards per card region 4096
 CPUs: 12 total, 12 available
 Memory: 15720M
 Large Page Support: Disabled
 NUMA Support: Disabled
 Compressed Oops: Enabled (Zero based)
 Heap Region Size: 2M
 Heap Min Capacity: 8M
 Heap Initial Capacity: 246M
 Heap Max Capacity: 3932M
 Pre-touch: Disabled
 Parallel Workers: 10
 Concurrent Workers: 3
 Concurrent Refinement Workers: 10
 Periodic GC: Disabled

Heap:
 garbage-first heap   total reserved 4026368K, committed 253952K, used 17520K [0x000000070a400000, 0x0000000800000000)
  region size 2048K, 10 young (20480K), 0 survivors (0K)
 Metaspace       used 9244K, committed 9472K, reserved 1114112K
  class space    used 900K, committed 1024K, reserved 1048576K

Heap Regions: E=young(eden), S=young(survivor), O=old, HS=humongous(starts), HC=humongous(continues), CS=collection set, F=free, TAMS=top-at-mark-start, PB=parsable bottom
|   0|0x000000070a400000, 0x000000070a400000, 0x000000070a600000|  0%| F|  |TAMS 0x000000070a400000| PB 0x000000070a400000| Untracked |  0
|   1|0x000000070a600000, 0x000000070a600000, 0x000000070a800000|  0%| F|  |TAMS 0x000000070a600000| PB 0x000000070a600000| Untracked |  0
|   2|0x000000070a800000, 0x000000070a800000, 0x000000070aa00000|  0%| F|  |TAMS 0x000000070a800000| PB 0x000000070a800000| Untracked |  0
|   3|0x000000070aa00000, 0x000000070aa00000, 0x000000070ac00000|  0%| F|  |TAMS 0x000000070aa00000| PB 0x000000070aa00000| Untracked |  0
|   4|0x000000070ac00000, 0x000000070ac00000, 0x000000070ae00000|  0%| F|  |TAMS 0x000000070ac00000| PB 0x000000070ac00000| Untracked |  0
|   5|0x000000070ae00000, 0x000000070ae00000, 0x000000070b000000|  0%| F|  |TAMS 0x000000070ae00000| PB 0x000000070ae00000| Untracked |  0
|   6|0x000000070b000000, 0x000000070b000000, 0x000000070b200000|  0%| F|  |TAMS 0x000000070b000000| PB 0x000000070b000000| Untracked |  0
|   7|0x000000070b200000, 0x000000070b200000, 0x000000070b400000|  0%| F|  |TAMS 0x000000070b200000| PB 0x000000070b200000| Untracked |  0
|   8|0x000000070b400000, 0x000000070b400000, 0x000000070b600000|  0%| F|  |TAMS 0x000000070b400000| PB 0x000000070b400000| Untracked |  0
|   9|0x000000070b600000, 0x000000070b600000, 0x000000070b800000|  0%| F|  |TAMS 0x000000070b600000| PB 0x000000070b600000| Untracked |  0
|  10|0x000000070b800000, 0x000000070b800000, 0x000000070ba00000|  0%| F|  |TAMS 0x000000070b800000| PB 0x000000070b800000| Untracked |  0
|  11|0x000000070ba00000, 0x000000070ba00000, 0x000000070bc00000|  0%| F|  |TAMS 0x000000070ba00000| PB 0x000000070ba00000| Untracked |  0
|  12|0x000000070bc00000, 0x000000070bc00000, 0x000000070be00000|  0%| F|  |TAMS 0x000000070bc00000| PB 0x000000070bc00000| Untracked |  0
|  13|0x000000070be00000, 0x000000070be00000, 0x000000070c000000|  0%| F|  |TAMS 0x000000070be00000| PB 0x000000070be00000| Untracked |  0
|  14|0x000000070c000000, 0x000000070c000000, 0x000000070c200000|  0%| F|  |TAMS 0x000000070c000000| PB 0x000000070c000000| Untracked |  0
|  15|0x000000070c200000, 0x000000070c200000, 0x000000070c400000|  0%| F|  |TAMS 0x000000070c200000| PB 0x000000070c200000| Untracked |  0
|  16|0x000000070c400000, 0x000000070c400000, 0x000000070c600000|  0%| F|  |TAMS 0x000000070c400000| PB 0x000000070c400000| Untracked |  0
|  17|0x000000070c600000, 0x000000070c600000, 0x000000070c800000|  0%| F|  |TAMS 0x000000070c600000| PB 0x000000070c600000| Untracked |  0
|  18|0x000000070c800000, 0x000000070c800000, 0x000000070ca00000|  0%| F|  |TAMS 0x000000070c800000| PB 0x000000070c800000| Untracked |  0
|  19|0x000000070ca00000, 0x000000070ca00000, 0x000000070cc00000|  0%| F|  |TAMS 0x000000070ca00000| PB 0x000000070ca00000| Untracked |  0
|  20|0x000000070cc00000, 0x000000070cc00000, 0x000000070ce00000|  0%| F|  |TAMS 0x000000070cc00000| PB 0x000000070cc00000| Untracked |  0
|  21|0x000000070ce00000, 0x000000070ce00000, 0x000000070d000000|  0%| F|  |TAMS 0x000000070ce00000| PB 0x000000070ce00000| Untracked |  0
|  22|0x000000070d000000, 0x000000070d000000, 0x000000070d200000|  0%| F|  |TAMS 0x000000070d000000| PB 0x000000070d000000| Untracked |  0
|  23|0x000000070d200000, 0x000000070d200000, 0x000000070d400000|  0%| F|  |TAMS 0x000000070d200000| PB 0x000000070d200000| Untracked |  0
|  24|0x000000070d400000, 0x000000070d400000, 0x000000070d600000|  0%| F|  |TAMS 0x000000070d400000| PB 0x000000070d400000| Untracked |  0
|  25|0x000000070d600000, 0x000000070d600000, 0x000000070d800000|  0%| F|  |TAMS 0x000000070d600000| PB 0x000000070d600000| Untracked |  0
|  26|0x000000070d800000, 0x000000070d800000, 0x000000070da00000|  0%| F|  |TAMS 0x000000070d800000| PB 0x000000070d800000| Untracked |  0
|  27|0x000000070da00000, 0x000000070da00000, 0x000000070dc00000|  0%| F|  |TAMS 0x000000070da00000| PB 0x000000070da00000| Untracked |  0
|  28|0x000000070dc00000, 0x000000070dc00000, 0x000000070de00000|  0%| F|  |TAMS 0x000000070dc00000| PB 0x000000070dc00000| Untracked |  0
|  29|0x000000070de00000, 0x000000070de00000, 0x000000070e000000|  0%| F|  |TAMS 0x000000070de00000| PB 0x000000070de00000| Untracked |  0
|  30|0x000000070e000000, 0x000000070e000000, 0x000000070e200000|  0%| F|  |TAMS 0x000000070e000000| PB 0x000000070e000000| Untracked |  0
|  31|0x000000070e200000, 0x000000070e200000, 0x000000070e400000|  0%| F|  |TAMS 0x000000070e200000| PB 0x000000070e200000| Untracked |  0
|  32|0x000000070e400000, 0x000000070e400000, 0x000000070e600000|  0%| F|  |TAMS 0x000000070e400000| PB 0x000000070e400000| Untracked |  0
|  33|0x000000070e600000, 0x000000070e600000, 0x000000070e800000|  0%| F|  |TAMS 0x000000070e600000| PB 0x000000070e600000| Untracked |  0
|  34|0x000000070e800000, 0x000000070e800000, 0x000000070ea00000|  0%| F|  |TAMS 0x000000070e800000| PB 0x000000070e800000| Untracked |  0
|  35|0x000000070ea00000, 0x000000070ea00000, 0x000000070ec00000|  0%| F|  |TAMS 0x000000070ea00000| PB 0x000000070ea00000| Untracked |  0
|  36|0x000000070ec00000, 0x000000070ec00000, 0x000000070ee00000|  0%| F|  |TAMS 0x000000070ec00000| PB 0x000000070ec00000| Untracked |  0
|  37|0x000000070ee00000, 0x000000070ee00000, 0x000000070f000000|  0%| F|  |TAMS 0x000000070ee00000| PB 0x000000070ee00000| Untracked |  0
|  38|0x000000070f000000, 0x000000070f000000, 0x000000070f200000|  0%| F|  |TAMS 0x000000070f000000| PB 0x000000070f000000| Untracked |  0
|  39|0x000000070f200000, 0x000000070f200000, 0x000000070f400000|  0%| F|  |TAMS 0x000000070f200000| PB 0x000000070f200000| Untracked |  0
|  40|0x000000070f400000, 0x000000070f400000, 0x000000070f600000|  0%| F|  |TAMS 0x000000070f400000| PB 0x000000070f400000| Untracked |  0
|  41|0x000000070f600000, 0x000000070f600000, 0x000000070f800000|  0%| F|  |TAMS 0x000000070f600000| PB 0x000000070f600000| Untracked |  0
|  42|0x000000070f800000, 0x000000070f800000, 0x000000070fa00000|  0%| F|  |TAMS 0x000000070f800000| PB 0x000000070f800000| Untracked |  0
|  43|0x000000070fa00000, 0x000000070fa00000, 0x000000070fc00000|  0%| F|  |TAMS 0x000000070fa00000| PB 0x000000070fa00000| Untracked |  0
|  44|0x000000070fc00000, 0x000000070fc00000, 0x000000070fe00000|  0%| F|  |TAMS 0x000000070fc00000| PB 0x000000070fc00000| Untracked |  0
|  45|0x000000070fe00000, 0x000000070fe00000, 0x0000000710000000|  0%| F|  |TAMS 0x000000070fe00000| PB 0x000000070fe00000| Untracked |  0
|  46|0x0000000710000000, 0x0000000710000000, 0x0000000710200000|  0%| F|  |TAMS 0x0000000710000000| PB 0x0000000710000000| Untracked |  0
|  47|0x0000000710200000, 0x0000000710200000, 0x0000000710400000|  0%| F|  |TAMS 0x0000000710200000| PB 0x0000000710200000| Untracked |  0
|  48|0x0000000710400000, 0x0000000710400000, 0x0000000710600000|  0%| F|  |TAMS 0x0000000710400000| PB 0x0000000710400000| Untracked |  0
|  49|0x0000000710600000, 0x0000000710600000, 0x0000000710800000|  0%| F|  |TAMS 0x0000000710600000| PB 0x0000000710600000| Untracked |  0
|  50|0x0000000710800000, 0x0000000710800000, 0x0000000710a00000|  0%| F|  |TAMS 0x0000000710800000| PB 0x0000000710800000| Untracked |  0
|  51|0x0000000710a00000, 0x0000000710a00000, 0x0000000710c00000|  0%| F|  |TAMS 0x0000000710a00000| PB 0x0000000710a00000| Untracked |  0
|  52|0x0000000710c00000, 0x0000000710c00000, 0x0000000710e00000|  0%| F|  |TAMS 0x0000000710c00000| PB 0x0000000710c00000| Untracked |  0
|  53|0x0000000710e00000, 0x0000000710e00000, 0x0000000711000000|  0%| F|  |TAMS 0x0000000710e00000| PB 0x0000000710e00000| Untracked |  0
|  54|0x0000000711000000, 0x0000000711000000, 0x0000000711200000|  0%| F|  |TAMS 0x0000000711000000| PB 0x0000000711000000| Untracked |  0
|  55|0x0000000711200000, 0x0000000711200000, 0x0000000711400000|  0%| F|  |TAMS 0x0000000711200000| PB 0x0000000711200000| Untracked |  0
|  56|0x0000000711400000, 0x0000000711400000, 0x0000000711600000|  0%| F|  |TAMS 0x0000000711400000| PB 0x0000000711400000| Untracked |  0
|  57|0x0000000711600000, 0x0000000711600000, 0x0000000711800000|  0%| F|  |TAMS 0x0000000711600000| PB 0x0000000711600000| Untracked |  0
|  58|0x0000000711800000, 0x0000000711800000, 0x0000000711a00000|  0%| F|  |TAMS 0x0000000711800000| PB 0x0000000711800000| Untracked |  0
|  59|0x0000000711a00000, 0x0000000711a00000, 0x0000000711c00000|  0%| F|  |TAMS 0x0000000711a00000| PB 0x0000000711a00000| Untracked |  0
|  60|0x0000000711c00000, 0x0000000711c00000, 0x0000000711e00000|  0%| F|  |TAMS 0x0000000711c00000| PB 0x0000000711c00000| Untracked |  0
|  61|0x0000000711e00000, 0x0000000711e00000, 0x0000000712000000|  0%| F|  |TAMS 0x0000000711e00000| PB 0x0000000711e00000| Untracked |  0
|  62|0x0000000712000000, 0x0000000712000000, 0x0000000712200000|  0%| F|  |TAMS 0x0000000712000000| PB 0x0000000712000000| Untracked |  0
|  63|0x0000000712200000, 0x0000000712200000, 0x0000000712400000|  0%| F|  |TAMS 0x0000000712200000| PB 0x0000000712200000| Untracked |  0
|  64|0x0000000712400000, 0x0000000712400000, 0x0000000712600000|  0%| F|  |TAMS 0x0000000712400000| PB 0x0000000712400000| Untracked |  0
|  65|0x0000000712600000, 0x0000000712600000, 0x0000000712800000|  0%| F|  |TAMS 0x0000000712600000| PB 0x0000000712600000| Untracked |  0
|  66|0x0000000712800000, 0x0000000712800000, 0x0000000712a00000|  0%| F|  |TAMS 0x0000000712800000| PB 0x0000000712800000| Untracked |  0
|  67|0x0000000712a00000, 0x0000000712a00000, 0x0000000712c00000|  0%| F|  |TAMS 0x0000000712a00000| PB 0x0000000712a00000| Untracked |  0
|  68|0x0000000712c00000, 0x0000000712c00000, 0x0000000712e00000|  0%| F|  |TAMS 0x0000000712c00000| PB 0x0000000712c00000| Untracked |  0
|  69|0x0000000712e00000, 0x0000000712e00000, 0x0000000713000000|  0%| F|  |TAMS 0x0000000712e00000| PB 0x0000000712e00000| Untracked |  0
|  70|0x0000000713000000, 0x0000000713000000, 0x0000000713200000|  0%| F|  |TAMS 0x0000000713000000| PB 0x0000000713000000| Untracked |  0
|  71|0x0000000713200000, 0x0000000713200000, 0x0000000713400000|  0%| F|  |TAMS 0x0000000713200000| PB 0x0000000713200000| Untracked |  0
|  72|0x0000000713400000, 0x0000000713400000, 0x0000000713600000|  0%| F|  |TAMS 0x0000000713400000| PB 0x0000000713400000| Untracked |  0
|  73|0x0000000713600000, 0x0000000713600000, 0x0000000713800000|  0%| F|  |TAMS 0x0000000713600000| PB 0x0000000713600000| Untracked |  0
|  74|0x0000000713800000, 0x0000000713800000, 0x0000000713a00000|  0%| F|  |TAMS 0x0000000713800000| PB 0x0000000713800000| Untracked |  0
|  75|0x0000000713a00000, 0x0000000713a00000, 0x0000000713c00000|  0%| F|  |TAMS 0x0000000713a00000| PB 0x0000000713a00000| Untracked |  0
|  76|0x0000000713c00000, 0x0000000713c00000, 0x0000000713e00000|  0%| F|  |TAMS 0x0000000713c00000| PB 0x0000000713c00000| Untracked |  0
|  77|0x0000000713e00000, 0x0000000713e00000, 0x0000000714000000|  0%| F|  |TAMS 0x0000000713e00000| PB 0x0000000713e00000| Untracked |  0
|  78|0x0000000714000000, 0x0000000714000000, 0x0000000714200000|  0%| F|  |TAMS 0x0000000714000000| PB 0x0000000714000000| Untracked |  0
|  79|0x0000000714200000, 0x0000000714200000, 0x0000000714400000|  0%| F|  |TAMS 0x0000000714200000| PB 0x0000000714200000| Untracked |  0
|  80|0x0000000714400000, 0x0000000714400000, 0x0000000714600000|  0%| F|  |TAMS 0x0000000714400000| PB 0x0000000714400000| Untracked |  0
|  81|0x0000000714600000, 0x0000000714600000, 0x0000000714800000|  0%| F|  |TAMS 0x0000000714600000| PB 0x0000000714600000| Untracked |  0
|  82|0x0000000714800000, 0x0000000714800000, 0x0000000714a00000|  0%| F|  |TAMS 0x0000000714800000| PB 0x0000000714800000| Untracked |  0
|  83|0x0000000714a00000, 0x0000000714a00000, 0x0000000714c00000|  0%| F|  |TAMS 0x0000000714a00000| PB 0x0000000714a00000| Untracked |  0
|  84|0x0000000714c00000, 0x0000000714c00000, 0x0000000714e00000|  0%| F|  |TAMS 0x0000000714c00000| PB 0x0000000714c00000| Untracked |  0
|  85|0x0000000714e00000, 0x0000000714e00000, 0x0000000715000000|  0%| F|  |TAMS 0x0000000714e00000| PB 0x0000000714e00000| Untracked |  0
|  86|0x0000000715000000, 0x0000000715000000, 0x0000000715200000|  0%| F|  |TAMS 0x0000000715000000| PB 0x0000000715000000| Untracked |  0
|  87|0x0000000715200000, 0x0000000715200000, 0x0000000715400000|  0%| F|  |TAMS 0x0000000715200000| PB 0x0000000715200000| Untracked |  0
|  88|0x0000000715400000, 0x0000000715400000, 0x0000000715600000|  0%| F|  |TAMS 0x0000000715400000| PB 0x0000000715400000| Untracked |  0
|  89|0x0000000715600000, 0x0000000715600000, 0x0000000715800000|  0%| F|  |TAMS 0x0000000715600000| PB 0x0000000715600000| Untracked |  0
|  90|0x0000000715800000, 0x0000000715800000, 0x0000000715a00000|  0%| F|  |TAMS 0x0000000715800000| PB 0x0000000715800000| Untracked |  0
|  91|0x0000000715a00000, 0x0000000715a00000, 0x0000000715c00000|  0%| F|  |TAMS 0x0000000715a00000| PB 0x0000000715a00000| Untracked |  0
|  92|0x0000000715c00000, 0x0000000715c00000, 0x0000000715e00000|  0%| F|  |TAMS 0x0000000715c00000| PB 0x0000000715c00000| Untracked |  0
|  93|0x0000000715e00000, 0x0000000715e00000, 0x0000000716000000|  0%| F|  |TAMS 0x0000000715e00000| PB 0x0000000715e00000| Untracked |  0
|  94|0x0000000716000000, 0x0000000716000000, 0x0000000716200000|  0%| F|  |TAMS 0x0000000716000000| PB 0x0000000716000000| Untracked |  0
|  95|0x0000000716200000, 0x0000000716200000, 0x0000000716400000|  0%| F|  |TAMS 0x0000000716200000| PB 0x0000000716200000| Untracked |  0
|  96|0x0000000716400000, 0x0000000716400000, 0x0000000716600000|  0%| F|  |TAMS 0x0000000716400000| PB 0x0000000716400000| Untracked |  0
|  97|0x0000000716600000, 0x0000000716600000, 0x0000000716800000|  0%| F|  |TAMS 0x0000000716600000| PB 0x0000000716600000| Untracked |  0
|  98|0x0000000716800000, 0x0000000716800000, 0x0000000716a00000|  0%| F|  |TAMS 0x0000000716800000| PB 0x0000000716800000| Untracked |  0
|  99|0x0000000716a00000, 0x0000000716a00000, 0x0000000716c00000|  0%| F|  |TAMS 0x0000000716a00000| PB 0x0000000716a00000| Untracked |  0
| 100|0x0000000716c00000, 0x0000000716c00000, 0x0000000716e00000|  0%| F|  |TAMS 0x0000000716c00000| PB 0x0000000716c00000| Untracked |  0
| 101|0x0000000716e00000, 0x0000000716e00000, 0x0000000717000000|  0%| F|  |TAMS 0x0000000716e00000| PB 0x0000000716e00000| Untracked |  0
| 102|0x0000000717000000, 0x0000000717000000, 0x0000000717200000|  0%| F|  |TAMS 0x0000000717000000| PB 0x0000000717000000| Untracked |  0
| 103|0x0000000717200000, 0x0000000717200000, 0x0000000717400000|  0%| F|  |TAMS 0x0000000717200000| PB 0x0000000717200000| Untracked |  0
| 104|0x0000000717400000, 0x0000000717400000, 0x0000000717600000|  0%| F|  |TAMS 0x0000000717400000| PB 0x0000000717400000| Untracked |  0
| 105|0x0000000717600000, 0x0000000717600000, 0x0000000717800000|  0%| F|  |TAMS 0x0000000717600000| PB 0x0000000717600000| Untracked |  0
| 106|0x0000000717800000, 0x0000000717800000, 0x0000000717a00000|  0%| F|  |TAMS 0x0000000717800000| PB 0x0000000717800000| Untracked |  0
| 107|0x0000000717a00000, 0x0000000717a00000, 0x0000000717c00000|  0%| F|  |TAMS 0x0000000717a00000| PB 0x0000000717a00000| Untracked |  0
| 108|0x0000000717c00000, 0x0000000717c00000, 0x0000000717e00000|  0%| F|  |TAMS 0x0000000717c00000| PB 0x0000000717c00000| Untracked |  0
| 109|0x0000000717e00000, 0x0000000717e00000, 0x0000000718000000|  0%| F|  |TAMS 0x0000000717e00000| PB 0x0000000717e00000| Untracked |  0
| 110|0x0000000718000000, 0x0000000718000000, 0x0000000718200000|  0%| F|  |TAMS 0x0000000718000000| PB 0x0000000718000000| Untracked |  0
| 111|0x0000000718200000, 0x0000000718200000, 0x0000000718400000|  0%| F|  |TAMS 0x0000000718200000| PB 0x0000000718200000| Untracked |  0
| 112|0x0000000718400000, 0x0000000718400000, 0x0000000718600000|  0%| F|  |TAMS 0x0000000718400000| PB 0x0000000718400000| Untracked |  0
| 113|0x0000000718600000, 0x00000007186f5cb0, 0x0000000718800000| 48%| E|  |TAMS 0x0000000718600000| PB 0x0000000718600000| Complete |  0
| 114|0x0000000718800000, 0x0000000718a00000, 0x0000000718a00000|100%| E|CS|TAMS 0x0000000718800000| PB 0x0000000718800000| Complete |  0
| 115|0x0000000718a00000, 0x0000000718c00000, 0x0000000718c00000|100%| E|  |TAMS 0x0000000718a00000| PB 0x0000000718a00000| Complete |  0
| 116|0x0000000718c00000, 0x0000000718e00000, 0x0000000718e00000|100%| E|CS|TAMS 0x0000000718c00000| PB 0x0000000718c00000| Complete |  0
| 117|0x0000000718e00000, 0x0000000719000000, 0x0000000719000000|100%| E|CS|TAMS 0x0000000718e00000| PB 0x0000000718e00000| Complete |  0
| 118|0x0000000719000000, 0x0000000719200000, 0x0000000719200000|100%| E|CS|TAMS 0x0000000719000000| PB 0x0000000719000000| Complete |  0
| 119|0x0000000719200000, 0x0000000719400000, 0x0000000719400000|100%| E|CS|TAMS 0x0000000719200000| PB 0x0000000719200000| Complete |  0
| 120|0x0000000719400000, 0x0000000719600000, 0x0000000719600000|100%| E|CS|TAMS 0x0000000719400000| PB 0x0000000719400000| Complete |  0
| 121|0x0000000719600000, 0x0000000719800000, 0x0000000719800000|100%| E|CS|TAMS 0x0000000719600000| PB 0x0000000719600000| Complete |  0
| 122|0x0000000719800000, 0x0000000719a00000, 0x0000000719a00000|100%| E|CS|TAMS 0x0000000719800000| PB 0x0000000719800000| Complete |  0
|1965|0x00000007ffe00000, 0x00000007fff1c318, 0x0000000800000000| 55%| O|  |TAMS 0x00000007ffe00000| PB 0x00000007ffe00000| Untracked |  0

Card table byte_map: [0x0000020f7dd70000,0x0000020f7e520000] _byte_map_base: 0x0000020f7a51e000

Marking Bits: (CMBitMap*) 0x0000020f7d0183f0
 Bits: [0x0000020f17a40000, 0x0000020f1b7b0000)

Polling page: 0x0000020f7add0000

Metaspace:

Usage:
  Non-class:      8.17 MB used.
      Class:    904.10 KB used.
       Both:      9.05 MB used.

Virtual space:
  Non-class space:       64.00 MB reserved,       8.25 MB ( 13%) committed,  1 nodes.
      Class space:        1.00 GB reserved,       1.00 MB ( <1%) committed,  1 nodes.
             Both:        1.06 GB reserved,       9.25 MB ( <1%) committed. 

Chunk freelists:
   Non-Class:  7.00 MB
       Class:  15.06 MB
        Both:  22.06 MB

MaxMetaspaceSize: unlimited
CompressedClassSpaceSize: 1.00 GB
Initial GC threshold: 21.00 MB
Current GC threshold: 21.00 MB
CDS: on
 - commit_granule_bytes: 65536.
 - commit_granule_words: 8192.
 - virtual_space_node_default_size: 8388608.
 - enlarge_chunks_in_place: 1.
UseCompressedClassPointers 1, UseCompactObjectHeaders 0
Narrow klass pointer bits 32, Max shift 3
Narrow klass base: 0x0000020f1e000000, Narrow klass shift: 0
Encoding Range: [0x0000020f1e000000 - 0x000002101e000000), (4294967296 bytes)
Klass Range:    [0x0000020f1e000000 - 0x0000020f5f000000), (1090519040 bytes)
Klass ID Range:  [8 - 1090519033) (1090519025)


Internal statistics:

num_allocs_failed_limit: 0.
num_arena_births: 152.
num_arena_deaths: 0.
num_vsnodes_births: 2.
num_vsnodes_deaths: 0.
num_space_committed: 148.
num_space_uncommitted: 0.
num_chunks_returned_to_freelist: 0.
num_chunks_taken_from_freelist: 229.
num_chunk_merges: 0.
num_chunk_splits: 129.
num_chunks_enlarged: 45.
num_inconsistent_stats: 0.

CodeHeap 'non-profiled nmethods': size=120064Kb used=351Kb max_used=351Kb free=119712Kb
 bounds [0x0000020f10500000, 0x0000020f10770000, 0x0000020f17a40000]
CodeHeap 'profiled nmethods': size=120000Kb used=1723Kb max_used=1723Kb free=118276Kb
 bounds [0x0000020f08a40000, 0x0000020f08cb0000, 0x0000020f0ff70000]
CodeHeap 'non-nmethods': size=5696Kb used=1531Kb max_used=1559Kb free=4165Kb
 bounds [0x0000020f0ff70000, 0x0000020f101e0000, 0x0000020f10500000]
CodeCache: size=245760Kb, used=3605Kb, max_used=3633Kb, free=242153Kb
 total_blobs=1886, nmethods=1187, adapters=604, full_count=0
Compilation: enabled, stopped_count=0, restarted_count=0

Compilation events (20 events):
Event: 0.613 Thread 0x0000020f7f1b3eb0 nmethod 1098 0x0000020f1054d388 code [0x0000020f1054d480, 0x0000020f1054d548]
Event: 0.613 Thread 0x0000020f7f1b3eb0 1101       1       java.awt.geom.Rectangle2D$Double::getX (5 bytes)
Event: 0.613 Thread 0x0000020f7f1b3eb0 nmethod 1101 0x0000020f1054d688 code [0x0000020f1054d780, 0x0000020f1054d848]
Event: 0.613 Thread 0x0000020f7f1b3eb0 1102       1       java.awt.geom.Rectangle2D$Double::getY (5 bytes)
Event: 0.613 Thread 0x0000020f7f1b3eb0 nmethod 1102 0x0000020f1054d988 code [0x0000020f1054da80, 0x0000020f1054db48]
Event: 0.613 Thread 0x0000020f7f1b3eb0 1078       3       java.lang.invoke.MethodHandleNatives::canBeCalledVirtual (49 bytes)
Event: 0.614 Thread 0x0000020f7f1b3eb0 nmethod 1078 0x0000020f08bd9c88 code [0x0000020f08bd9e00, 0x0000020f08bda408]
Event: 0.614 Thread 0x0000020f7f1b3eb0 1110       3       java.lang.invoke.DirectMethodHandle::preparedLambdaForm (244 bytes)
Event: 0.614 Thread 0x0000020f7f1b3eb0 nmethod 1110 0x0000020f08bda488 code [0x0000020f08bda6c0, 0x0000020f08bdb7e0]
Event: 0.614 Thread 0x0000020f7f1b3eb0 1112       3       java.lang.String::getBytes (44 bytes)
Event: 0.614 Thread 0x0000020f7f1b3eb0 nmethod 1112 0x0000020f08bdb888 code [0x0000020f08bdb9e0, 0x0000020f08bdbd68]
Event: 0.615 Thread 0x0000020f7f1b3eb0 1115       3       java.lang.classfile.ClassBuilder::withMethod (34 bytes)
Event: 0.615 Thread 0x0000020f7f1b3eb0 nmethod 1115 0x0000020f08bdbd88 code [0x0000020f08bdbf20, 0x0000020f08bdc638]
Event: 0.615 Thread 0x0000020f7f1b3eb0 1116       3       jdk.internal.classfile.impl.AbstractPoolEntry$Utf8EntryImpl::clone (6 bytes)
Event: 0.615 Thread 0x0000020f7f1b3eb0 nmethod 1116 0x0000020f08bdc708 code [0x0000020f08bdc820, 0x0000020f08bdc9d8]
Event: 0.615 Thread 0x0000020f7f1b3eb0 1117       3       jdk.internal.classfile.impl.AbstractPoolEntry$Utf8EntryImpl::clone (42 bytes)
Event: 0.615 Thread 0x0000020f7f1b3eb0 nmethod 1117 0x0000020f08bdca08 code [0x0000020f08bdcb60, 0x0000020f08bdd048]
Event: 0.628 Thread 0x0000020f7f1b3eb0 1119       3       java.util.ArrayList$ListItr::hasPrevious (13 bytes)
Event: 0.628 Thread 0x0000020f7f1b3eb0 nmethod 1119 0x0000020f08bdd088 code [0x0000020f08bdd1a0, 0x0000020f08bdd2f8]
Event: 0.628 Thread 0x0000020f7f1b3eb0 1120       3       java.util.ArrayList$ListItr::previous (59 bytes)

GC Heap History (0 events):
No events

Dll operation events (9 events):
Event: 0.009 Loaded shared library C:\Program Files\Apache NetBeans\jdk\bin\java.dll
Event: 0.032 Loaded shared library C:\Program Files\Apache NetBeans\jdk\bin\jsvml.dll
Event: 0.082 Loaded shared library C:\Program Files\Apache NetBeans\jdk\bin\jimage.dll
Event: 0.086 Loaded shared library C:\Program Files\Apache NetBeans\jdk\bin\net.dll
Event: 0.088 Loaded shared library C:\Program Files\Apache NetBeans\jdk\bin\nio.dll
Event: 0.098 Loaded shared library C:\Program Files\Apache NetBeans\jdk\bin\zip.dll
Event: 0.135 Loaded shared library C:\Program Files\Apache NetBeans\jdk\bin\awt.dll
Event: 0.403 Loaded shared library C:\Program Files\Apache NetBeans\jdk\bin\freetype.dll
Event: 0.403 Loaded shared library C:\Program Files\Apache NetBeans\jdk\bin\fontmanager.dll

Deoptimization events (20 events):
Event: 0.602 Thread 0x0000020f6355f1e0 Uncommon trap: trap_request=0xffffff4d fr.pc=0x0000020f1052dcfc relative=0x00000000000000dc
Event: 0.602 Thread 0x0000020f6355f1e0 Uncommon trap: reason=unstable_if action=reinterpret pc=0x0000020f1052dcfc method=java.lang.String.getBytes([BIB)V @ 5 c2
Event: 0.602 Thread 0x0000020f6355f1e0 DEOPT PACKING pc=0x0000020f1052dcfc sp=0x00000061440fc230
Event: 0.602 Thread 0x0000020f6355f1e0 DEOPT UNPACKING pc=0x0000020f10085d02 sp=0x00000061440fc1d8 mode 2
Event: 0.603 Thread 0x0000020f6355f1e0 DEOPT PACKING pc=0x0000020f08b92310 sp=0x00000061440fc710
Event: 0.603 Thread 0x0000020f6355f1e0 DEOPT UNPACKING pc=0x0000020f0ffc5722 sp=0x00000061440fbb60 mode 0
Event: 0.607 Thread 0x0000020f6355f1e0 DEOPT PACKING pc=0x0000020f08b92310 sp=0x00000061440fc710
Event: 0.607 Thread 0x0000020f6355f1e0 DEOPT UNPACKING pc=0x0000020f0ffc5722 sp=0x00000061440fbb60 mode 0
Event: 0.608 Thread 0x0000020f6355f1e0 DEOPT PACKING pc=0x0000020f08b92310 sp=0x00000061440fc710
Event: 0.608 Thread 0x0000020f6355f1e0 DEOPT UNPACKING pc=0x0000020f0ffc5722 sp=0x00000061440fbb60 mode 0
Event: 0.608 Thread 0x0000020f6355f1e0 DEOPT PACKING pc=0x0000020f08b92331 sp=0x00000061440fc710
Event: 0.608 Thread 0x0000020f6355f1e0 DEOPT UNPACKING pc=0x0000020f0ffc5722 sp=0x00000061440fbb60 mode 0
Event: 0.608 Thread 0x0000020f6355f1e0 DEOPT PACKING pc=0x0000020f08b92310 sp=0x00000061440fc710
Event: 0.608 Thread 0x0000020f6355f1e0 DEOPT UNPACKING pc=0x0000020f0ffc5722 sp=0x00000061440fbb60 mode 0
Event: 0.608 Thread 0x0000020f6355f1e0 DEOPT PACKING pc=0x0000020f08b92331 sp=0x00000061440fc710
Event: 0.608 Thread 0x0000020f6355f1e0 DEOPT UNPACKING pc=0x0000020f0ffc5722 sp=0x00000061440fbb60 mode 0
Event: 0.609 Thread 0x0000020f6355f1e0 DEOPT PACKING pc=0x0000020f08b92310 sp=0x00000061440fc710
Event: 0.609 Thread 0x0000020f6355f1e0 DEOPT UNPACKING pc=0x0000020f0ffc5722 sp=0x00000061440fbb60 mode 0
Event: 0.610 Thread 0x0000020f6355f1e0 DEOPT PACKING pc=0x0000020f08b92310 sp=0x00000061440fc6f0
Event: 0.610 Thread 0x0000020f6355f1e0 DEOPT UNPACKING pc=0x0000020f0ffc5722 sp=0x00000061440fbb40 mode 0

Classes loaded (20 events):
Event: 0.611 Loading class sun/java2d/d3d/D3DSurfaceDataProxy
Event: 0.611 Loading class sun/java2d/d3d/D3DSurfaceDataProxy done
Event: 0.612 Loading class java/lang/invoke/VarHandleSegmentAsDoubles
Event: 0.612 Loading class java/lang/invoke/VarHandleSegmentAsDoubles done
Event: 0.626 Loading class sun/awt/windows/WGlobalCursorManager
Event: 0.626 Loading class sun/awt/GlobalCursorManager
Event: 0.626 Loading class sun/awt/GlobalCursorManager done
Event: 0.626 Loading class sun/awt/windows/WGlobalCursorManager done
Event: 0.626 Loading class sun/awt/GlobalCursorManager$NativeUpdater
Event: 0.626 Loading class sun/awt/GlobalCursorManager$NativeUpdater done
Event: 0.627 Loading class java/awt/DefaultKeyboardFocusManager$DefaultKeyboardFocusManagerSentEvent
Event: 0.627 Loading class java/awt/SentEvent
Event: 0.627 Loading class java/awt/SentEvent done
Event: 0.627 Loading class java/awt/DefaultKeyboardFocusManager$DefaultKeyboardFocusManagerSentEvent done
Event: 0.627 Loading class java/awt/MenuComponent
Event: 0.627 Loading class java/awt/MenuComponent done
Event: 0.627 Loading class sun/awt/WeakIdentityHashMap$WeakKey
Event: 0.627 Loading class sun/awt/WeakIdentityHashMap$WeakKey done
Event: 0.627 Loading class java/util/ArrayList$ListItr
Event: 0.627 Loading class java/util/ArrayList$ListItr done

Classes unloaded (0 events):
No events

Classes redefined (0 events):
No events

Internal exceptions (20 events):
Event: 0.311 Thread 0x0000020f6355f1e0 Exception <a 'java/lang/NoSuchMethodError'{0x00000007190ac908}: 'void java.lang.invoke.DirectMethodHandle$Holder.invokeSpecial(java.lang.Object, java.lang.Object, java.lang.Object)'> (0x00000007190ac908) 
thrown [s\src\hotspot\share\interpreter\linkResolver.cpp, line 805]
Event: 0.318 Thread 0x0000020f6355f1e0 Exception <a 'java/lang/NoSuchMethodError'{0x0000000718e12d30}: 'java.lang.Object java.lang.invoke.DirectMethodHandle$Holder.newInvokeSpecial(java.lang.Object, java.lang.Object, java.lang.Object, java.lang.Object, java.lang.Object)'> (0x0000000718e12d30) 
thrown [s\src\hotspot\share\interpreter\linkResolver.cpp, line 805]
Event: 0.322 Thread 0x0000020f6355f1e0 Exception <a 'java/lang/NoSuchMethodError'{0x0000000718e7ae78}: 'java.lang.Object java.lang.invoke.DirectMethodHandle$Holder.invokeStatic(java.lang.Object, int, java.lang.Object)'> (0x0000000718e7ae78) 
thrown [s\src\hotspot\share\interpreter\linkResolver.cpp, line 805]
Event: 0.342 Thread 0x0000020f6355f1e0 Exception <a 'java/lang/ClassNotFoundException'{0x0000000718caa570}: com/sun/swing/internal/plaf/metal/resources/spi/metalProvider> (0x0000000718caa570) 
thrown [s\src\hotspot\share\classfile\systemDictionary.cpp, line 327]
Event: 0.343 Thread 0x0000020f6355f1e0 Exception <a 'java/lang/ClassNotFoundException'{0x0000000718cae230}: com/sun/swing/internal/plaf/basic/resources/spi/basicProvider> (0x0000000718cae230) 
thrown [s\src\hotspot\share\classfile\systemDictionary.cpp, line 327]
Event: 0.351 Thread 0x0000020f6355f1e0 Exception <a 'java/lang/NoSuchMethodError'{0x0000000718cdc638}: 'int java.lang.invoke.Invokers$Holder.invokeExact_MT(java.lang.Object, java.lang.Object)'> (0x0000000718cdc638) 
thrown [s\src\hotspot\share\interpreter\linkResolver.cpp, line 805]
Event: 0.389 Thread 0x0000020f6303abd0 Exception <a 'java/lang/NoSuchMethodError'{0x000000071933e828}: 'void java.lang.invoke.DirectMethodHandle$Holder.invokeVirtual(java.lang.Object, java.lang.Object)'> (0x000000071933e828) 
thrown [s\src\hotspot\share\interpreter\linkResolver.cpp, line 805]
Event: 0.400 Thread 0x0000020f6355f1e0 Exception <a 'java/lang/NoSuchMethodError'{0x0000000718d6f328}: 'void java.lang.invoke.DirectMethodHandle$Holder.invokeStaticInit(java.lang.Object)'> (0x0000000718d6f328) 
thrown [s\src\hotspot\share\interpreter\linkResolver.cpp, line 805]
Event: 0.409 Thread 0x0000020f6355f1e0 Exception <a 'java/lang/NoSuchMethodError'{0x0000000718da4030}: 'long java.lang.invoke.DirectMethodHandle$Holder.invokeStaticInit(java.lang.Object, long, long, long, long)'> (0x0000000718da4030) 
thrown [s\src\hotspot\share\interpreter\linkResolver.cpp, line 805]
Event: 0.410 Thread 0x0000020f6355f1e0 Exception <a 'java/lang/NoSuchMethodError'{0x0000000718dacba8}: 'java.lang.Object java.lang.invoke.DirectMethodHandle$Holder.invokeInterface(java.lang.Object, java.lang.Object, long, long)'> (0x0000000718dacba8) 
thrown [s\src\hotspot\share\interpreter\linkResolver.cpp, line 805]
Event: 0.410 Thread 0x0000020f6355f1e0 Exception <a 'java/lang/NoSuchMethodError'{0x0000000718dc5490}: 'void java.lang.invoke.DirectMethodHandle$Holder.invokeStaticInit(java.lang.Object, java.lang.Object, long, java.lang.Object)'> (0x0000000718dc5490) 
thrown [s\src\hotspot\share\interpreter\linkResolver.cpp, line 805]
Event: 0.411 Thread 0x0000020f6355f1e0 Exception <a 'java/lang/NoSuchMethodError'{0x0000000718dce078}: 'long java.lang.invoke.DirectMethodHandle$Holder.invokeStatic(java.lang.Object, long, long)'> (0x0000000718dce078) 
thrown [s\src\hotspot\share\interpreter\linkResolver.cpp, line 805]
Event: 0.413 Thread 0x0000020f6355f1e0 Exception <a 'java/lang/NoSuchMethodError'{0x0000000718dfa800}: 'java.lang.Object java.lang.invoke.DirectMethodHandle$Holder.newInvokeSpecial(java.lang.Object, int, java.lang.Object)'> (0x0000000718dfa800) 
thrown [s\src\hotspot\share\interpreter\linkResolver.cpp, line 805]
Event: 0.436 Thread 0x0000020f6355f1e0 Exception <a 'java/lang/NoSuchMethodError'{0x0000000718a886f0}: 'void java.lang.invoke.DelegatingMethodHandle$Holder.reinvoke_L(java.lang.Object, java.lang.Object, java.lang.Object, java.lang.Object, long, long, int)'> (0x0000000718a886f0) 
thrown [s\src\hotspot\share\interpreter\linkResolver.cpp, line 805]
Event: 0.438 Thread 0x0000020f6355f1e0 Exception <a 'java/lang/NoSuchMethodError'{0x0000000718aa88c0}: 'java.lang.Object java.lang.invoke.DirectMethodHandle$Holder.invokeStatic(java.lang.Object, java.lang.Object, java.lang.Object, java.lang.Object, java.lang.Object, long)'> (0x0000000718aa88c0) 
thrown [s\src\hotspot\share\interpreter\linkResolver.cpp, line 805]
Event: 0.439 Thread 0x0000020f6355f1e0 Exception <a 'java/lang/NoSuchMethodError'{0x0000000718acc6a0}: 'void java.lang.invoke.DelegatingMethodHandle$Holder.reinvoke_L(java.lang.Object, java.lang.Object, java.lang.Object, java.lang.Object, long, long, long)'> (0x0000000718acc6a0) 
thrown [s\src\hotspot\share\interpreter\linkResolver.cpp, line 805]
Event: 0.465 Thread 0x0000020f6355f1e0 Exception <a 'java/lang/NoSuchMethodError'{0x0000000718b10490}: 'void java.lang.invoke.DelegatingMethodHandle$Holder.reinvoke_L(java.lang.Object, java.lang.Object, java.lang.Object, java.lang.Object, long, long, float)'> (0x0000000718b10490) 
thrown [s\src\hotspot\share\interpreter\linkResolver.cpp, line 805]
Event: 0.467 Thread 0x0000020f6355f1e0 Exception <a 'java/lang/NoSuchMethodError'{0x0000000718b5ae50}: 'float java.lang.invoke.DelegatingMethodHandle$Holder.reinvoke_L(java.lang.Object, java.lang.Object, java.lang.Object, java.lang.Object, long, long)'> (0x0000000718b5ae50) 
thrown [s\src\hotspot\share\interpreter\linkResolver.cpp, line 805]
Event: 0.534 Thread 0x0000020f6355f1e0 Exception <a 'java/lang/NoSuchMethodError'{0x0000000718b99828}: 'int java.lang.invoke.DirectMethodHandle$Holder.invokeStatic(java.lang.Object)'> (0x0000000718b99828) 
thrown [s\src\hotspot\share\interpreter\linkResolver.cpp, line 805]
Event: 0.614 Thread 0x0000020f6355f1e0 Exception <a 'java/lang/NoSuchMethodError'{0x0000000718897950}: 'void java.lang.invoke.DelegatingMethodHandle$Holder.reinvoke_L(java.lang.Object, java.lang.Object, java.lang.Object, java.lang.Object, long, long, double)'> (0x0000000718897950) 
thrown [s\src\hotspot\share\interpreter\linkResolver.cpp, line 805]

VM Operations (4 events):
Event: 0.365 Executing VM operation: HandshakeAllThreads (Deoptimize)
Event: 0.365 Executing VM operation: HandshakeAllThreads (Deoptimize) done
Event: 0.628 Executing VM operation: HandshakeAllThreads (Deoptimize)
Event: 0.628 Executing VM operation: HandshakeAllThreads (Deoptimize) done

Memory protections (0 events):
No events

Nmethod flushes (0 events):
No events

Events (20 events):
Event: 0.030 Thread 0x0000020f7abb7380 Thread added: 0x0000020f7f18dbd0
Event: 0.030 Thread 0x0000020f7abb7380 Thread added: 0x0000020f7f18e310
Event: 0.030 Thread 0x0000020f7abb7380 Thread added: 0x0000020f7f18f0a0
Event: 0.030 Thread 0x0000020f7abb7380 Thread added: 0x0000020f7f1921f0
Event: 0.030 Thread 0x0000020f7abb7380 Thread added: 0x0000020f7f192d20
Event: 0.030 Thread 0x0000020f7abb7380 Thread added: 0x0000020f7f19bac0
Event: 0.030 Thread 0x0000020f7abb7380 Thread added: 0x0000020f7f1b0450
Event: 0.030 Thread 0x0000020f7abb7380 Thread added: 0x0000020f7f1b3eb0
Event: 0.050 Thread 0x0000020f7abb7380 Thread added: 0x0000020f7f1be5b0
Event: 0.052 Thread 0x0000020f7abb7380 Thread added: 0x0000020f1d84e150
Event: 0.094 Thread 0x0000020f7f1b3eb0 Thread added: 0x0000020f7f1b3720
Event: 0.171 Thread 0x0000020f7abb7380 Thread added: 0x0000020f1db7a4b0
Event: 0.171 Thread 0x0000020f7abb7380 Thread added: 0x0000020f1db7abf0
Event: 0.172 Thread 0x0000020f7abb7380 Thread added: 0x0000020f6303abd0
Event: 0.190 Thread 0x0000020f7abb7380 Thread added: 0x0000020f6355f1e0
Event: 0.190 Thread 0x0000020f7abb7380 Thread exited: 0x0000020f7abb7380
Event: 0.190 Thread 0x0000020f7abb7380 Thread added: 0x0000020f7abb7380
Event: 0.249 Thread 0x0000020f7f1b3720 Thread exited: 0x0000020f7f1b3720
Event: 0.539 Thread 0x0000020f6355f1e0 Thread added: 0x0000020f637f0ed0
Event: 0.575 Thread 0x0000020f7f1b3eb0 Thread added: 0x0000020f7f1b4640


Dynamic libraries:
0x00007ff696510000 - 0x00007ff69651e000 	C:\Program Files\Apache NetBeans\jdk\bin\java.exe
0x00007ffc554c0000 - 0x00007ffc55727000 	C:\WINDOWS\SYSTEM32\ntdll.dll
0x00007ffc53eb0000 - 0x00007ffc53f79000 	C:\WINDOWS\System32\KERNEL32.DLL
0x00007ffc52810000 - 0x00007ffc52c01000 	C:\WINDOWS\System32\KERNELBASE.dll
0x00007ffc51e50000 - 0x00007ffc51f9b000 	C:\WINDOWS\System32\ucrtbase.dll
0x00007ffc4a6f0000 - 0x00007ffc4a706000 	C:\Program Files\Apache NetBeans\jdk\bin\jli.dll
0x00007ffc4d3f0000 - 0x00007ffc4d40e000 	C:\Program Files\Apache NetBeans\jdk\bin\VCRUNTIME140.dll
0x00007ffc54630000 - 0x00007ffc547f5000 	C:\WINDOWS\System32\USER32.dll
0x00007ffc52e00000 - 0x00007ffc52e27000 	C:\WINDOWS\System32\win32u.dll
0x00007ffc45c20000 - 0x00007ffc45eb3000 	C:\WINDOWS\WinSxS\amd64_microsoft.windows.common-controls_6595b64144ccf1df_6.0.26100.8037_none_3e092faae333b53b\COMCTL32.dll
0x00007ffc54880000 - 0x00007ffc548ab000 	C:\WINDOWS\System32\GDI32.dll
0x00007ffc54440000 - 0x00007ffc544e9000 	C:\WINDOWS\System32\msvcrt.dll
0x00007ffc52c10000 - 0x00007ffc52d3b000 	C:\WINDOWS\System32\gdi32full.dll
0x00007ffc52fb0000 - 0x00007ffc53053000 	C:\WINDOWS\System32\msvcp_win.dll
0x00007ffc53c40000 - 0x00007ffc53c71000 	C:\WINDOWS\System32\IMM32.DLL
0x00007ffc4d350000 - 0x00007ffc4d35c000 	C:\Program Files\Apache NetBeans\jdk\bin\vcruntime140_1.dll
0x00007ffc19a50000 - 0x00007ffc19add000 	C:\Program Files\Apache NetBeans\jdk\bin\msvcp140.dll
0x00007ffba7950000 - 0x00007ffba87cc000 	C:\Program Files\Apache NetBeans\jdk\bin\server\jvm.dll
0x00007ffc54570000 - 0x00007ffc5462b000 	C:\WINDOWS\System32\ADVAPI32.dll
0x00007ffc54270000 - 0x00007ffc54317000 	C:\WINDOWS\System32\sechost.dll
0x00007ffc54320000 - 0x00007ffc54438000 	C:\WINDOWS\System32\RPCRT4.dll
0x00007ffc544f0000 - 0x00007ffc54564000 	C:\WINDOWS\System32\WS2_32.dll
0x00007ffc51a50000 - 0x00007ffc51aae000 	C:\WINDOWS\SYSTEM32\POWRPROF.dll
0x00007ffc4b4c0000 - 0x00007ffc4b4cb000 	C:\WINDOWS\SYSTEM32\VERSION.dll
0x00007ffc4ab90000 - 0x00007ffc4abc5000 	C:\WINDOWS\SYSTEM32\WINMM.dll
0x00007ffc51a30000 - 0x00007ffc51a44000 	C:\WINDOWS\SYSTEM32\UMPDC.dll
0x00007ffc50b30000 - 0x00007ffc50b4b000 	C:\WINDOWS\SYSTEM32\kernel.appcore.dll
0x00007ffc4c920000 - 0x00007ffc4c92a000 	C:\Program Files\Apache NetBeans\jdk\bin\jimage.dll
0x00007ffc478f0000 - 0x00007ffc47b32000 	C:\WINDOWS\SYSTEM32\DBGHELP.DLL
0x00007ffc54eb0000 - 0x00007ffc55232000 	C:\WINDOWS\System32\combase.dll
0x00007ffc54910000 - 0x00007ffc549e7000 	C:\WINDOWS\System32\OLEAUT32.dll
0x00007ffc23690000 - 0x00007ffc236cb000 	C:\WINDOWS\SYSTEM32\dbgcore.DLL
0x00007ffc51da0000 - 0x00007ffc51e45000 	C:\WINDOWS\System32\bcryptPrimitives.dll
0x00007ffc4d330000 - 0x00007ffc4d34e000 	C:\Program Files\Apache NetBeans\jdk\bin\java.dll
0x00007ffc53c80000 - 0x00007ffc53e15000 	C:\WINDOWS\System32\ole32.dll
0x00007ffc534d0000 - 0x00007ffc53c2f000 	C:\WINDOWS\System32\SHELL32.dll
0x00007ffc530f0000 - 0x00007ffc5325a000 	C:\WINDOWS\System32\wintypes.dll
0x00007ffc51fa0000 - 0x00007ffc52804000 	C:\WINDOWS\System32\windows.storage.dll
0x00007ffc54170000 - 0x00007ffc54267000 	C:\WINDOWS\System32\SHCORE.dll
0x00007ffc53280000 - 0x00007ffc532e7000 	C:\WINDOWS\System32\shlwapi.dll
0x00007ffc51cc0000 - 0x00007ffc51ce9000 	C:\WINDOWS\SYSTEM32\profapi.dll
0x00007ffbee2e0000 - 0x00007ffbee3b7000 	C:\Program Files\Apache NetBeans\jdk\bin\jsvml.dll
0x00007ffc4a770000 - 0x00007ffc4a780000 	C:\Program Files\Apache NetBeans\jdk\bin\net.dll
0x00007ffc510a0000 - 0x00007ffc5110b000 	C:\WINDOWS\system32\mswsock.dll
0x00007ffc361f0000 - 0x00007ffc36206000 	C:\Program Files\Apache NetBeans\jdk\bin\nio.dll
0x00007ffc3efe0000 - 0x00007ffc3eff7000 	C:\Program Files\Apache NetBeans\jdk\bin\zip.dll
0x00007ffbe0240000 - 0x00007ffbe03be000 	C:\Program Files\Apache NetBeans\jdk\bin\awt.dll
0x00007ffc4f570000 - 0x00007ffc4f60f000 	C:\WINDOWS\SYSTEM32\apphelp.dll
0x00007ffc4f7a0000 - 0x00007ffc4f84a000 	C:\WINDOWS\system32\uxtheme.dll
0x00007ffc53370000 - 0x00007ffc534cd000 	C:\WINDOWS\System32\MSCTF.dll
0x00007ffc4fa70000 - 0x00007ffc4fa9e000 	C:\WINDOWS\system32\DWMAPI.DLL
0x00007ffbd4b70000 - 0x00007ffbd4c7e000 	C:\WINDOWS\system32\opengl32.dll
0x00007ffbd46a0000 - 0x00007ffbd46cd000 	C:\WINDOWS\SYSTEM32\GLU32.dll
0x00007ffc4f8b0000 - 0x00007ffc4f8f3000 	C:\WINDOWS\SYSTEM32\dxcore.dll
0x00007ffbdee20000 - 0x00007ffbdefd2000 	C:\WINDOWS\system32\d3d9.dll
0x00007ffc4abd0000 - 0x00007ffc4ad8b000 	C:\WINDOWS\System32\DriverStore\FileRepository\u0418954.inf_amd64_f6aef74efadea06b\B418735\aticfx64.dll
0x00007ffbf02c0000 - 0x00007ffbf02f4000 	C:\WINDOWS\System32\DriverStore\FileRepository\u0418954.inf_amd64_f6aef74efadea06b\B418735\atiu9p64.dll
0x00007ffba4580000 - 0x00007ffba52c7000 	C:\WINDOWS\System32\DriverStore\FileRepository\u0418954.inf_amd64_f6aef74efadea06b\B418735\atiumd64.dll
0x00000000639b0000 - 0x00000000648c3000 	C:\WINDOWS\System32\DriverStore\FileRepository\u0418954.inf_amd64_f6aef74efadea06b\B418735\atiumd6a.dll
0x00007ffc54a10000 - 0x00007ffc54e97000 	C:\WINDOWS\System32\SETUPAPI.dll
0x00007ffc47c60000 - 0x00007ffc47c95000 	C:\WINDOWS\SYSTEM32\amdihk64.dll
0x00007ffc4c2b0000 - 0x00007ffc4c310000 	C:\WINDOWS\SYSTEM32\directxdatabasehelper.dll
0x00007ffc192b0000 - 0x00007ffc19337000 	C:\Program Files\Apache NetBeans\jdk\bin\freetype.dll
0x00007ffbe0f50000 - 0x00007ffbe1039000 	C:\Program Files\Apache NetBeans\jdk\bin\fontmanager.dll
0x00007ffc553c0000 - 0x00007ffc5546e000 	C:\WINDOWS\System32\clbcatq.dll
0x00007ffc4dbb0000 - 0x00007ffc4dddd000 	C:\WINDOWS\SYSTEM32\WindowsCodecs.dll
0x00007ffc1a810000 - 0x00007ffc1a86a000 	C:\WINDOWS\system32\dataexchange.dll
0x00007ffc469f0000 - 0x00007ffc46c34000 	C:\WINDOWS\system32\twinapi.appcore.dll
0x00007ffc449c0000 - 0x00007ffc44b08000 	C:\WINDOWS\SYSTEM32\textinputframework.dll
0x00007ffc4f190000 - 0x00007ffc4f2b7000 	C:\WINDOWS\SYSTEM32\CoreMessaging.dll
0x00007ffc4b610000 - 0x00007ffc4b8f2000 	C:\WINDOWS\SYSTEM32\CoreUIComponents.dll
0x00007ffc51970000 - 0x00007ffc5197c000 	C:\WINDOWS\SYSTEM32\CRYPTBASE.DLL

JVMTI agents: none

dbghelp: loaded successfully - version: 4.0.5 - missing functions: none
symbol engine: initialized successfully - sym options: 0x614 - pdb path: .;C:\Program Files\Apache NetBeans\jdk\bin;C:\WINDOWS\SYSTEM32;C:\WINDOWS\WinSxS\amd64_microsoft.windows.common-controls_6595b64144ccf1df_6.0.26100.8037_none_3e092faae333b53b;C:\Program Files\Apache NetBeans\jdk\bin\server;C:\WINDOWS\System32\DriverStore\FileRepository\u0418954.inf_amd64_f6aef74efadea06b\B418735

VM Arguments:
java_command: vn.edu.sgu.phanmemtuyensinh.PhanMemTuyenSinh
java_class_path (initial): D:\SGU\2025-2026_HK2\University-admissions-management\target\classes;C:\Users\quock\.m2\repository\org\hibernate\orm\hibernate-core\6.4.4.Final\hibernate-core-6.4.4.Final.jar;C:\Users\quock\.m2\repository\jakarta\persistence\jakarta.persistence-api\3.1.0\jakarta.persistence-api-3.1.0.jar;C:\Users\quock\.m2\repository\jakarta\transaction\jakarta.transaction-api\2.0.1\jakarta.transaction-api-2.0.1.jar;C:\Users\quock\.m2\repository\org\jboss\logging\jboss-logging\3.5.0.Final\jboss-logging-3.5.0.Final.jar;C:\Users\quock\.m2\repository\org\hibernate\common\hibernate-commons-annotations\6.0.6.Final\hibernate-commons-annotations-6.0.6.Final.jar;C:\Users\quock\.m2\repository\io\smallrye\jandex\3.1.2\jandex-3.1.2.jar;C:\Users\quock\.m2\repository\com\fasterxml\classmate\1.5.1\classmate-1.5.1.jar;C:\Users\quock\.m2\repository\net\bytebuddy\byte-buddy\1.14.11\byte-buddy-1.14.11.jar;C:\Users\quock\.m2\repository\jakarta\xml\bind\jakarta.xml.bind-api\4.0.0\jakarta.xml.bind-api-4.0.0.jar;C:\Users\quock\.m2\repository\jakarta\activation\jakarta.activation-api\2.1.0\jakarta.activation-api-2.1.0.jar;C:\Users\quock\.m2\repository\org\glassfish\jaxb\jaxb-runtime\4.0.2\jaxb-runtime-4.0.2.jar;C:\Users\quock\.m2\repository\org\glassfish\jaxb\jaxb-core\4.0.2\jaxb-core-4.0.2.jar;C:\Users\quock\.m2\repository\org\eclipse\angus\angus-activation\2.0.0\angus-activation-2.0.0.jar;C:\Users\quock\.m2\repository\org\glassfish\jaxb\txw2\4.0.2\txw2-4.0.2.jar;C:\Users\quock\.m2\repository\com\sun\istack\istack-commons-runtime\4.1.1\istack-commons-runtime-4.1.1.jar;C:\Users\quock\.m2\repository\jakarta\inject\jakarta.inject-api\2.0.1\jakarta.inject-api-2.0.1.jar;C:\Users\quock\.m2\repository\org\antlr\antlr4-runtime\4.13.0\antlr4-runtime-4.13.0.jar;C:\Users\quock\.m2\repository\com\mysql\mysql-connector-j\8.3.0\mysql-connector-j-8.3.0.jar;C:\Users\quock\.m2\repository\com\google\protobuf\protobuf-java\3.25.1\protobuf-java-3.25.1.jar;C:\Users\quock\.m2\repository\org\apache\poi\poi-ooxml\5.2.5\poi-ooxml-5.2.5.jar;C:\Users\quock\.m2\repository\org\apache\poi\poi-ooxml-lite\5.2.5\poi-ooxml-lite-5.2.5.jar;C:\Users\quock\.m2\repository\org\apache\xmlbeans\xmlbeans\5.2.0\xmlbeans-5.2.0.jar;C:\Users\quock\.m2\repository\org\apache\commons\commons-compress\1.25.0\commons-compress-1.25.0.jar;C:\Users\quock\.m2\repository\commons-io\commons-io\2.15.0\commons-io-2.15.0.jar;C:\Users\quock\.m2\repository\com\github\virtuald\curvesapi\1.08\curvesapi-1.08.jar;C:\Users\quock\.m2\repository\org\apache\logging\log4j\log4j-api\2.21.1\log4j-api-2.21.1.jar;C:\Users\quock\.m2\repository\org\apache\commons\commons-collections4\4.4\commons-collections4-4.4.jar;C:\Users\quock\.m2\repository\org\apache\poi\poi\5.2.5\poi-5.2.5.jar;C:\Users\quock\.m2\repository\commons-codec\commons-codec\1.16.0\commons-codec-1.16.0.jar;C:\Users\quock\.m2\repository\org\apache\commons\commons-math3\3.6.1\commons-math3-3.6.1.jar;C:\Users\quock\.m2\repository\com\zaxxer\SparseBitSet\1.3\SparseBitSet-1.3.jar;C:\Users\quock\.m2\repository\com\toedter\jcalendar\1.4\jcalendar-1.4.jar
Launcher Type: SUN_STANDARD

[Global flags]
     intx CICompilerCount                          = 4                                         {product} {ergonomic}
     uint ConcGCThreads                            = 3                                         {product} {ergonomic}
     uint G1ConcRefinementThreads                  = 10                                        {product} {ergonomic}
   size_t G1HeapRegionSize                         = 2097152                                   {product} {ergonomic}
   size_t InitialHeapSize                          = 257949696                                 {product} {ergonomic}
   size_t MarkStackSize                            = 4194304                                   {product} {ergonomic}
   size_t MarkStackSizeMax                         = 536870912                                 {product} {ergonomic}
   size_t MaxHeapSize                              = 4123000832                                {product} {ergonomic}
   size_t MaxNewSize                               = 2472542208                                {product} {ergonomic}
   size_t MinHeapDeltaBytes                        = 2097152                                   {product} {ergonomic}
   size_t MinHeapSize                              = 8388608                                   {product} {ergonomic}
    uintx NonNMethodCodeHeapSize                   = 5832704                                {pd product} {ergonomic}
    uintx NonProfiledCodeHeapSize                  = 122945536                              {pd product} {ergonomic}
    uintx ProfiledCodeHeapSize                     = 122880000                              {pd product} {ergonomic}
    uintx ReservedCodeCacheSize                    = 251658240                              {pd product} {ergonomic}
     bool SegmentedCodeCache                       = true                                      {product} {ergonomic}
   size_t SoftMaxHeapSize                          = 4123000832                             {manageable} {ergonomic}
     bool UseCompressedOops                        = true                           {product lp64_product} {ergonomic}
     bool UseG1GC                                  = true                                      {product} {ergonomic}
     bool UseLargePagesIndividualAllocation        = false                                  {pd product} {ergonomic}

Logging:
Log output configuration:
 #0: stdout all=warning uptime,level,tags foldmultilines=false
 #1: stderr all=off uptime,level,tags foldmultilines=false

Environment Variables:
JAVA_HOME=C:\Program Files\Apache NetBeans\jdk
PATH=D:\SGU\2025-2026_HK1\KiemThuPhanMem\dbhomeXE\bin;C:\Program Files\Java\jdk-21.0.2\bin;C:\WINDOWS\system32;C:\WINDOWS;C:\WINDOWS\System32\Wbem;C:\WINDOWS\System32\WindowsPowerShell\v1.0\;C:\WINDOWS\System32\OpenSSH\;C:\Program Files\dotnet\;C:\Program Files\Git\cmd;C:\Program Files\Azure Data Studio\bin;C:\Program Files (x86)\Microsoft SQL Server\160\Tools\Binn\;C:\Program Files\Microsoft SQL Server\160\Tools\Binn\;C:\Program Files\Microsoft SQL Server\Client SDK\ODBC\170\Tools\Binn\;C:\Program Files\Microsoft SQL Server\160\DTS\Binn\;C:\Program Files\CMake\bin;C:\Ninja;D:\Visual Studio\VC\Tools\MSVC\14.42.34433\bin\Hostx64\x64\cl.exe;C:\path\to\vcpkg;C:\Program Files\Cloudflare\Cloudflare WARP\;C:\Program Files\nodejs\;C:\ProgramData\ComposerSetup\bin;C:\Program Files\apache-maven-3.9.11\bin;C:\Users\quock\AppData\Local\Microsoft\WindowsApps;C:\Users\quock\.dotnet\tools;C:\Users\quock\AppData\Local\Programs\Microsoft VS Code\bin;C:\msys64\ucrt64\bin;C:\Program Files\Azure Data Studio\bin;C:\xampp\php;D:\Downloads\maven-mvnd-1.0.2-windows-amd64;C:\Users\quock\AppData\Roaming\npm;C:\Users\quock\AppData\Roaming\Composer\vendor\bin;
USERNAME=quock
OS=Windows_NT
PROCESSOR_IDENTIFIER=AMD64 Family 25 Model 80 Stepping 0, AuthenticAMD
TMP=C:\Users\quock\AppData\Local\Temp
TEMP=C:\Users\quock\AppData\Local\Temp




Periodic native trim disabled

---------------  S Y S T E M  ---------------

OS:
 Windows 11 , 64 bit Build 26100 (10.0.26100.7920)
OS uptime: 0 days 5:44 hours
Hyper-V role detected

CPU: total 12 (initial active 12) (12 cores per cpu, 2 threads per core) family 25 model 80 stepping 0 microcode 0xa500014, cx8, cmov, fxsr, ht, mmx, 3dnowpref, sse, sse2, sse3, ssse3, sse4a, sse4.1, sse4.2, popcnt, lzcnt, tsc, tscinvbit, avx, avx2, aes, erms, clmul, bmi1, bmi2, adx, sha, fma, vzeroupper, clflush, clflushopt, hv, rdtscp, rdpid, fsrm, f16c, cet_ss
Processor Information for processor 0
  Max Mhz: 2301, Current Mhz: 2301, Mhz Limit: 2301
Processor Information for processor 1
  Max Mhz: 2301, Current Mhz: 2010, Mhz Limit: 2301
Processor Information for processor 2
  Max Mhz: 2301, Current Mhz: 2010, Mhz Limit: 2301
Processor Information for processor 3
  Max Mhz: 2301, Current Mhz: 2010, Mhz Limit: 2301
Processor Information for processor 4
  Max Mhz: 2301, Current Mhz: 2010, Mhz Limit: 2301
Processor Information for processor 5
  Max Mhz: 2301, Current Mhz: 2301, Mhz Limit: 2301
Processor Information for processor 6
  Max Mhz: 2301, Current Mhz: 2010, Mhz Limit: 2301
Processor Information for processor 7
  Max Mhz: 2301, Current Mhz: 2010, Mhz Limit: 2301
Processor Information for processor 8
  Max Mhz: 2301, Current Mhz: 2010, Mhz Limit: 2301
Processor Information for processor 9
  Max Mhz: 2301, Current Mhz: 2010, Mhz Limit: 2301
Processor Information for processor 10
  Max Mhz: 2301, Current Mhz: 2010, Mhz Limit: 2301
Processor Information for processor 11
  Max Mhz: 2301, Current Mhz: 2010, Mhz Limit: 2301

Memory: 4k page, system-wide physical 15720M (5954M free)
TotalPageFile size 43065M (AvailPageFile size 11M)
current process WorkingSet (physical memory assigned to process): 125M, peak: 127M
current process commit charge ("private bytes"): 419M, peak: 424M

vm_info: OpenJDK 64-Bit Server VM (24.0.2+12) for windows-amd64 JRE (24.0.2+12) (Zulu24.32+13-CA), built on 2025-07-11T12:45:44Z with MS VC++ 17.1 (VS2022)

END.
